【14:10:02】      message = 获取宿舍信息出错 , exception = error:1
【23:08:17】      message = 程序已注销 请重新创建实例 
【23:09:29】      message = 程序已注销 请重新创建实例 
【23:09:54】      message =  自动分享获取30钻石 
【23:44:47】      message = 获取新人形 : xm3 ,意不意外 惊不惊喜 
【00:39:36】      message = 人形强化 ERROR , exception = error:3
【00:39:40】      message = 人形强化 ERROR , exception = error:3
【00:39:44】      message = 人形强化 ERROR , exception = error:3
【00:39:49】      message = 人形强化 ERROR , exception = error:3
【00:39:55】      message = 人形强化 ERROR , exception = error:3
【00:39:59】      message = 人形强化 ERROR , exception = error:3
【00:40:03】      message = 人形强化 ERROR , exception = error:3
【00:40:08】      message = 人形强化 ERROR , exception = error:3
【00:40:12】      message = 人形强化 ERROR , exception = error:3
【00:40:18】      message = 人形强化 ERROR , exception = error:3
【00:40:22】      message = 人形强化 ERROR , exception = error:3
【00:40:26】      message = 人形强化 ERROR , exception = error:3
【00:40:31】      message = 人形强化 ERROR , exception = error:3
【00:40:35】      message = 人形强化 ERROR , exception = error:3
【00:40:43】      message = 人形强化 ERROR , exception = error:3
【00:40:49】      message = 人形强化 ERROR , exception = error:3
【00:40:56】      message = 人形强化 ERROR , exception = error:3
【00:41:00】      message = 人形强化 ERROR , exception = error:3
【00:41:08】      message = 人形强化 ERROR , exception = error:3
【01:20:20】      message = startTurn Error , exception = error:2
【01:20:37】      message = teamMove Error , exception = error:203|行动点数计算有误
【01:21:22】      message = withdrawTeam Error , exception = error:2
【01:25:03】      message = startTurn Error , exception = error:2
【01:25:06】      message = teamMove Error , exception = error:203|行动点数计算有误
【01:25:20】      message = withdrawTeam Error , exception = error:2
【02:30:50】      message = 获取新人形 : sr-3mp ,意不意外 惊不惊喜 
【02:51:35】      message = startTurn Error , exception = error:2
【02:52:31】      message = teamMove Error , exception = error:203|行动点数计算有误
【02:52:43】      message = withdrawTeam Error , exception = error:2
【03:02:50】      message = startTurn Error , exception = error:2
【03:02:54】      message = teamMove Error , exception = error:203|行动点数计算有误
【03:03:01】      message = withdrawTeam Error , exception = error:2
【03:22:45】      message = startTurn Error , exception = error:2
【03:22:58】      message = teamMove Error , exception = error:203|行动点数计算有误
【03:23:05】      message = withdrawTeam Error , exception = error:2
【03:50:17】      message = 战斗任务结束,获得 人力 0 子弹 0 口粮 0 零件 0 初级资料 0 中级资料 0 高级资料 0 人形 0 
【03:56:49】      message = 人形强化 ERROR , exception = error:3
【03:56:53】      message = 人形强化 ERROR , exception = error:3
【03:56:57】      message = 人形强化 ERROR , exception = error:3
【03:57:13】      message = 人形强化 ERROR , exception = error:3
【03:57:18】      message = 人形强化 ERROR , exception = error:3
【03:57:21】      message = 人形强化 ERROR , exception = error:3
【03:57:27】      message = 人形强化 ERROR , exception = error:3
【03:57:31】      message = 人形强化 ERROR , exception = error:3
【03:57:35】      message = 人形强化 ERROR , exception = error:3
【03:57:42】      message = 人形强化 ERROR , exception = error:3
【03:57:46】      message = 人形强化 ERROR , exception = error:3
【03:57:50】      message = 人形强化 ERROR , exception = error:3
【03:57:54】      message = 人形强化 ERROR , exception = error:3
【03:58:00】      message = 人形强化 ERROR , exception = error:3
【03:58:04】      message = 人形强化 ERROR , exception = error:3
【03:58:08】      message = 人形强化 ERROR , exception = error:3
【03:58:12】      message = 人形强化 ERROR , exception = error:3
【04:49:55】      message = 战斗任务结束,获得 人力 0 子弹 0 口粮 0 零件 0 初级资料 0 中级资料 0 高级资料 0 人形 0 
