【00:22:01】      message = 终止作战 , exception = 
【00:23:52】      message = endEnemyTurn Error , exception = error:2
【00:23:55】      message = startTurn Error , exception = error:2
【00:23:59】      message = teamMove Error , exception = error:203|行動ポイント計算エラー
【00:24:09】      message = teamMove Error , exception = error:203|行動ポイント計算エラー
【00:27:38】      message = 获取UserInfo失败 , exception = 
【00:27:40】      message = 程序已注销 请重新创建实例 
【00:27:54】      message = 终止作战 , exception = 
【00:29:35】      message = Rabbit E3 成功 
【00:30:45】      message = Rabbit E3 成功 
【00:31:54】      message = Rabbit E3 成功 
【00:33:18】      message = Rabbit E3 成功 
【00:34:31】      message = Rabbit E3 成功 
【00:35:40】      message = Rabbit E3 成功 
【00:37:03】      message = Rabbit E3 成功 
【00:38:20】      message = Rabbit E3 成功 
【00:39:38】      message = Rabbit E3 成功 
【00:40:51】      message = Rabbit E3 成功 
【00:42:15】      message = Rabbit E3 成功 
【00:43:32】      message = Rabbit E3 成功 
【00:44:42】      message = Rabbit E3 成功 
【00:45:51】      message = Rabbit E3 成功 
【00:47:14】      message = Rabbit E3 成功 
【00:48:23】      message = Rabbit E3 成功 
【00:49:41】      message = Rabbit E3 成功 
【00:50:54】      message = Rabbit E3 成功 
【00:52:17】      message = Rabbit E3 成功 
【00:53:30】      message = Rabbit E3 成功 
【00:54:44】      message = Rabbit E3 成功 
【00:56:01】      message = Rabbit E3 成功 
【00:57:25】      message = Rabbit E3 成功 
【00:58:39】      message = Rabbit E3 成功 
【00:59:53】      message = Rabbit E3 成功 
【01:01:16】      message = Rabbit E3 成功 
【01:02:22】      message = Rabbit E3 成功 
【01:03:36】      message = Rabbit E3 成功 
【01:04:57】      message = Rabbit E3 成功 
【01:06:23】      message = Rabbit E3 成功 
【01:07:41】      message = Rabbit E3 成功 
【01:08:58】      message = Rabbit E3 成功 
【01:10:11】      message = Rabbit E3 成功 
【01:11:37】      message = Rabbit E3 成功 
【01:12:51】      message = Rabbit E3 成功 
【01:14:12】      message = Rabbit E3 成功 
【01:15:26】      message = Rabbit E3 成功 
【01:16:49】      message = Rabbit E3 成功 
【01:18:03】      message = Rabbit E3 成功 
【01:19:17】      message = Rabbit E3 成功 
【01:20:37】      message = Rabbit E3 成功 
【01:21:57】      message = Rabbit E3 成功 
【01:23:06】      message = Rabbit E3 成功 
【01:24:23】      message = Rabbit E3 成功 
【01:25:42】      message = Rabbit E3 成功 
【01:26:56】      message = Rabbit E3 成功 
【01:28:14】      message = Rabbit E3 成功 
【01:29:31】      message = Rabbit E3 成功 
【01:30:47】      message = Rabbit E3 成功 
【01:31:57】      message = Rabbit E3 成功 
【01:33:10】      message = Rabbit E3 成功 
【01:34:19】      message = Rabbit E3 成功 
【01:35:41】      message = Rabbit E3 成功 
【01:36:59】      message = Rabbit E3 成功 
【01:38:13】      message = Rabbit E3 成功 
【01:39:33】      message = Rabbit E3 成功 
【01:40:46】      message = Rabbit E3 成功 
【01:42:04】      message = Rabbit E3 成功 
【01:43:17】      message = Rabbit E3 成功 
【01:44:33】      message = Rabbit E3 成功 
【01:45:50】      message = Rabbit E3 成功 
【01:47:03】      message = Rabbit E3 成功 
【01:48:13】      message = Rabbit E3 成功 
【01:49:41】      message = Rabbit E3 成功 
【01:50:54】      message = Rabbit E3 成功 
【01:52:03】      message = Rabbit E3 成功 
【01:53:13】      message = Rabbit E3 成功 
【01:54:34】      message = Rabbit E3 成功 
【01:55:44】      message = Rabbit E3 成功 
【01:57:01】      message = Rabbit E3 成功 
【01:58:10】      message = Rabbit E3 成功 
【01:59:20】      message = Rabbit E3 成功 
【02:00:32】      message = 奖励获取 battle_get_prize  
【02:00:33】      message = Rabbit E3 成功 
【02:01:53】      message = 奖励获取 battle_get_prize  
【02:01:54】      message = Rabbit E3 成功 
【02:03:05】      message = Rabbit E3 成功 
【02:04:18】      message = Rabbit E3 成功 
【02:05:28】      message = Rabbit E3 成功 
【02:06:52】      message = Rabbit E3 成功 
【02:08:05】      message = Rabbit E3 成功 
【02:09:27】      message = Rabbit E3 成功 
【02:10:48】      message = Rabbit E3 成功 
【02:12:13】      message = Rabbit E3 成功 
【02:13:22】      message = Rabbit E3 成功 
【02:14:39】      message = Rabbit E3 成功 
【02:15:52】      message = Rabbit E3 成功 
【02:17:13】      message = Rabbit E3 成功 
【02:18:30】      message = Rabbit E3 成功 
【02:19:44】      message = Rabbit E3 成功 
【02:20:57】      message = Rabbit E3 成功 
【02:22:26】      message = Rabbit E3 成功 
【02:23:35】      message = Rabbit E3 成功 
【02:24:52】      message = Rabbit E3 成功 
【02:26:15】      message = Rabbit E3 成功 
【02:27:28】      message = Rabbit E3 成功 
【02:28:38】      message = Rabbit E3 成功 
【02:29:58】      message = Rabbit E3 成功 
【02:31:15】      message = Rabbit E3 成功 
【02:32:34】      message = Rabbit E3 成功 
【02:33:51】      message = Rabbit E3 成功 
【02:35:19】      message = Rabbit E3 成功 
【02:36:41】      message = Rabbit E3 成功 
【02:37:59】      message = Rabbit E3 成功 
【02:39:17】      message = Rabbit E3 成功 
【02:40:30】      message = Rabbit E3 成功 
【02:41:54】      message = Rabbit E3 成功 
【02:41:55】      message = 战斗任务结束,获得 人力 0 子弹 0 口粮 0 零件 0 初级资料 0 中级资料 0 高级资料 0 人形 0 
【23:48:55】      message = 程序已注销 请重新创建实例 
【17:12:33】      message =  自动分享获取30钻石 
【17:13:50】      message = 奖励获取 battle_get_prize  
【17:13:51】      message = Rabbit E1 成功 
【17:14:43】      message = 奖励获取 battle_get_prize  
【17:14:44】      message = Rabbit E1 成功 
【17:15:17】      message = 奖励获取 battle_get_prize  
【17:15:20】      message = Rabbit E1 成功 
【17:16:04】      message = 奖励获取 battle_get_prize  
【17:16:05】      message = Rabbit E2 成功 
【17:16:42】      message = 奖励获取 battle_get_prize  
【17:16:44】      message = Rabbit E2 成功 
【17:17:28】      message = 奖励获取 battle_get_prize  
【17:17:30】      message = Rabbit E2 成功 
【17:18:43】      message = 奖励获取 battle_get_prize  
【17:18:44】      message = Rabbit E3 成功 
【17:20:14】      message = 奖励获取 battle_get_prize  
【17:20:15】      message = Rabbit E3 成功 
【17:22:22】      message = 奖励获取 battle_get_prize  
【17:22:22】      message = Rabbit E4 成功 
【17:24:37】      message = 奖励获取 battle_get_prize  
【17:24:37】      message = Rabbit E4 成功 
【17:24:38】      message = 战斗任务结束,获得 人力 0 子弹 0 口粮 0 零件 0 初级资料 0 中级资料 0 高级资料 0 人形 0 
【18:03:00】      message = -----------获取好友电池信息------------ 
【18:04:17】      message =  我在丛中笑 宿舍 电池数 10 
【18:04:17】      message =  昊天心晴 宿舍 电池数 10 
【18:04:17】      message =  嶺上律菜 宿舍 电池数 10 
【18:04:17】      message =  Yagami 宿舍 电池数 10 
【18:04:17】      message =  SSGTR 宿舍 电池数 9 
【18:04:17】      message =  もりそばx 宿舍 电池数 8 
【18:04:17】      message =  琪露诺 宿舍 电池数 7 
【18:04:17】      message =  らくち 宿舍 电池数 7 
【18:04:17】      message =  衛宮きりたん 宿舍 电池数 6 
【18:04:17】      message =  聖桜 宿舍 电池数 4 
【18:04:17】      message =  nazojam 宿舍 电池数 4 
【18:04:17】      message =  arx8 宿舍 电池数 4 
【18:04:17】      message =  罗克萨特 宿舍 电池数 3 
【18:04:17】      message =  子欲歌 宿舍 电池数 3 
【18:04:17】      message =  DespairAll 宿舍 电池数 3 
【18:04:17】      message =  和風流乙 宿舍 电池数 3 
【18:04:17】      message =  れんす 宿舍 电池数 3 
【18:04:17】      message =  アスト 宿舍 电池数 3 
【18:04:17】      message =  アカフク 宿舍 电池数 3 
【18:04:17】      message =  あらがっきー 宿舍 电池数 3 
【18:04:17】      message =  亜流斗 宿舍 电池数 3 
【18:04:17】      message =  黑原静宫 宿舍 电池数 2 
【18:04:17】      message =  篝之雾枝 宿舍 电池数 2 
【18:04:17】      message =  衛藤可奈美 宿舍 电池数 2 
【18:04:17】      message =  よよよ893 宿舍 电池数 2 
【18:04:17】      message =  鏡夜鏡月 宿舍 电池数 2 
【18:04:17】      message =  MIjo 宿舍 电池数 2 
【18:04:17】      message =  紅春香 宿舍 电池数 2 
【18:04:17】      message =  チェリオ将軍 宿舍 电池数 2 
【18:04:17】      message =  フリー風 宿舍 电池数 2 
【18:04:17】      message =  -----------展示好友电池信息(31)------------ 
【18:04:17】      message =  获取好友 我在丛中笑 电池 数量 10 
【18:04:19】      message =  获取好友 昊天心晴 电池 数量 10 
【18:04:22】      message =  获取好友 嶺上律菜 电池 数量 10 
【18:04:24】      message =  获取好友 Yagami 电池 数量 10 
【18:04:27】      message =  获取好友 SSGTR 电池 数量 9 
【18:04:29】      message =  获取好友 もりそばx 电池 数量 8 
【18:04:32】      message =  获取好友 琪露诺 电池 数量 7 
【18:04:34】      message =  获取好友 らくち 电池 数量 7 
【18:04:37】      message =  获取好友 衛宮きりたん 电池 数量 6 
【18:04:39】      message =  获取好友 聖桜 电池 数量 4 
【21:09:40】      message = 程序已注销 请重新创建实例 
