【01:25:15】      message = 数字天空登陆 , exception = 
【01:25:16】      message = 获取时间信息 , exception = 
【01:25:16】      message = 获取Sign , exception = 
【01:25:18】      message = 获取UserInfo , exception = 
【01:25:23】      message = 签到 , exception = 
【01:25:23】      message = 查询新邮件 , exception = 
【01:25:39】      message = 数字天空登陆 , exception = 
【01:25:40】      message = 获取时间信息 , exception = 
【01:25:40】      message = 获取Sign , exception = 
【01:25:41】      message = 获取UserInfo , exception = 
【01:25:48】      message = 签到 , exception = 
【01:25:48】      message = 查询新邮件 , exception = 
【01:25:54】      message = 数字天空登陆 , exception = 
【01:25:55】      message = 获取时间信息 , exception = 
【01:25:55】      message = 获取Sign , exception = 
【01:25:56】      message = 获取UserInfo , exception = 
【01:25:59】      message = 签到 , exception = 
【01:25:59】      message = 查询新邮件 , exception = 
【01:26:00】      message = 兎兎丸 无法开始作战任务，请登陆游戏检查 
【01:26:00】      message = mapctbox 完成 
【01:31:17】      message = 数字天空登陆 , exception = 
【01:31:18】      message = 获取时间信息 , exception = 
【01:31:19】      message = 获取Sign , exception = 
【01:31:20】      message = 获取UserInfo , exception = 
【01:31:23】      message = 签到 , exception = 
【01:31:23】      message = 查询新邮件 , exception = 
【01:31:41】      message = 数字天空登陆 , exception = 
【01:31:42】      message = 获取时间信息 , exception = 
【01:31:42】      message = 获取Sign , exception = 
【01:31:43】      message = 获取UserInfo , exception = 
【01:31:48】      message = 签到 , exception = 
【01:31:48】      message = 查询新邮件 , exception = 
【01:31:50】      message = 兎兎丸 无法开始作战任务，请登陆游戏检查 
【01:31:50】      message = mapctbox 完成 
【01:31:52】      message = 人形 : 74601532 扩编 
【01:35:02】      message = 数字天空登陆 , exception = 
【01:35:03】      message = 获取时间信息 , exception = 
【01:35:03】      message = 获取Sign , exception = 
【01:35:04】      message = 获取UserInfo , exception = 
【01:35:18】      message = 签到 , exception = 
【01:35:18】      message = 查询新邮件 , exception = 
【02:21:44】      message = 数字天空登陆 , exception = 
【02:21:45】      message = 获取时间信息 , exception = 
【02:21:46】      message = 获取Sign , exception = 
【02:21:46】      message = 获取UserInfo , exception = 
【02:21:50】      message = 签到 , exception = 
【02:21:50】      message = 查询新邮件 , exception = 
【02:25:46】      message = 数字天空登陆 , exception = 
【02:25:47】      message = 获取时间信息 , exception = 
【02:25:47】      message = 获取Sign , exception = 
【02:25:48】      message = 获取UserInfo , exception = 
【02:25:53】      message = 签到 , exception = 
【02:25:53】      message = 查询新邮件 , exception = 
【02:26:11】      message = 数字天空登陆 , exception = 
【02:26:11】      message = 获取时间信息 , exception = 
【02:26:12】      message = 获取Sign , exception = 
【02:26:13】      message = 获取UserInfo , exception = 
【02:26:16】      message = 签到 , exception = 
【02:26:16】      message = 查询新邮件 , exception = 
【02:26:17】      message = 兎兎丸 无法开始作战任务，请登陆游戏检查 
【02:26:17】      message = mapctbox 完成 
【02:35:02】      message = 数字天空登陆 , exception = 
【02:35:03】      message = 获取时间信息 , exception = 
【02:35:03】      message = 获取Sign , exception = 
【02:35:04】      message = 获取UserInfo , exception = 
【02:35:09】      message = 签到 , exception = 
【02:35:09】      message = 查询新邮件 , exception = 
