【19:16:21】      message = 数字天空登陆 , exception = 
【19:16:21】      message = 获取时间信息 , exception = 
【19:16:22】      message = 获取Sign , exception = 
【19:16:23】      message = 获取UserInfo , exception = 
【19:16:30】      message = 签到 , exception = 
【19:16:30】      message = 查询新邮件 , exception = 
【19:17:57】      message = 人形 : 23705551 扩编 
【19:32:59】      message = 人形强化 ERROR , exception = error:3
【19:33:03】      message = 人形强化 ERROR , exception = error:3
【19:34:58】      message = 获取新人形 : xm3 ,意不意外 惊不惊喜 
【19:35:15】      message = 数字天空登陆 , exception = 
【19:35:15】      message = 获取时间信息 , exception = 
【19:35:16】      message = 获取Sign , exception = 
【19:35:17】      message = 获取UserInfo , exception = 
【19:35:24】      message = 签到 , exception = 
【19:35:24】      message = 查询新邮件 , exception = 
【20:00:09】      message = 人形 : 23705551 扩编 
【20:03:50】      message = startTurn Error , exception = error:2
【20:03:56】      message = teamMove Error , exception = error:203|行动点数计算有误
【20:04:03】      message = withdrawTeam Error , exception = error:2
【20:05:54】      message = 人形强化 ERROR , exception = error:3
【20:06:04】      message = 人形强化 ERROR , exception = error:3
【20:13:24】      message = 人形强化 ERROR , exception = error:3
【20:13:28】      message = 人形强化 ERROR , exception = error:3
【20:14:33】      message = 人形 : 32176094 扩编 
【20:28:48】      message = 人形强化 ERROR , exception = error:3
【20:28:52】      message = 人形强化 ERROR , exception = error:3
【20:35:43】      message = 数字天空登陆 , exception = 
【20:35:44】      message = 获取时间信息 , exception = 
【20:35:45】      message = 获取Sign , exception = 
【20:35:45】      message = 获取UserInfo , exception = 
【20:35:49】      message = 签到 , exception = 
【20:35:49】      message = 查询新邮件 , exception = 
【20:39:57】      message = 人形 : 32176094 扩编 
【20:50:55】      message = 人形强化 ERROR , exception = error:3
【20:50:59】      message = 人形强化 ERROR , exception = error:3
