【23:05:09】      message = 数字天空登陆 , exception = 
【23:05:10】      message = 获取时间信息 , exception = 
【23:05:11】      message = 获取Sign , exception = 
【23:05:15】      message = 获取UserInfo , exception = 
【23:05:17】      message = 签到 , exception = 
【23:05:17】      message = 查询新邮件 , exception = 
【23:05:21】      message = 终止作战 , exception = 
【23:32:46】      message = 数字天空登陆 , exception = 
【23:32:47】      message = 获取时间信息 , exception = 
【23:32:48】      message = 获取Sign , exception = 
【23:32:49】      message = 获取UserInfo , exception = 
【23:32:54】      message = 签到 , exception = 
【23:32:54】      message = 查询新邮件 , exception = 
【23:33:04】      message = 终止作战 , exception = 
【23:33:37】      message = 数字天空登陆 , exception = 
【23:33:39】      message = 获取时间信息 , exception = 
【23:33:40】      message = 获取Sign , exception = 
【23:33:41】      message = 获取UserInfo , exception = 
【23:33:44】      message = 签到 , exception = 
【23:33:44】      message = 查询新邮件 , exception = 
【23:33:44】      message = 终止作战 , exception = 
【23:34:12】      message = 数字天空登陆 , exception = 
【23:34:30】      message = 获取时间信息 , exception = 
【23:35:31】      message = 数字天空登陆 , exception = 
【23:35:35】      message = 获取时间信息 , exception = 
【23:35:36】      message = 获取Sign , exception = 
【23:35:37】      message = 获取UserInfo , exception = 
【23:35:48】      message = 签到 , exception = 
【23:35:48】      message = 查询新邮件 , exception = 
【23:35:49】      message = 终止作战 , exception = 
【03:09:16】      message = 数字天空登陆 , exception = 
【03:09:17】      message = 获取时间信息 , exception = 
【03:09:18】      message = 获取Sign , exception = 
【03:09:19】      message = 获取UserInfo , exception = 
【03:09:21】      message = 签到 , exception = 
【03:09:21】      message = 查询新邮件 , exception = 
【03:09:22】      message = 终止作战 , exception = 
【20:08:03】      message = 数字天空登陆 , exception = 
【20:08:04】      message = 获取时间信息 , exception = 
【20:08:05】      message = 获取Sign , exception = 
【20:08:06】      message = 获取UserInfo , exception = 
【20:08:08】      message = 签到 , exception = 
【20:08:08】      message = 查询新邮件 , exception = 
【20:08:09】      message = 终止作战 , exception = 
【20:10:59】      message = 数字天空登陆 , exception = 
【20:11:00】      message = 获取时间信息 , exception = 
【20:11:01】      message = 获取Sign , exception = 
【20:11:02】      message = 获取UserInfo , exception = 
【20:11:04】      message = 签到 , exception = 
【20:11:04】      message = 查询新邮件 , exception = 
【20:11:05】      message = 终止作战 , exception = 
【20:15:14】      message = 数字天空登陆 , exception = 
【20:15:15】      message = 获取时间信息 , exception = 
【20:15:16】      message = 获取Sign , exception = 
【20:15:17】      message = 获取UserInfo , exception = 
【20:15:19】      message = 签到 , exception = 
【20:15:19】      message = 查询新邮件 , exception = 
【20:15:19】      message = 终止作战 , exception = 
【20:20:32】      message = 数字天空登陆 , exception = 
【20:20:34】      message = 获取时间信息 , exception = 
【20:20:34】      message = 获取Sign , exception = 
【20:20:35】      message = 获取UserInfo , exception = 
【20:20:37】      message = 签到 , exception = 
【20:20:37】      message = 查询新邮件 , exception = 
【20:20:38】      message = 终止作战 , exception = 
【20:22:44】      message = 数字天空登陆 , exception = 
【20:22:45】      message = 获取时间信息 , exception = 
【20:22:46】      message = 获取Sign , exception = 
【20:22:47】      message = 获取UserInfo , exception = 
【20:22:52】      message = 签到 , exception = 
【20:22:52】      message = 查询新邮件 , exception = 
【20:22:56】      message = 终止作战 , exception = 
【20:23:58】      message = 数字天空登陆 , exception = 
【20:24:02】      message = 获取时间信息 , exception = 
【20:24:02】      message = 获取Sign , exception = 
【20:24:03】      message = 获取UserInfo , exception = 
【20:24:05】      message = 签到 , exception = 
【20:24:05】      message = 查询新邮件 , exception = 
【20:24:06】      message = 终止作战 , exception = 
【23:40:46】      message = 数字天空登陆 , exception = 
【23:40:47】      message = 获取时间信息 , exception = 
【23:40:57】      message = 获取Sign , exception = 
【23:41:01】      message = 获取UserInfo , exception = 
【23:41:04】      message = 签到 , exception = 
【23:41:04】      message = 查询新邮件 , exception = 
【23:41:07】      message = 终止作战 , exception = 
【23:42:06】      message = 数字天空登陆 , exception = 
【23:42:07】      message = 获取时间信息 , exception = 
【23:42:08】      message = 获取Sign , exception = 
【23:42:08】      message = 获取UserInfo , exception = 
【23:42:11】      message = 签到 , exception = 
【23:42:11】      message = 查询新邮件 , exception = 
【23:42:11】      message = 终止作战 , exception = 
【23:49:29】      message = 数字天空登陆 , exception = 
【23:49:30】      message = 获取时间信息 , exception = 
【23:49:32】      message = 获取Sign , exception = 
【23:49:33】      message = 获取UserInfo , exception = 
【23:49:38】      message = 签到 , exception = 
【23:49:38】      message = 查询新邮件 , exception = 
【23:49:39】      message = 终止作战 , exception = 
【23:51:43】      message = 数字天空登陆 , exception = 
【23:51:44】      message = 获取时间信息 , exception = 
【23:51:45】      message = 获取Sign , exception = 
【23:51:46】      message = 获取UserInfo , exception = 
【23:51:48】      message = 签到 , exception = 
【23:51:48】      message = 查询新邮件 , exception = 
【23:51:48】      message = 终止作战 , exception = 
【23:54:51】      message = 数字天空登陆 , exception = 
【23:54:52】      message = 获取时间信息 , exception = 
【23:54:53】      message = 获取Sign , exception = 
【23:54:54】      message = 获取UserInfo , exception = 
【23:54:59】      message = 签到 , exception = 
【23:54:59】      message = 查询新邮件 , exception = 
【23:54:59】      message = 终止作战 , exception = 
【23:57:41】      message = 数字天空登陆 , exception = 
【23:57:42】      message = 获取时间信息 , exception = 
【23:57:46】      message = 获取Sign , exception = 
【23:57:47】      message = 获取UserInfo , exception = 
【23:57:49】      message = 签到 , exception = 
【23:57:49】      message = 查询新邮件 , exception = 
【23:57:50】      message = 终止作战 , exception = 
【00:04:56】      message = 数字天空登陆 , exception = 
【00:04:57】      message = 获取时间信息 , exception = 
【00:04:58】      message = 获取Sign , exception = 
【00:05:00】      message = 获取UserInfo , exception = 
【00:05:02】      message = 签到 , exception = 
【00:05:02】      message = 查询新邮件 , exception = 
【00:05:02】      message = 终止作战 , exception = 
【00:10:53】      message = 数字天空登陆 , exception = 
【00:10:54】      message = 获取时间信息 , exception = 
【00:10:55】      message = 获取Sign , exception = 
【00:10:56】      message = 获取UserInfo , exception = 
【00:10:58】      message = 签到 , exception = 
【00:10:58】      message = 查询新邮件 , exception = 
【00:10:59】      message = 终止作战 , exception = 
【00:20:08】      message = 数字天空登陆 , exception = 
【00:20:09】      message = 获取时间信息 , exception = 
【00:20:09】      message = 获取Sign , exception = 
【00:20:10】      message = 获取UserInfo , exception = 
【00:20:12】      message = 签到 , exception = 
【00:20:12】      message = 查询新邮件 , exception = 
【00:20:13】      message = 终止作战 , exception = 
【00:25:18】      message = 数字天空登陆 , exception = 
【00:25:21】      message = 获取时间信息 , exception = 
【00:25:21】      message = 获取Sign , exception = 
【00:25:31】      message = 获取UserInfo , exception = 
【00:25:33】      message = 签到 , exception = 
【00:25:33】      message = 查询新邮件 , exception = 
【00:25:37】      message = 终止作战 , exception = 
【00:30:33】      message = 数字天空登陆 , exception = 
【00:30:34】      message = 获取时间信息 , exception = 
【00:30:35】      message = 获取Sign , exception = 
【00:30:39】      message = 获取UserInfo , exception = 
【00:30:42】      message = 签到 , exception = 
【00:30:42】      message = 查询新邮件 , exception = 
【00:30:43】      message = 终止作战 , exception = 
【00:32:20】      message = 数字天空登陆 , exception = 
【00:32:21】      message = 获取时间信息 , exception = 
【00:32:22】      message = 获取Sign , exception = 
【00:32:23】      message = 获取UserInfo , exception = 
【00:32:25】      message = 签到 , exception = 
【00:32:25】      message = 查询新邮件 , exception = 
【00:32:26】      message = 终止作战 , exception = 
【00:36:43】      message = 数字天空登陆 , exception = 
【00:36:44】      message = 获取时间信息 , exception = 
【00:36:45】      message = 获取Sign , exception = 
【00:36:46】      message = 获取UserInfo , exception = 
【00:36:48】      message = 签到 , exception = 
【00:36:48】      message = 查询新邮件 , exception = 
【00:36:49】      message = 终止作战 , exception = 
【00:37:29】      message = 数字天空登陆 , exception = 
【00:37:30】      message = 获取时间信息 , exception = 
【00:37:30】      message = 获取Sign , exception = 
【00:37:33】      message = 获取UserInfo , exception = 
【00:37:39】      message = 签到 , exception = 
【00:37:39】      message = 查询新邮件 , exception = 
【00:37:39】      message = 终止作战 , exception = 
【00:39:52】      message = 数字天空登陆 , exception = 
【00:39:53】      message = 获取时间信息 , exception = 
【00:39:54】      message = 获取Sign , exception = 
【00:39:58】      message = 获取UserInfo , exception = 
【00:40:03】      message = 签到 , exception = 
【00:40:03】      message = 查询新邮件 , exception = 
【00:40:04】      message = 终止作战 , exception = 
【00:41:52】      message = 数字天空登陆 , exception = 
【00:41:53】      message = 获取时间信息 , exception = 
【00:41:54】      message = 获取Sign , exception = 
【00:41:55】      message = 获取UserInfo , exception = 
【00:41:58】      message = 签到 , exception = 
【00:41:58】      message = 查询新邮件 , exception = 
【00:41:58】      message = 终止作战 , exception = 
【00:45:32】      message = 数字天空登陆 , exception = 
【00:45:33】      message = 获取时间信息 , exception = 
【00:45:34】      message = 获取Sign , exception = 
【00:45:35】      message = 获取UserInfo , exception = 
【00:45:37】      message = 签到 , exception = 
【00:45:37】      message = 查询新邮件 , exception = 
【00:45:38】      message = 终止作战 , exception = 
【00:47:44】      message = 数字天空登陆 , exception = 
【00:47:45】      message = 获取时间信息 , exception = 
【00:47:46】      message = 获取Sign , exception = 
【00:47:46】      message = 获取UserInfo , exception = 
【00:47:49】      message = 签到 , exception = 
【00:47:49】      message = 查询新邮件 , exception = 
【00:47:49】      message = 终止作战 , exception = 
【00:51:00】      message = 数字天空登陆 , exception = 
【00:51:01】      message = 获取时间信息 , exception = 
【00:51:02】      message = 获取Sign , exception = 
【00:51:03】      message = 获取UserInfo , exception = 
【00:51:05】      message = 签到 , exception = 
【00:51:05】      message = 查询新邮件 , exception = 
【00:51:06】      message = 终止作战 , exception = 
【00:54:01】      message = 数字天空登陆 , exception = 
【00:54:02】      message = 获取时间信息 , exception = 
【00:54:03】      message = 获取Sign , exception = 
【00:54:04】      message = 获取UserInfo , exception = 
【00:54:06】      message = 签到 , exception = 
【00:54:06】      message = 查询新邮件 , exception = 
【00:54:07】      message = 终止作战 , exception = 
【00:56:20】      message = 数字天空登陆 , exception = 
【00:56:21】      message = 获取时间信息 , exception = 
【00:56:21】      message = 获取Sign , exception = 
【00:56:22】      message = 获取UserInfo , exception = 
【00:56:25】      message = 签到 , exception = 
【00:56:25】      message = 查询新邮件 , exception = 
【00:56:25】      message = 终止作战 , exception = 
【01:00:06】      message = 数字天空登陆 , exception = 
【01:00:06】      message = 获取时间信息 , exception = 
【01:00:10】      message = 获取Sign , exception = 
【01:00:12】      message = 获取UserInfo , exception = 
【01:00:17】      message = 签到 , exception = 
【01:00:17】      message = 查询新邮件 , exception = 
【01:00:18】      message = 终止作战 , exception = 
【01:05:45】      message = 数字天空登陆 , exception = 
【01:05:46】      message = 获取时间信息 , exception = 
【01:05:47】      message = 获取Sign , exception = 
【01:05:48】      message = 获取UserInfo , exception = 
【01:05:50】      message = 签到 , exception = 
【01:05:50】      message = 查询新邮件 , exception = 
【01:05:50】      message = 终止作战 , exception = 
【01:07:15】      message = 数字天空登陆 , exception = 
【01:07:16】      message = 获取时间信息 , exception = 
【01:07:17】      message = 获取Sign , exception = 
【01:07:21】      message = 获取UserInfo , exception = 
【01:07:23】      message = 签到 , exception = 
【01:07:23】      message = 查询新邮件 , exception = 
【01:07:24】      message = 终止作战 , exception = 
【01:14:55】      message = 数字天空登陆 , exception = 
【01:14:59】      message = 获取时间信息 , exception = 
【01:15:00】      message = 获取Sign , exception = 
【01:15:01】      message = 获取UserInfo , exception = 
【01:15:04】      message = 签到 , exception = 
【01:15:04】      message = 查询新邮件 , exception = 
【01:15:04】      message = 终止作战 , exception = 
【01:39:39】      message = 数字天空登陆 , exception = 
【01:39:40】      message = 获取时间信息 , exception = 
【01:39:41】      message = 获取Sign , exception = 
【01:39:42】      message = 获取UserInfo , exception = 
【01:39:44】      message = 签到 , exception = 
【01:39:44】      message = 查询新邮件 , exception = 
【01:39:45】      message = 终止作战 , exception = 
【01:42:07】      message = 数字天空登陆 , exception = 
【01:42:08】      message = 获取时间信息 , exception = 
【01:42:08】      message = 获取Sign , exception = 
【01:42:09】      message = 获取UserInfo , exception = 
【01:42:11】      message = 签到 , exception = 
【01:42:11】      message = 查询新邮件 , exception = 
【01:42:12】      message = 终止作战 , exception = 
【03:28:27】      message = 数字天空登陆 , exception = 
【03:28:28】      message = 获取时间信息 , exception = 
【03:28:28】      message = 获取Sign , exception = 
【03:28:29】      message = 获取UserInfo , exception = 
【03:28:31】      message = 签到 , exception = 
【03:28:31】      message = 查询新邮件 , exception = 
【03:28:32】      message = 终止作战 , exception = 
【03:36:37】      message = 数字天空登陆 , exception = 
【03:36:38】      message = 获取时间信息 , exception = 
【03:36:39】      message = 获取Sign , exception = 
【03:36:39】      message = 获取UserInfo , exception = 
【03:36:44】      message = 签到 , exception = 
【03:36:44】      message = 查询新邮件 , exception = 
【03:36:45】      message = 终止作战 , exception = 
【03:47:30】      message = 数字天空登陆 , exception = 
【03:47:31】      message = 获取时间信息 , exception = 
【03:47:32】      message = 获取Sign , exception = 
【03:47:33】      message = 获取UserInfo , exception = 
【03:47:35】      message = 签到 , exception = 
【03:47:35】      message = 查询新邮件 , exception = 
【03:47:37】      message = 终止作战 , exception = 
【04:12:42】      message = 数字天空登陆 , exception = 
【04:12:43】      message = 获取时间信息 , exception = 
【04:12:43】      message = 获取Sign , exception = 
【04:12:44】      message = 获取UserInfo , exception = 
【04:12:47】      message = 签到 , exception = 
【04:12:47】      message = 查询新邮件 , exception = 
【04:12:52】      message = 终止作战 , exception = 
【17:11:41】      message = 数字天空登陆 , exception = 
【17:11:42】      message = 获取时间信息 , exception = 
【17:11:45】      message = 获取Sign , exception = 
【17:11:46】      message = 获取UserInfo , exception = 
【17:11:48】      message = 签到 , exception = 
【17:11:48】      message = 查询新邮件 , exception = 
【17:12:37】      message = 数字天空登陆 , exception = 
【17:14:23】      message = 数字天空登陆 , exception = 
【17:14:36】      message = 获取时间信息 , exception = 
【17:14:37】      message = 获取Sign , exception = 
【17:14:41】      message = 获取UserInfo , exception = 
【17:14:43】      message = 签到 , exception = 
【17:14:43】      message = 查询新邮件 , exception = 
【17:14:43】      message = 终止作战 , exception = 
【17:16:45】      message = 数字天空登陆 , exception = 
【17:16:58】      message = 获取时间信息 , exception = 
【17:17:00】      message = 获取Sign , exception = 
【17:17:04】      message = 获取UserInfo , exception = 
【17:17:09】      message = 签到 , exception = 
【17:17:09】      message = 查询新邮件 , exception = 
【17:17:10】      message = 终止作战 , exception = 
