【02:10:07】      message = 获取UserInfo , exception = 
【02:10:09】      message = 签到 , exception = 
【02:10:09】      message = 查询新邮件 , exception = 
【02:10:10】      message = 终止作战 , exception = 
【02:11:16】      message = 6_6BOSS 成功 , exception = 
【02:11:57】      message = 6_6BOSS 成功 , exception = 
【02:12:18】      message = 获取新人形 : sv-98 ,意不意外 惊不惊喜 
【02:12:46】      message = 6_6BOSS 成功 , exception = 
【02:13:27】      message = 6_6BOSS 成功 , exception = 
【02:14:08】      message = 6_6BOSS 成功 , exception = 
【02:15:04】      message = 6_6BOSS 成功 , exception = 
【02:15:45】      message = 6_6BOSS 成功 , exception = 
【02:16:27】      message = 6_6BOSS 成功 , exception = 
【02:16:47】      message = endTurn Error , exception = error:2
【02:16:56】      message = Simulation_battleFinish Error , exception = error:2
【02:16:59】      message = startTurn Error , exception = error:2
【02:17:02】      message = teamMove Error , exception = error:203|行動ポイント計算エラー
【02:17:05】      message = teamMove Error , exception = error:203|行動ポイント計算エラー
【02:17:13】      message = teamMove Error , exception = error:203|行動ポイント計算エラー
【02:17:19】      message = 6_6BOSS 成功 , exception = 
【02:17:23】      message = 获取UserInfo , exception = 
【02:17:25】      message = 签到 , exception = 
【02:17:25】      message = 查询新邮件 , exception = 
【02:17:30】      message = 终止作战 , exception = 
【02:18:10】      message = 6_6BOSS 成功 , exception = 
【02:18:56】      message = 6_6BOSS 成功 , exception = 
【02:19:38】      message = 6_6BOSS 成功 , exception = 
【02:20:19】      message = 6_6BOSS 成功 , exception = 
【02:21:00】      message = 6_6BOSS 成功 , exception = 
【02:21:46】      message = 6_6BOSS 成功 , exception = 
【02:21:52】      message = 人形强化 ERROR , exception = error:3
【02:21:56】      message = 人形强化 ERROR , exception = error:3
【02:22:00】      message = 人形强化 ERROR , exception = error:3
【02:22:03】      message = 人形强化 ERROR , exception = error:3
【02:22:07】      message = 人形强化 ERROR , exception = error:3
【02:22:11】      message = 人形强化 ERROR , exception = error:3
【02:22:15】      message = 人形强化 ERROR , exception = error:3
【02:22:19】      message = 人形强化 ERROR , exception = error:3
【02:22:22】      message = 人形强化 ERROR , exception = error:3
【02:22:26】      message = 人形强化 ERROR , exception = error:3
【02:23:18】      message = 6_6BOSS 成功 , exception = 
【02:23:59】      message = 6_6BOSS 成功 , exception = 
【02:24:40】      message = 6_6BOSS 成功 , exception = 
【02:25:21】      message = 6_6BOSS 成功 , exception = 
【02:26:07】      message = 6_6BOSS 成功 , exception = 
【02:26:51】      message = 6_6BOSS 成功 , exception = 
【02:27:32】      message = 6_6BOSS 成功 , exception = 
【02:28:14】      message = 6_6BOSS 成功 , exception = 
【02:29:00】      message = 6_6BOSS 成功 , exception = 
【02:29:41】      message = 6_6BOSS 成功 , exception = 
【02:30:22】      message = 6_6BOSS 成功 , exception = 
【02:31:04】      message = 6_6BOSS 成功 , exception = 
【02:31:50】      message = 6_6BOSS 成功 , exception = 
【02:31:56】      message = 人形强化 ERROR , exception = error:3
【02:31:59】      message = 人形强化 ERROR , exception = error:3
【02:32:03】      message = 人形强化 ERROR , exception = error:3
【02:32:07】      message = 人形强化 ERROR , exception = error:3
【02:32:11】      message = 人形强化 ERROR , exception = error:3
【02:32:15】      message = 人形强化 ERROR , exception = error:3
【02:32:18】      message = 人形强化 ERROR , exception = error:3
【02:32:22】      message = 人形强化 ERROR , exception = error:3
【02:32:26】      message = 人形强化 ERROR , exception = error:3
【02:32:30】      message = 人形强化 ERROR , exception = error:3
【02:33:21】      message = 6_6BOSS 成功 , exception = 
【02:34:02】      message = 6_6BOSS 成功 , exception = 
【02:34:23】      message = endTurn Error , exception = error:2
【02:34:31】      message = Simulation_battleFinish Error , exception = error:2
【02:34:34】      message = startTurn Error , exception = error:2
【02:34:37】      message = teamMove Error , exception = error:203|行動ポイント計算エラー
【02:34:40】      message = teamMove Error , exception = error:203|行動ポイント計算エラー
【02:34:47】      message = teamMove Error , exception = error:203|行動ポイント計算エラー
【02:34:54】      message = 6_6BOSS 成功 , exception = 
【02:34:57】      message = 获取UserInfo , exception = 
【02:35:00】      message = 签到 , exception = 
【02:35:00】      message = 查询新邮件 , exception = 
【02:35:09】      message = 终止作战 , exception = 
【02:35:49】      message = 6_6BOSS 成功 , exception = 
【02:36:30】      message = 6_6BOSS 成功 , exception = 
【02:37:16】      message = 6_6BOSS 成功 , exception = 
【02:37:57】      message = 6_6BOSS 成功 , exception = 
【02:38:38】      message = 6_6BOSS 成功 , exception = 
【02:39:24】      message = 6_6BOSS 成功 , exception = 
【02:40:06】      message = 6_6BOSS 成功 , exception = 
【02:40:47】      message = 6_6BOSS 成功 , exception = 
【02:41:33】      message = 6_6BOSS 成功 , exception = 
【02:42:16】      message = 6_6BOSS 成功 , exception = 
【02:42:57】      message = 6_6BOSS 成功 , exception = 
【02:43:00】      message = 人形 : 97656 扩编 
【02:43:41】      message = 6_6BOSS 成功 , exception = 
【02:43:44】      message = 人形 : 3373437 扩编 
【02:44:30】      message = 6_6BOSS 成功 , exception = 
【02:45:11】      message = 6_6BOSS 成功 , exception = 
【02:46:04】      message = 6_6BOSS 成功 , exception = 
【02:46:46】      message = 6_6BOSS 成功 , exception = 
【02:47:27】      message = 6_6BOSS 成功 , exception = 
【02:48:08】      message = 6_6BOSS 成功 , exception = 
【02:48:50】      message = 6_6BOSS 成功 , exception = 
【02:49:36】      message = 6_6BOSS 成功 , exception = 
【02:50:17】      message = 6_6BOSS 成功 , exception = 
【02:50:58】      message = 6_6BOSS 成功 , exception = 
