【16:46:58】      message = System.AggregateException: One or more errors occurred. (Invalid token 'False' in input string) ---> LitJson.JsonException: Invalid token 'False' in input string ---> System.Collections.Generic.KeyNotFoundException: The given key '65539' was not present in the dictionary.
   at System.Collections.Generic.Dictionary`2.get_Item(TKey key)
   at LitJson.JsonReader.Read()
   --- End of inner exception stack trace ---
   at LitJson.JsonReader.Read()
   at LitJson.JsonMapper.ReadValue(WrapperFactory factory, JsonReader reader)
   at LitJson.JsonMapper.ToObject(String json)
   at GFLogin.SkyLoginManager.DigitalSkyLogin() in C:\Users\jack\Desktop\CS\GFLogin\GFLogin\Client.cs:line 407
   at System.Threading.ExecutionContext.RunInternal(ExecutionContext executionContext, ContextCallback callback, Object state)
--- End of stack trace from previous location where exception was thrown ---
   at System.Threading.Tasks.Task.ExecuteWithThreadLocal(Task& currentTaskSlot)
   --- End of inner exception stack trace ---
   at System.Threading.Tasks.Task.WaitAllCore(Task[] tasks, Int32 millisecondsTimeout, CancellationToken cancellationToken)
   at GFLogin.LoginManager.Login() in C:\Users\jack\Desktop\CS\GFLogin\GFLogin\Client.cs:line 43
   at GFHelp.Core.Action.Home.Login() in C:\Users\jack\Desktop\CS\GFHelp-Web\GFHelp.Core\Action\Home.cs:line 39
---> (Inner Exception #0) LitJson.JsonException: Invalid token 'False' in input string ---> System.Collections.Generic.KeyNotFoundException: The given key '65539' was not present in the dictionary.
   at System.Collections.Generic.Dictionary`2.get_Item(TKey key)
   at LitJson.JsonReader.Read()
   --- End of inner exception stack trace ---
   at LitJson.JsonReader.Read()
   at LitJson.JsonMapper.ReadValue(WrapperFactory factory, JsonReader reader)
   at LitJson.JsonMapper.ToObject(String json)
   at GFLogin.SkyLoginManager.DigitalSkyLogin() in C:\Users\jack\Desktop\CS\GFLogin\GFLogin\Client.cs:line 407
   at System.Threading.ExecutionContext.RunInternal(ExecutionContext executionContext, ContextCallback callback, Object state)
--- End of stack trace from previous location where exception was thrown ---
   at System.Threading.Tasks.Task.ExecuteWithThreadLocal(Task& currentTaskSlot)<---
 , exception = System.AggregateException: One or more errors occurred. (Invalid token 'False' in input string) ---> LitJson.JsonException: Invalid token 'False' in input string ---> System.Collections.Generic.KeyNotFoundException: The given key '65539' was not present in the dictionary.
   at System.Collections.Generic.Dictionary`2.get_Item(TKey key)
   at LitJson.JsonReader.Read()
   --- End of inner exception stack trace ---
   at LitJson.JsonReader.Read()
   at LitJson.JsonMapper.ReadValue(WrapperFactory factory, JsonReader reader)
   at LitJson.JsonMapper.ToObject(String json)
   at GFLogin.SkyLoginManager.DigitalSkyLogin() in C:\Users\jack\Desktop\CS\GFLogin\GFLogin\Client.cs:line 407
   at System.Threading.ExecutionContext.RunInternal(ExecutionContext executionContext, ContextCallback callback, Object state)
--- End of stack trace from previous location where exception was thrown ---
   at System.Threading.Tasks.Task.ExecuteWithThreadLocal(Task& currentTaskSlot)
   --- End of inner exception stack trace ---
   at System.Threading.Tasks.Task.WaitAllCore(Task[] tasks, Int32 millisecondsTimeout, CancellationToken cancellationToken)
   at GFLogin.LoginManager.Login() in C:\Users\jack\Desktop\CS\GFLogin\GFLogin\Client.cs:line 43
   at GFHelp.Core.Action.Home.Login() in C:\Users\jack\Desktop\CS\GFHelp-Web\GFHelp.Core\Action\Home.cs:line 39
---> (Inner Exception #0) LitJson.JsonException: Invalid token 'False' in input string ---> System.Collections.Generic.KeyNotFoundException: The given key '65539' was not present in the dictionary.
   at System.Collections.Generic.Dictionary`2.get_Item(TKey key)
   at LitJson.JsonReader.Read()
   --- End of inner exception stack trace ---
   at LitJson.JsonReader.Read()
   at LitJson.JsonMapper.ReadValue(WrapperFactory factory, JsonReader reader)
   at LitJson.JsonMapper.ToObject(String json)
   at GFLogin.SkyLoginManager.DigitalSkyLogin() in C:\Users\jack\Desktop\CS\GFLogin\GFLogin\Client.cs:line 407
   at System.Threading.ExecutionContext.RunInternal(ExecutionContext executionContext, ContextCallback callback, Object state)
--- End of stack trace from previous location where exception was thrown ---
   at System.Threading.Tasks.Task.ExecuteWithThreadLocal(Task& currentTaskSlot)<---

【16:50:33】      message = 获取邮件 ID: 67435895 标题 月卡奖励 内容 月卡过期时间：2018-12-19 
【16:51:29】      message = #+cl36hZX6Wo6ZSWx5FZybQF5n+vNPTVDWepUmTIxbu1F25PHI1NK2S+qQExf76XUrfPPZ601f5nER65mWnUUA6LKHj5+uDS0DvVeuwefMDZEJEWjOnUL9kQCbbR7aJbD 
【16:51:31】      message = 获取邮件 ID: 67436162 标题 每日指标：小型解析 内容 进行1次情报解析。 
【16:51:33】      message = 获取邮件 ID: 67436163 标题 每日指标：常规解析 内容 进行3次情报解析。 
【16:51:41】      message = 战斗任务结束,获得 人力 0 子弹 0 口粮 0 零件 0 初级资料 0 中级资料 0 高级资料 0 人形 0 
【16:51:44】      message = 战斗任务结束,获得 人力 0 子弹 0 口粮 0 零件 0 初级资料 0 中级资料 0 高级资料 0 人形 0 
【16:51:47】      message = 战斗任务结束,获得 人力 0 子弹 0 口粮 0 零件 0 初级资料 0 中级资料 0 高级资料 0 人形 0 
【16:51:50】      message = 战斗任务结束,获得 人力 0 子弹 0 口粮 0 零件 0 初级资料 0 中级资料 0 高级资料 0 人形 0 
【16:54:20】      message = 战斗任务结束,获得 人力 0 子弹 0 口粮 0 零件 0 初级资料 0 中级资料 0 高级资料 0 人形 0 
【16:54:33】      message = 战斗任务结束,获得 人力 0 子弹 0 口粮 0 零件 0 初级资料 0 中级资料 0 高级资料 0 人形 0 
【16:58:44】      message = System.AggregateException: One or more errors occurred. (Invalid token 'False' in input string) ---> LitJson.JsonException: Invalid token 'False' in input string ---> System.Collections.Generic.KeyNotFoundException: The given key '65539' was not present in the dictionary.
   at System.Collections.Generic.Dictionary`2.get_Item(TKey key)
   at LitJson.JsonReader.Read()
   --- End of inner exception stack trace ---
   at LitJson.JsonReader.Read()
   at LitJson.JsonMapper.ReadValue(WrapperFactory factory, JsonReader reader)
   at LitJson.JsonMapper.ToObject(String json)
   at GFLogin.SkyLoginManager.DigitalSkyLogin() in C:\Users\jack\Desktop\CS\GFLogin\GFLogin\Client.cs:line 407
   at System.Threading.ExecutionContext.RunInternal(ExecutionContext executionContext, ContextCallback callback, Object state)
--- End of stack trace from previous location where exception was thrown ---
   at System.Threading.Tasks.Task.ExecuteWithThreadLocal(Task& currentTaskSlot)
   --- End of inner exception stack trace ---
   at System.Threading.Tasks.Task.WaitAllCore(Task[] tasks, Int32 millisecondsTimeout, CancellationToken cancellationToken)
   at GFLogin.LoginManager.Login() in C:\Users\jack\Desktop\CS\GFLogin\GFLogin\Client.cs:line 43
   at GFHelp.Core.Action.Home.Login() in C:\Users\jack\Desktop\CS\GFHelp-Web\GFHelp.Core\Action\Home.cs:line 39
---> (Inner Exception #0) LitJson.JsonException: Invalid token 'False' in input string ---> System.Collections.Generic.KeyNotFoundException: The given key '65539' was not present in the dictionary.
   at System.Collections.Generic.Dictionary`2.get_Item(TKey key)
   at LitJson.JsonReader.Read()
   --- End of inner exception stack trace ---
   at LitJson.JsonReader.Read()
   at LitJson.JsonMapper.ReadValue(WrapperFactory factory, JsonReader reader)
   at LitJson.JsonMapper.ToObject(String json)
   at GFLogin.SkyLoginManager.DigitalSkyLogin() in C:\Users\jack\Desktop\CS\GFLogin\GFLogin\Client.cs:line 407
   at System.Threading.ExecutionContext.RunInternal(ExecutionContext executionContext, ContextCallback callback, Object state)
--- End of stack trace from previous location where exception was thrown ---
   at System.Threading.Tasks.Task.ExecuteWithThreadLocal(Task& currentTaskSlot)<---
 , exception = System.AggregateException: One or more errors occurred. (Invalid token 'False' in input string) ---> LitJson.JsonException: Invalid token 'False' in input string ---> System.Collections.Generic.KeyNotFoundException: The given key '65539' was not present in the dictionary.
   at System.Collections.Generic.Dictionary`2.get_Item(TKey key)
   at LitJson.JsonReader.Read()
   --- End of inner exception stack trace ---
   at LitJson.JsonReader.Read()
   at LitJson.JsonMapper.ReadValue(WrapperFactory factory, JsonReader reader)
   at LitJson.JsonMapper.ToObject(String json)
   at GFLogin.SkyLoginManager.DigitalSkyLogin() in C:\Users\jack\Desktop\CS\GFLogin\GFLogin\Client.cs:line 407
   at System.Threading.ExecutionContext.RunInternal(ExecutionContext executionContext, ContextCallback callback, Object state)
--- End of stack trace from previous location where exception was thrown ---
   at System.Threading.Tasks.Task.ExecuteWithThreadLocal(Task& currentTaskSlot)
   --- End of inner exception stack trace ---
   at System.Threading.Tasks.Task.WaitAllCore(Task[] tasks, Int32 millisecondsTimeout, CancellationToken cancellationToken)
   at GFLogin.LoginManager.Login() in C:\Users\jack\Desktop\CS\GFLogin\GFLogin\Client.cs:line 43
   at GFHelp.Core.Action.Home.Login() in C:\Users\jack\Desktop\CS\GFHelp-Web\GFHelp.Core\Action\Home.cs:line 39
---> (Inner Exception #0) LitJson.JsonException: Invalid token 'False' in input string ---> System.Collections.Generic.KeyNotFoundException: The given key '65539' was not present in the dictionary.
   at System.Collections.Generic.Dictionary`2.get_Item(TKey key)
   at LitJson.JsonReader.Read()
   --- End of inner exception stack trace ---
   at LitJson.JsonReader.Read()
   at LitJson.JsonMapper.ReadValue(WrapperFactory factory, JsonReader reader)
   at LitJson.JsonMapper.ToObject(String json)
   at GFLogin.SkyLoginManager.DigitalSkyLogin() in C:\Users\jack\Desktop\CS\GFLogin\GFLogin\Client.cs:line 407
   at System.Threading.ExecutionContext.RunInternal(ExecutionContext executionContext, ContextCallback callback, Object state)
--- End of stack trace from previous location where exception was thrown ---
   at System.Threading.Tasks.Task.ExecuteWithThreadLocal(Task& currentTaskSlot)<---

【17:01:31】      message = 战斗任务结束,获得 人力 0 子弹 0 口粮 0 零件 0 初级资料 0 中级资料 0 高级资料 0 人形 0 
【17:01:47】      message = 战斗任务结束,获得 人力 0 子弹 0 口粮 0 零件 0 初级资料 0 中级资料 0 高级资料 0 人形 0 
【17:01:57】      message = 战斗任务结束,获得 人力 0 子弹 0 口粮 0 零件 0 初级资料 0 中级资料 0 高级资料 0 人形 0 
【17:54:39】      message = 程序已注销 请重新创建实例 
