【00:01:58】      message = 数字天空登陆 , exception = 
【00:01:59】      message = 获取时间信息 , exception = 
【00:02:00】      message = 获取Sign , exception = 
【00:02:01】      message = 获取UserInfo , exception = 
【00:02:04】      message = 签到 , exception = 
【00:02:04】      message = 查询新邮件 , exception = 
【00:02:15】      message = Establish_Build_Finish ERROR , exception = error:202|尚无任何产出
【00:02:15】      message = 数字天空登陆 , exception = 
【00:02:17】      message = 获取时间信息 , exception = 
【00:02:18】      message = 获取Sign , exception = 
【00:02:19】      message = 获取UserInfo , exception = 
【00:02:21】      message = 签到 , exception = 
【00:02:21】      message = 查询新邮件 , exception = 
【00:02:32】      message = #o83AZtqYmF93mqt7x4BgsuXyqC9wdoUBgw3ga8jYuzwxG6W2k8Qcq0x7JTByYsd3+Mp3xKkRPlMy+Lh8OT+OD7ika8awyhE 
【00:03:27】      message = 数字天空登陆 , exception = 
【00:03:28】      message = 获取时间信息 , exception = 
【00:03:28】      message = 获取Sign , exception = 
【00:03:29】      message = 获取UserInfo , exception = 
【00:03:33】      message = 签到 , exception = 
【00:03:33】      message = 查询新邮件 , exception = 
【00:03:35】      message = 数字天空登陆 , exception = 
【00:03:36】      message = 获取时间信息 , exception = 
【00:03:36】      message = 获取Sign , exception = 
【00:03:37】      message = 获取UserInfo , exception = 
【00:03:40】      message = 签到 , exception = 
【00:03:40】      message = 查询新邮件 , exception = 
【00:03:42】      message = 爱睡觉的兔子 无法开始作战任务，请登陆游戏检查 
【00:03:45】      message = 数字天空登陆 , exception = 
【00:03:46】      message = 获取时间信息 , exception = 
【00:03:47】      message = 获取Sign , exception = 
【00:03:47】      message = 获取UserInfo , exception = 
【00:03:52】      message = 签到 , exception = 
【00:03:52】      message = 查询新邮件 , exception = 
【00:03:53】      message = 数字天空登陆 , exception = 
【00:03:54】      message = 获取时间信息 , exception = 
【00:03:54】      message = 获取Sign , exception = 
【00:03:55】      message = 获取UserInfo , exception = 
【00:03:57】      message = 签到 , exception = 
【00:03:57】      message = 查询新邮件 , exception = 
【00:03:58】      message = 爱睡觉的兔子 无法开始作战任务，请登陆游戏检查 
【00:04:02】      message = 数字天空登陆 , exception = 
【00:04:03】      message = 获取时间信息 , exception = 
【00:04:03】      message = 获取Sign , exception = 
【00:04:04】      message = 获取UserInfo , exception = 
【00:04:08】      message = 签到 , exception = 
【00:04:08】      message = 查询新邮件 , exception = 
【00:04:09】      message = 数字天空登陆 , exception = 
【00:04:10】      message = 获取时间信息 , exception = 
【00:04:11】      message = 获取Sign , exception = 
【00:04:12】      message = 获取UserInfo , exception = 
【00:04:15】      message = 签到 , exception = 
【00:04:15】      message = 查询新邮件 , exception = 
【00:04:17】      message = 爱睡觉的兔子 无法开始作战任务，请登陆游戏检查 
【00:04:20】      message = 数字天空登陆 , exception = 
【00:04:21】      message = 获取时间信息 , exception = 
【00:04:22】      message = 获取Sign , exception = 
【00:04:22】      message = 获取UserInfo , exception = 
【00:04:25】      message = 签到 , exception = 
【00:04:25】      message = 查询新邮件 , exception = 
【00:04:27】      message = 数字天空登陆 , exception = 
【00:04:27】      message = 获取时间信息 , exception = 
【00:04:28】      message = 获取Sign , exception = 
【00:04:29】      message = 获取UserInfo , exception = 
【00:04:32】      message = 签到 , exception = 
【00:04:32】      message = 查询新邮件 , exception = 
【00:04:34】      message = 爱睡觉的兔子 无法开始作战任务，请登陆游戏检查 
【00:04:37】      message = 数字天空登陆 , exception = 
【00:04:38】      message = 获取时间信息 , exception = 
【00:04:38】      message = 获取Sign , exception = 
【00:04:39】      message = 获取UserInfo , exception = 
【00:04:43】      message = 签到 , exception = 
【00:04:43】      message = 查询新邮件 , exception = 
【00:04:45】      message = 数字天空登陆 , exception = 
【00:04:45】      message = 获取时间信息 , exception = 
【00:04:46】      message = 获取Sign , exception = 
【00:04:47】      message = 获取UserInfo , exception = 
【00:04:50】      message = 签到 , exception = 
【00:04:50】      message = 查询新邮件 , exception = 
【00:04:52】      message = 爱睡觉的兔子 无法开始作战任务，请登陆游戏检查 
【00:04:56】      message = 数字天空登陆 , exception = 
【00:04:57】      message = 获取时间信息 , exception = 
【00:04:57】      message = 获取Sign , exception = 
【00:04:58】      message = 获取UserInfo , exception = 
【00:05:02】      message = 签到 , exception = 
【00:05:02】      message = 查询新邮件 , exception = 
【00:05:03】      message = 数字天空登陆 , exception = 
【00:05:04】      message = 获取时间信息 , exception = 
【00:05:05】      message = 获取Sign , exception = 
【00:05:06】      message = 获取UserInfo , exception = 
【00:05:09】      message = 签到 , exception = 
【00:05:09】      message = 查询新邮件 , exception = 
【00:05:10】      message = 爱睡觉的兔子 无法开始作战任务，请登陆游戏检查 
【00:05:14】      message = 数字天空登陆 , exception = 
【00:05:15】      message = 获取时间信息 , exception = 
【00:05:15】      message = 获取Sign , exception = 
【00:05:16】      message = 获取UserInfo , exception = 
【00:05:19】      message = 签到 , exception = 
【00:05:19】      message = 查询新邮件 , exception = 
【00:05:20】      message = 数字天空登陆 , exception = 
【00:05:21】      message = 获取时间信息 , exception = 
【00:05:22】      message = 获取Sign , exception = 
【00:05:23】      message = 获取UserInfo , exception = 
【00:05:26】      message = 签到 , exception = 
【00:05:26】      message = 查询新邮件 , exception = 
【00:05:29】      message = 爱睡觉的兔子 无法开始作战任务，请登陆游戏检查 
【00:05:32】      message = 数字天空登陆 , exception = 
【00:05:33】      message = 获取时间信息 , exception = 
【00:05:34】      message = 获取Sign , exception = 
【00:05:35】      message = 获取UserInfo , exception = 
【00:05:38】      message = 签到 , exception = 
【00:05:38】      message = 查询新邮件 , exception = 
【00:05:40】      message = 数字天空登陆 , exception = 
【00:05:40】      message = 获取时间信息 , exception = 
【00:05:41】      message = 获取Sign , exception = 
【00:05:42】      message = 获取UserInfo , exception = 
【00:05:44】      message = 签到 , exception = 
【00:05:44】      message = 查询新邮件 , exception = 
【00:05:46】      message = 爱睡觉的兔子 无法开始作战任务，请登陆游戏检查 
【00:05:46】      message = mapctbox 完成 
【00:06:05】      message = 数字天空登陆 , exception = 
【00:06:05】      message = 获取时间信息 , exception = 
【00:06:06】      message = 获取Sign , exception = 
【00:06:07】      message = 获取UserInfo , exception = 
【00:06:10】      message = 签到 , exception = 
【00:06:10】      message = 查询新邮件 , exception = 
【00:06:12】      message = 数字天空登陆 , exception = 
【00:06:13】      message = 获取时间信息 , exception = 
【00:06:14】      message = 获取Sign , exception = 
【00:06:14】      message = 获取UserInfo , exception = 
【00:06:18】      message = 签到 , exception = 
【00:06:18】      message = 查询新邮件 , exception = 
【00:06:19】      message = 爱睡觉的兔子 无法开始作战任务，请登陆游戏检查 
【00:06:24】      message = 数字天空登陆 , exception = 
【00:06:25】      message = 获取时间信息 , exception = 
【00:06:25】      message = 获取Sign , exception = 
【00:06:26】      message = 获取UserInfo , exception = 
【00:06:30】      message = 签到 , exception = 
【00:06:30】      message = 查询新邮件 , exception = 
【00:06:31】      message = 数字天空登陆 , exception = 
【00:06:33】      message = 获取时间信息 , exception = 
【00:06:33】      message = 获取Sign , exception = 
【00:06:34】      message = 获取UserInfo , exception = 
【00:06:37】      message = 签到 , exception = 
【00:06:37】      message = 查询新邮件 , exception = 
【00:06:38】      message = 爱睡觉的兔子 无法开始作战任务，请登陆游戏检查 
【00:06:43】      message = 数字天空登陆 , exception = 
【00:06:43】      message = 获取时间信息 , exception = 
【00:06:44】      message = 获取Sign , exception = 
【00:06:45】      message = 获取UserInfo , exception = 
【00:06:52】      message = 签到 , exception = 
【00:06:52】      message = 查询新邮件 , exception = 
【00:06:53】      message = 数字天空登陆 , exception = 
【00:06:53】      message = 获取时间信息 , exception = 
【00:06:54】      message = 获取Sign , exception = 
【00:06:55】      message = 获取UserInfo , exception = 
【00:06:59】      message = 签到 , exception = 
【00:06:59】      message = 查询新邮件 , exception = 
【00:07:00】      message = 爱睡觉的兔子 无法开始作战任务，请登陆游戏检查 
【00:07:04】      message = 数字天空登陆 , exception = 
【00:07:04】      message = 获取时间信息 , exception = 
【00:07:05】      message = 获取Sign , exception = 
【00:07:06】      message = 获取UserInfo , exception = 
【00:07:20】      message = 签到 , exception = 
【00:07:20】      message = 查询新邮件 , exception = 
【00:07:21】      message = 数字天空登陆 , exception = 
【00:07:22】      message = 获取时间信息 , exception = 
【00:07:22】      message = 获取Sign , exception = 
【00:07:23】      message = 获取UserInfo , exception = 
【00:07:25】      message = 签到 , exception = 
【00:07:25】      message = 查询新邮件 , exception = 
【00:07:27】      message = 爱睡觉的兔子 无法开始作战任务，请登陆游戏检查 
【00:07:30】      message = 数字天空登陆 , exception = 
【00:07:31】      message = 获取时间信息 , exception = 
【00:07:32】      message = 获取Sign , exception = 
【00:07:32】      message = 获取UserInfo , exception = 
【00:07:36】      message = 签到 , exception = 
【00:07:36】      message = 查询新邮件 , exception = 
【00:07:38】      message = 数字天空登陆 , exception = 
【00:07:39】      message = 获取时间信息 , exception = 
【00:07:40】      message = 获取Sign , exception = 
【00:07:40】      message = 获取UserInfo , exception = 
【00:07:44】      message = 签到 , exception = 
【00:07:44】      message = 查询新邮件 , exception = 
【00:07:46】      message = 爱睡觉的兔子 无法开始作战任务，请登陆游戏检查 
【00:07:50】      message = 数字天空登陆 , exception = 
【00:07:51】      message = 获取时间信息 , exception = 
【00:07:51】      message = 获取Sign , exception = 
【00:07:53】      message = 获取UserInfo , exception = 
【00:07:57】      message = 签到 , exception = 
【00:07:57】      message = 查询新邮件 , exception = 
【00:07:59】      message = 数字天空登陆 , exception = 
【00:07:59】      message = 获取时间信息 , exception = 
【00:08:00】      message = 获取Sign , exception = 
【00:08:01】      message = 获取UserInfo , exception = 
【00:08:03】      message = 签到 , exception = 
【00:08:03】      message = 查询新邮件 , exception = 
【00:08:04】      message = 爱睡觉的兔子 无法开始作战任务，请登陆游戏检查 
【00:08:08】      message = 数字天空登陆 , exception = 
【00:08:08】      message = 获取时间信息 , exception = 
【00:08:09】      message = 获取Sign , exception = 
【00:08:10】      message = 获取UserInfo , exception = 
【00:08:14】      message = 签到 , exception = 
【00:08:14】      message = 查询新邮件 , exception = 
【00:08:15】      message = 数字天空登陆 , exception = 
【00:08:16】      message = 获取时间信息 , exception = 
【00:08:16】      message = 获取Sign , exception = 
【00:08:17】      message = 获取UserInfo , exception = 
【00:08:21】      message = 签到 , exception = 
【00:08:21】      message = 查询新邮件 , exception = 
【00:08:22】      message = 爱睡觉的兔子 无法开始作战任务，请登陆游戏检查 
【00:08:26】      message = 数字天空登陆 , exception = 
【00:08:26】      message = 获取时间信息 , exception = 
【00:08:27】      message = 获取Sign , exception = 
【00:08:28】      message = 获取UserInfo , exception = 
【00:08:32】      message = 签到 , exception = 
【00:08:32】      message = 查询新邮件 , exception = 
【00:08:33】      message = 数字天空登陆 , exception = 
【00:08:33】      message = 获取时间信息 , exception = 
【00:08:34】      message = 获取Sign , exception = 
【00:08:35】      message = 获取UserInfo , exception = 
【00:08:37】      message = 签到 , exception = 
【00:08:37】      message = 查询新邮件 , exception = 
【00:08:39】      message = 爱睡觉的兔子 无法开始作战任务，请登陆游戏检查 
【00:08:39】      message = mapctbox 完成 
