【01:28:43】      message = 数字天空登陆 , exception = 
【01:28:43】      message = 获取时间信息 , exception = 
【01:28:44】      message = 获取Sign , exception = 
【01:28:45】      message = 获取UserInfo , exception = 
【01:28:49】      message = 签到 , exception = 
【01:28:49】      message = 查询新邮件 , exception = 
【01:34:23】      message = 数字天空登陆 , exception = 
【01:34:24】      message = 获取时间信息 , exception = 
【01:34:25】      message = 获取Sign , exception = 
【01:34:26】      message = 获取UserInfo , exception = 
【01:34:29】      message = 签到 , exception = 
【01:34:29】      message = 查询新邮件 , exception = 
【01:34:51】      message = 数字天空登陆 , exception = 
【01:34:52】      message = 获取时间信息 , exception = 
【01:34:53】      message = 获取Sign , exception = 
【01:34:54】      message = 获取UserInfo , exception = 
【01:34:58】      message = 签到 , exception = 
【01:34:58】      message = 查询新邮件 , exception = 
【01:35:00】      message = 小比奈 无法开始作战任务，请登陆游戏检查 
【01:35:00】      message = mapctbox 完成 
【01:35:03】      message = 数字天空登陆 , exception = 
【01:35:03】      message = 获取时间信息 , exception = 
【01:35:04】      message = 获取Sign , exception = 
【01:35:05】      message = 获取UserInfo , exception = 
【01:35:18】      message = 签到 , exception = 
【01:35:18】      message = 查询新邮件 , exception = 
【02:27:48】      message = 数字天空登陆 , exception = 
【02:27:55】      message = 获取时间信息 , exception = 
【02:27:55】      message = 获取Sign , exception = 
【02:27:56】      message = 获取UserInfo , exception = 
【02:28:20】      message = 签到 , exception = 
【02:28:21】      message = 查询新邮件 , exception = 
【02:28:34】      message = Establish_Build_Start ERROR , exception = error:202|全局经验不够
【02:28:50】      message = 数字天空登陆 , exception = 
【02:28:51】      message = 获取时间信息 , exception = 
【02:28:51】      message = 获取Sign , exception = 
【02:28:52】      message = 获取UserInfo , exception = 
【02:28:57】      message = 签到 , exception = 
【02:28:57】      message = 查询新邮件 , exception = 
【02:29:03】      message = 小比奈 无法开始作战任务，请登陆游戏检查 
【02:29:03】      message = mapctbox 完成 
【02:35:02】      message = 数字天空登陆 , exception = 
【02:35:02】      message = 获取时间信息 , exception = 
【02:35:03】      message = 获取Sign , exception = 
【02:35:04】      message = 获取UserInfo , exception = 
【02:35:10】      message = 签到 , exception = 
【02:35:10】      message = 查询新邮件 , exception = 
【02:35:22】      message = Establish_Build_Start ERROR , exception = error:202|全局经验不够
