【23:45:58】      message = 数字天空登陆 , exception = 
【23:46:00】      message = 获取时间信息 , exception = 
【23:46:01】      message = 获取Sign , exception = 
【23:46:02】      message = 获取UserInfo , exception = 
【23:46:06】      message = 签到 , exception = 
【23:46:06】      message = 查询新邮件 , exception = 
【23:47:12】      message = teamMove Error , exception = error:2
【23:47:16】      message = 数字天空登陆 , exception = 
【23:47:16】      message = 获取时间信息 , exception = 
【23:47:18】      message = teamMove Error , exception = error:2
【23:47:18】      message = 获取Sign , exception = 
【23:47:19】      message = 获取UserInfo , exception = 
【23:47:23】      message = 签到 , exception = 
【23:47:23】      message = 查询新邮件 , exception = 
【23:47:27】      message = 数字天空登陆 , exception = 
【23:47:28】      message = 获取时间信息 , exception = 
【23:47:29】      message = 终止作战 , exception = 
【23:47:30】      message = 获取Sign , exception = 
【23:47:31】      message = 获取UserInfo , exception = 
【23:47:31】      message = error:0 
【23:47:32】      message = #ctRLDqW5ea/a1qXiO2tMrpAEYr/jSPuqow0EzLHf95OI0AMZMgh7B8qPx8yrFCmejxGBb1lYAsJKeexpDWXwnQTwvLTQpJ8 
【23:47:33】      message = 签到 , exception = 
【23:47:33】      message = 查询新邮件 , exception = 
【23:47:34】      message = error:203|build_slot exceed error 
【23:47:35】      message = error:203|build_slot exceed error 
【23:47:35】      message = error:203|build_slot exceed error 
【23:47:36】      message = error:203|build_slot exceed error 
【23:47:37】      message = error:203|build_slot exceed error 
【23:47:37】      message = error:203|build_slot exceed error 
【23:47:38】      message = error:203|build_slot exceed error 
【23:47:39】      message = error:203|build_slot exceed error 
【23:47:41】      message = error:203|build_slot exceed error 
【23:47:41】      message = error:203|build_slot exceed error 
【23:47:42】      message = error:203|build_slot exceed error 
【23:47:43】      message = error:203|build_slot exceed error 
【23:47:43】      message = error:203|build_slot exceed error 
【23:47:44】      message = error:203|build_slot exceed error 
【23:47:45】      message = error:203|build_slot exceed error 
【23:47:45】      message = error:203|build_slot exceed error 
【23:47:46】      message = error:203|build_slot exceed error 
【23:47:47】      message = error:203|build_slot exceed error 
【23:47:47】      message = error:203|build_slot exceed error 
【23:47:48】      message = error:203|build_slot exceed error 
【23:47:49】      message = error:203|build_slot exceed error 
【23:47:49】      message = error:203|build_slot exceed error 
【23:47:50】      message = error:203|build_slot exceed error 
【23:47:51】      message = error:203|build_slot exceed error 
【23:47:51】      message = error:203|build_slot exceed error 
【23:47:52】      message = error:203|build_slot exceed error 
【23:47:53】      message = error:203|build_slot exceed error 
【23:47:53】      message = error:203|build_slot exceed error 
【23:47:54】      message = error:203|build_slot exceed error 
【23:47:55】      message = error:203|build_slot exceed error 
【23:47:55】      message = error:203|build_slot exceed error 
【23:47:57】      message = error:203|build_slot exceed error 
【23:47:58】      message = error:203|build_slot exceed error 
【23:47:58】      message = error:203|build_slot exceed error 
【23:47:59】      message = error:203|build_slot exceed error 
【23:48:00】      message = error:203|build_slot exceed error 
【23:48:00】      message = error:203|build_slot exceed error 
【23:48:01】      message = error:203|build_slot exceed error 
【23:48:02】      message = error:203|build_slot exceed error 
【23:48:03】      message = error:203|build_slot exceed error 
【23:48:03】      message = error:203|build_slot exceed error 
【23:48:04】      message = teamMove Error , exception = error:2
【23:48:04】      message = error:203|build_slot exceed error 
【23:48:05】      message = error:203|build_slot exceed error 
【23:48:05】      message = error:203|build_slot exceed error 
【23:48:06】      message = error:203|build_slot exceed error 
【23:48:07】      message = error:203|build_slot exceed error 
【23:48:07】      message = error:203|build_slot exceed error 
【23:48:08】      message = teamMove Error , exception = error:2
【23:48:08】      message = error:203|build_slot exceed error 
【23:48:09】      message = error:203|build_slot exceed error 
【23:48:09】      message = error:203|build_slot exceed error 
【23:48:11】      message = error:203|build_slot exceed error 
【23:48:12】      message = error:203|build_slot exceed error 
【23:48:12】      message = error:203|build_slot exceed error 
【23:48:13】      message = error:203|build_slot exceed error 
【23:48:14】      message = error:203|build_slot exceed error 
【23:48:14】      message = error:203|build_slot exceed error 
【23:48:15】      message = error:203|build_slot exceed error 
【23:48:16】      message = error:203|build_slot exceed error 
【23:48:16】      message = 数字天空登陆 , exception = 
【23:48:17】      message = error:203|build_slot exceed error 
【23:48:17】      message = error:203|build_slot exceed error 
【23:48:18】      message = error:203|build_slot exceed error 
【23:48:18】      message = 获取时间信息 , exception = 
【23:48:19】      message = error:203|build_slot exceed error 
【23:48:19】      message = 获取Sign , exception = 
【23:48:19】      message = error:203|build_slot exceed error 
【23:48:20】      message = 获取UserInfo , exception = 
【23:48:20】      message = error:0 
【23:48:20】      message = error:203|build_slot exceed error 
【23:48:21】      message = error:203|build_slot exceed error 
【23:48:22】      message = error:203|build_slot exceed error 
【23:48:22】      message = 签到 , exception = 
【23:48:22】      message = 查询新邮件 , exception = 
【23:48:23】      message = error:203|build_slot exceed error 
【23:48:23】      message = 终止作战 , exception = 
【23:48:23】      message = error:203|build_slot exceed error 
【23:48:24】      message = error:203|build_slot exceed error 
【23:48:25】      message = error:203|build_slot exceed error 
【23:48:25】      message = error:203|build_slot exceed error 
【23:48:26】      message = error:203|build_slot exceed error 
【23:48:26】      message = error:203|build_slot exceed error 
【23:48:27】      message = error:203|build_slot exceed error 
【23:48:28】      message = error:203|build_slot exceed error 
【23:48:28】      message = error:203|build_slot exceed error 
【23:48:29】      message = error:203|build_slot exceed error 
【23:48:30】      message = error:203|build_slot exceed error 
【23:48:31】      message = error:203|build_slot exceed error 
【23:48:31】      message = error:203|build_slot exceed error 
【23:48:32】      message = error:203|build_slot exceed error 
【23:48:33】      message = error:203|build_slot exceed error 
【23:48:33】      message = error:203|build_slot exceed error 
【23:48:34】      message = error:203|build_slot exceed error 
【23:48:35】      message = error:203|build_slot exceed error 
【23:48:36】      message = error:203|build_slot exceed error 
【23:48:37】      message = error:203|build_slot exceed error 
【23:48:52】      message = 数字天空登陆 , exception = 
【23:48:52】      message = 获取时间信息 , exception = 
【23:48:53】      message = 获取Sign , exception = 
【23:48:54】      message = 获取UserInfo , exception = 
【23:48:58】      message = 签到 , exception = 
【23:48:58】      message = 查询新邮件 , exception = 
【23:48:59】      message = 终止作战 , exception = 
【23:49:33】      message = Herminium 无法部署梯队，请登陆游戏检查 , exception = error:2
【23:50:10】      message = Herminium 无法部署梯队，请登陆游戏检查 , exception = error:2
【23:50:41】      message = Herminium 无法部署梯队，请登陆游戏检查 , exception = error:2
【23:51:18】      message = Herminium 无法部署梯队，请登陆游戏检查 , exception = error:2
【23:51:40】      message = 数字天空登陆 , exception = 
【23:51:41】      message = 获取时间信息 , exception = 
【23:51:42】      message = 获取Sign , exception = 
【23:51:43】      message = 获取UserInfo , exception = 
【23:51:45】      message = 签到 , exception = 
【23:51:45】      message = 查询新邮件 , exception = 
【23:52:05】      message = 数字天空登陆 , exception = 
【23:52:05】      message = 获取时间信息 , exception = 
【23:52:06】      message = 获取Sign , exception = 
【23:52:07】      message = 获取UserInfo , exception = 
【23:52:09】      message = 签到 , exception = 
【23:52:09】      message = 查询新邮件 , exception = 
【23:52:11】      message = Herminium 无法开始作战任务，请登陆游戏检查 
【23:52:14】      message = 数字天空登陆 , exception = 
【23:52:15】      message = 获取时间信息 , exception = 
【23:52:19】      message = 获取Sign , exception = 
【23:52:20】      message = 获取UserInfo , exception = 
【23:52:24】      message = 签到 , exception = 
【23:52:24】      message = 查询新邮件 , exception = 
【23:52:25】      message = 数字天空登陆 , exception = 
【23:52:26】      message = 获取时间信息 , exception = 
【23:52:26】      message = 获取Sign , exception = 
【23:52:27】      message = 获取UserInfo , exception = 
【23:52:29】      message = 签到 , exception = 
【23:52:29】      message = 查询新邮件 , exception = 
【23:52:30】      message = Herminium 无法开始作战任务，请登陆游戏检查 
【23:52:34】      message = 数字天空登陆 , exception = 
【23:52:35】      message = 获取时间信息 , exception = 
【23:52:35】      message = 获取Sign , exception = 
【23:52:36】      message = 获取UserInfo , exception = 
【23:52:40】      message = 签到 , exception = 
【23:52:40】      message = 查询新邮件 , exception = 
【23:52:42】      message = 数字天空登陆 , exception = 
【23:52:43】      message = 获取时间信息 , exception = 
【23:52:44】      message = 获取Sign , exception = 
【23:52:45】      message = 获取UserInfo , exception = 
【23:52:47】      message = 签到 , exception = 
【23:52:47】      message = 查询新邮件 , exception = 
【23:52:48】      message = Herminium 无法开始作战任务，请登陆游戏检查 
【23:52:52】      message = 数字天空登陆 , exception = 
【23:52:53】      message = 获取时间信息 , exception = 
【23:52:53】      message = 获取Sign , exception = 
【23:52:54】      message = 获取UserInfo , exception = 
【23:52:57】      message = 签到 , exception = 
【23:52:57】      message = 查询新邮件 , exception = 
【23:52:58】      message = 数字天空登陆 , exception = 
【23:52:59】      message = 获取时间信息 , exception = 
【23:52:59】      message = 获取Sign , exception = 
【23:53:00】      message = 获取UserInfo , exception = 
【23:53:02】      message = 签到 , exception = 
【23:53:02】      message = 查询新邮件 , exception = 
【23:53:04】      message = Herminium 无法开始作战任务，请登陆游戏检查 
【23:53:06】      message = mapctbox 完成 
【23:56:22】      message = 数字天空登陆 , exception = 
【23:56:23】      message = 获取时间信息 , exception = 
【23:56:24】      message = 获取Sign , exception = 
【23:56:25】      message = 获取UserInfo , exception = 
【23:56:28】      message = 签到 , exception = 
【23:56:28】      message = 查询新邮件 , exception = 
【23:56:34】      message = 数字天空登陆 , exception = 
【23:56:34】      message = 获取时间信息 , exception = 
【23:56:35】      message = 获取Sign , exception = 
【23:56:36】      message = 获取UserInfo , exception = 
【23:56:40】      message = 签到 , exception = 
【23:56:40】      message = 查询新邮件 , exception = 
【23:56:42】      message = Herminium 无法开始作战任务，请登陆游戏检查 
【23:56:46】      message = 数字天空登陆 , exception = 
【23:56:46】      message = 获取时间信息 , exception = 
【23:56:50】      message = 获取Sign , exception = 
【23:56:51】      message = 获取UserInfo , exception = 
【23:56:55】      message = 签到 , exception = 
【23:56:55】      message = 查询新邮件 , exception = 
【23:56:56】      message = 数字天空登陆 , exception = 
【23:56:57】      message = 获取时间信息 , exception = 
【23:56:58】      message = 获取Sign , exception = 
【23:57:00】      message = 获取UserInfo , exception = 
【23:57:04】      message = 签到 , exception = 
【23:57:04】      message = 查询新邮件 , exception = 
【23:57:05】      message = Herminium 无法开始作战任务，请登陆游戏检查 
【23:57:09】      message = 数字天空登陆 , exception = 
【23:57:10】      message = 获取时间信息 , exception = 
【23:57:14】      message = 获取Sign , exception = 
【23:57:15】      message = 获取UserInfo , exception = 
【23:57:23】      message = 签到 , exception = 
【23:57:23】      message = 查询新邮件 , exception = 
【23:57:24】      message = 数字天空登陆 , exception = 
【23:57:25】      message = 获取时间信息 , exception = 
【23:57:25】      message = 获取Sign , exception = 
【23:57:26】      message = 获取UserInfo , exception = 
【23:57:29】      message = 签到 , exception = 
【23:57:29】      message = 查询新邮件 , exception = 
【23:57:30】      message = Herminium 无法开始作战任务，请登陆游戏检查 
【23:57:34】      message = 数字天空登陆 , exception = 
【23:57:35】      message = 获取时间信息 , exception = 
【23:57:35】      message = 获取Sign , exception = 
【23:57:36】      message = 获取UserInfo , exception = 
【23:57:38】      message = 签到 , exception = 
【23:57:38】      message = 查询新邮件 , exception = 
【23:57:39】      message = 数字天空登陆 , exception = 
【23:57:40】      message = 获取时间信息 , exception = 
【23:57:41】      message = 获取Sign , exception = 
【23:57:42】      message = 获取UserInfo , exception = 
【23:57:45】      message = 签到 , exception = 
【23:57:45】      message = 查询新邮件 , exception = 
【23:57:46】      message = Herminium 无法开始作战任务，请登陆游戏检查 
【23:57:46】      message = mapctbox 完成 
【23:57:49】      message = 人形 : 40676867 扩编 
【00:26:17】      message = 程序已注销 请重新创建实例 
