【01:54:01】      message = 数字天空登陆 , exception = 
【01:54:02】      message = 获取时间信息 , exception = 
【01:54:13】      message = 获取Sign , exception = 
【01:54:14】      message = 获取UserInfo , exception = 
【01:54:23】      message = 签到 , exception = 
【01:54:23】      message = 查询新邮件 , exception = 
【01:55:26】      message = 2_6BOSS 成功 , exception = 
【01:55:26】      message = MAP 2  完成  
【01:55:29】      message = 数字天空登陆 , exception = 
【01:55:31】      message = 获取时间信息 , exception = 
【01:55:32】      message = 获取Sign , exception = 
【01:55:33】      message = 获取UserInfo , exception = 
【01:55:40】      message = 签到 , exception = 
【01:55:40】      message = 查询新邮件 , exception = 
【01:55:58】      message = 数字天空登陆 , exception = 
【01:55:59】      message = 获取时间信息 , exception = 
【01:55:59】      message = 获取Sign , exception = 
【01:56:00】      message = 获取UserInfo , exception = 
【01:56:10】      message = 签到 , exception = 
【01:56:10】      message = 查询新邮件 , exception = 
【01:56:13】      message = 鸿焚 无法开始作战任务，请登陆游戏检查 
【01:56:13】      message = MAP 3  完成  
【01:56:13】      message = MAP 4  完成  
【01:56:13】      message = MAP 5  完成  
【01:56:13】      message = MAP 6  完成  
【01:57:28】      message = 2_6BOSS 成功 , exception = 
【01:57:30】      message = 数字天空登陆 , exception = 
【01:57:31】      message = 获取时间信息 , exception = 
【01:57:31】      message = 获取Sign , exception = 
【01:57:32】      message = 获取UserInfo , exception = 
【01:57:41】      message = 签到 , exception = 
【01:57:41】      message = 查询新邮件 , exception = 
【01:57:46】      message = MAP 2  完成  
【01:58:14】      message = 3_6BOSS 成功 , exception = 
【01:58:14】      message = MAP 3  完成  
【01:58:44】      message = 4_6BOSS 成功 , exception = 
【01:58:46】      message = 数字天空登陆 , exception = 
【01:58:47】      message = 获取时间信息 , exception = 
【01:58:48】      message = 获取Sign , exception = 
【01:58:49】      message = 获取UserInfo , exception = 
【01:58:57】      message = 签到 , exception = 
【01:58:57】      message = 查询新邮件 , exception = 
【01:59:14】      message = MAP 4  完成  
【01:59:52】      message = 5_6BOSS 成功 , exception = 
【01:59:52】      message = MAP 5  完成  
【02:00:37】      message = 6_6BOSS 成功 , exception = 
【02:00:39】      message = 数字天空登陆 , exception = 
【02:00:41】      message = 获取时间信息 , exception = 
【02:00:41】      message = 获取Sign , exception = 
【02:00:42】      message = 获取UserInfo , exception = 
【02:00:52】      message = 签到 , exception = 
【02:00:53】      message = 查询新邮件 , exception = 
【02:01:07】      message = MAP 6  完成  
【02:06:06】      message = 2_6BOSS 成功 , exception = 
【02:06:06】      message = MAP 2  完成  
【02:06:31】      message = 3_6BOSS 成功 , exception = 
【02:06:33】      message = 数字天空登陆 , exception = 
【02:06:34】      message = 获取时间信息 , exception = 
【02:06:35】      message = 获取Sign , exception = 
【02:06:35】      message = 获取UserInfo , exception = 
【02:06:40】      message = 签到 , exception = 
【02:06:41】      message = 查询新邮件 , exception = 
【02:06:56】      message = MAP 3  完成  
【02:07:26】      message = 4_6BOSS 成功 , exception = 
【02:07:26】      message = MAP 4  完成  
【02:07:48】      message = 5_6BOSS 成功 , exception = 
【02:07:50】      message = 数字天空登陆 , exception = 
【02:07:51】      message = 获取时间信息 , exception = 
【02:07:51】      message = 获取Sign , exception = 
【02:07:52】      message = 获取UserInfo , exception = 
【02:07:59】      message = 签到 , exception = 
【02:07:59】      message = 查询新邮件 , exception = 
【02:08:13】      message = MAP 5  完成  
【02:08:56】      message = 6_6BOSS 成功 , exception = 
【02:08:56】      message = MAP 6  完成  
【02:10:54】      message = 数字天空登陆 , exception = 
【02:10:54】      message = 获取时间信息 , exception = 
【02:10:55】      message = 获取Sign , exception = 
【02:10:56】      message = 获取UserInfo , exception = 
【02:11:02】      message = 签到 , exception = 
【02:11:02】      message = 查询新邮件 , exception = 
【02:12:26】      message = 数字天空登陆 , exception = 
【02:12:27】      message = 获取时间信息 , exception = 
【02:12:27】      message = 获取Sign , exception = 
【02:12:28】      message = 获取UserInfo , exception = 
【02:12:36】      message = 签到 , exception = 
【02:12:36】      message = 查询新邮件 , exception = 
【02:14:45】      message = 数字天空登陆 , exception = 
【02:14:46】      message = 获取时间信息 , exception = 
【02:14:46】      message = 获取Sign , exception = 
【02:14:47】      message = 获取UserInfo , exception = 
【02:14:54】      message = 签到 , exception = 
【02:14:54】      message = 查询新邮件 , exception = 
【02:16:22】      message = mapctbox 完成 
【02:35:02】      message = 数字天空登陆 , exception = 
【02:35:04】      message = 获取时间信息 , exception = 
【02:35:06】      message = 获取Sign , exception = 
【02:35:07】      message = 获取UserInfo , exception = 
【02:35:15】      message = 签到 , exception = 
【02:35:15】      message = 查询新邮件 , exception = 
【04:15:13】      message = 程序已注销 请重新创建实例 
