【17:53:17】      message = 数字天空登陆 , exception = 
【17:53:21】      message = 获取时间信息 , exception = 
【17:53:22】      message = 获取Sign , exception = 
【17:53:23】      message = 获取UserInfo , exception = 
【17:54:03】      message = 签到 , exception = 
【17:54:03】      message = 查询新邮件 , exception = 
【18:10:02】      message = 收集数据 数据监测枢纽  
【18:10:04】      message = 收集数据 数据监测枢纽 完成 
【18:36:34】      message = 数字天空登陆 , exception = 
【18:36:46】      message = 获取时间信息 , exception = 
【18:37:09】      message = 获取Sign , exception = 
【18:37:23】      message = 数字天空登陆 , exception = 
【18:37:24】      message = 获取时间信息 , exception = 
【18:37:27】      message = 获取Sign , exception = 
【18:37:29】      message = 获取UserInfo , exception = 
【18:37:32】      message = #wuwiBbUlZCaQX/yaEAQ0YdArjAx57G4Hkcw+alYTZ6qUpymm+v5AiDuFPmK8JEK2N+UUJ91SueiQBZ42y26V1w2r2ZnLHuP5ARimSl4T/MruR6N5aBzD/bly4YwkD1ioFtHk 
【18:38:15】      message = 签到 , exception = 
【18:38:15】      message = 查询新邮件 , exception = 
【18:38:17】      message = error:203|build_slot exceed error 
【18:38:17】      message = error:203|build_slot exceed error 
【18:38:21】      message = error:203|build_slot exceed error 
【18:38:22】      message = error:203|build_slot exceed error 
【18:38:23】      message = error:203|build_slot exceed error 
【18:38:24】      message = error:203|build_slot exceed error 
【18:38:24】      message = error:203|build_slot exceed error 
【18:38:28】      message = error:203|build_slot exceed error 
【18:38:28】      message = error:203|build_slot exceed error 
【18:38:30】      message = error:203|build_slot exceed error 
【18:38:34】      message = error:203|build_slot exceed error 
【18:38:34】      message = error:203|build_slot exceed error 
【18:38:36】      message = error:203|build_slot exceed error 
【18:38:36】      message = error:203|build_slot exceed error 
【18:38:37】      message = error:203|build_slot exceed error 
【18:38:38】      message = error:203|build_slot exceed error 
【18:38:38】      message = error:203|build_slot exceed error 
【18:38:40】      message = error:203|build_slot exceed error 
【18:38:44】      message = error:203|build_slot exceed error 
【18:38:45】      message = error:203|build_slot exceed error 
【18:38:46】      message = error:203|build_slot exceed error 
【18:38:47】      message = error:203|build_slot exceed error 
【18:38:47】      message = error:203|build_slot exceed error 
【18:38:48】      message = error:203|build_slot exceed error 
【18:38:58】      message = error:203|build_slot exceed error 
【18:39:00】      message = error:203|build_slot exceed error 
【18:39:01】      message = error:203|build_slot exceed error 
【18:39:02】      message = error:203|build_slot exceed error 
【18:39:03】      message = error:203|build_slot exceed error 
【18:39:12】      message = error:203|build_slot exceed error 
【18:39:14】      message = error:203|build_slot exceed error 
【18:39:16】      message = error:203|build_slot exceed error 
【18:39:16】      message = error:203|build_slot exceed error 
【18:39:17】      message = error:203|build_slot exceed error 
【18:39:18】      message = error:203|build_slot exceed error 
【18:39:20】      message = error:203|build_slot exceed error 
【18:39:20】      message = error:203|build_slot exceed error 
【18:39:24】      message = error:203|build_slot exceed error 
【18:39:26】      message = error:203|build_slot exceed error 
【18:39:27】      message = error:203|build_slot exceed error 
【18:39:29】      message = error:203|build_slot exceed error 
【18:39:33】      message = error:203|build_slot exceed error 
【18:39:34】      message = error:203|build_slot exceed error 
【18:39:34】      message = error:203|build_slot exceed error 
【18:39:44】      message = error:203|build_slot exceed error 
【18:39:54】      message = error:203|build_slot exceed error 
【18:39:54】      message = error:203|build_slot exceed error 
【18:39:55】      message = error:203|build_slot exceed error 
【18:40:05】      message = error:203|build_slot exceed error 
【18:40:06】      message = error:203|build_slot exceed error 
【18:40:06】      message = error:203|build_slot exceed error 
【18:40:08】      message = error:203|build_slot exceed error 
【18:40:09】      message = error:203|build_slot exceed error 
【18:40:09】      message = error:203|build_slot exceed error 
【18:40:13】      message = error:203|build_slot exceed error 
【18:40:14】      message = error:203|build_slot exceed error 
【18:40:15】      message = error:203|build_slot exceed error 
【18:40:16】      message = error:203|build_slot exceed error 
【18:40:19】      message = error:203|build_slot exceed error 
【18:40:23】      message = error:203|build_slot exceed error 
【18:40:24】      message = error:203|build_slot exceed error 
【18:40:25】      message = error:203|build_slot exceed error 
【18:40:26】      message = error:203|build_slot exceed error 
【18:40:27】      message = error:203|build_slot exceed error 
【18:40:28】      message = error:203|build_slot exceed error 
【18:40:31】      message = error:203|build_slot exceed error 
【18:40:32】      message = error:203|build_slot exceed error 
【18:40:42】      message = error:203|build_slot exceed error 
【18:40:43】      message = error:203|build_slot exceed error 
【18:40:43】      message = error:203|build_slot exceed error 
【18:40:44】      message = error:203|build_slot exceed error 
【18:40:44】      message = error:203|build_slot exceed error 
【18:40:45】      message = error:203|build_slot exceed error 
【18:40:55】      message = error:203|build_slot exceed error 
【18:40:56】      message = error:203|build_slot exceed error 
【18:41:00】      message = error:203|build_slot exceed error 
【18:41:00】      message = error:203|build_slot exceed error 
【18:41:04】      message = error:203|build_slot exceed error 
【18:41:09】      message = error:203|build_slot exceed error 
【18:41:11】      message = error:203|build_slot exceed error 
【18:41:12】      message = error:203|build_slot exceed error 
【18:41:16】      message = error:203|build_slot exceed error 
【18:41:17】      message = error:203|build_slot exceed error 
【18:41:18】      message = error:203|build_slot exceed error 
【18:41:19】      message = error:203|build_slot exceed error 
【18:41:20】      message = error:203|build_slot exceed error 
【18:41:23】      message = error:203|build_slot exceed error 
【18:41:25】      message = error:203|build_slot exceed error 
【18:41:27】      message = error:203|build_slot exceed error 
【18:41:27】      message = error:203|build_slot exceed error 
【18:41:31】      message = error:203|build_slot exceed error 
【18:41:33】      message = error:203|build_slot exceed error 
【18:41:37】      message = error:203|build_slot exceed error 
【18:41:38】      message = error:203|build_slot exceed error 
【18:41:41】      message = error:203|build_slot exceed error 
【18:41:42】      message = error:203|build_slot exceed error 
【18:41:42】      message = error:203|build_slot exceed error 
【18:41:43】      message = error:203|build_slot exceed error 
【18:42:04】      message = false System.Net.WebException: 由于连接方在一段时间后没有正确答复或连接的主机没有反应，连接尝试失败。 由于连接方在一段时间后没有正确答复或连接的主机没有反应，连接尝试失败。 ---> System.Net.Http.HttpRequestException: 由于连接方在一段时间后没有正确答复或连接的主机没有反应，连接尝试失败。 ---> System.Net.Sockets.SocketException: 由于连接方在一段时间后没有正确答复或连接的主机没有反应，连接尝试失败。
   at System.Net.Http.ConnectHelper.ConnectAsync(String host, Int32 port, CancellationToken cancellationToken)
   --- End of inner exception stack trace ---
   at System.Net.Http.ConnectHelper.ConnectAsync(String host, Int32 port, CancellationToken cancellationToken)
   at System.Threading.Tasks.ValueTask`1.get_Result()
   at System.Net.Http.HttpConnectionPool.CreateConnectionAsync(HttpRequestMessage request, CancellationToken cancellationToken)
   at System.Threading.Tasks.ValueTask`1.get_Result()
   at System.Net.Http.HttpConnectionPool.WaitForCreatedConnectionAsync(ValueTask`1 creationTask)
   at System.Threading.Tasks.ValueTask`1.get_Result()
   at System.Net.Http.HttpConnectionPool.SendWithRetryAsync(HttpRequestMessage request, Boolean doRequestAuth, CancellationToken cancellationToken)
   at System.Net.Http.RedirectHandler.SendAsync(HttpRequestMessage request, CancellationToken cancellationToken)
   at System.Net.Http.HttpClient.FinishSendAsyncUnbuffered(Task`1 sendTask, HttpRequestMessage request, CancellationTokenSource cts, Boolean disposeCts)
   at System.Net.HttpWebRequest.SendRequest()
   at System.Net.HttpWebRequest.GetResponse()
   --- End of inner exception stack trace ---
   at System.Net.HttpWebRequest.GetResponse()
   at System.Net.WebClient.GetWebResponse(WebRequest request)
   at System.Net.WebClient.DownloadBits(WebRequest request, Stream writeStream)
   at System.Net.WebClient.UploadBits(WebRequest request, Stream readStream, Byte[] buffer, Int32 chunkSize, Byte[] header, Byte[] footer)
   at System.Net.WebClient.UploadDataInternal(Uri address, String method, Byte[] data, WebRequest& request)
   at System.Net.WebClient.UploadData(Uri address, String method, Byte[] data)
   at System.Net.WebClient.UploadData(String address, String method, Byte[] data)
   at GFHelp.Core.API.BaseRequset.DoPost(String url, String data) in C:\Users\jack\Desktop\CS\GFHelp-Web\GFHelp.Core\API\BaseRequset.cs:line 24 
【18:42:08】      message = error:203|build_slot exceed error 
【18:42:08】      message = error:203|build_slot exceed error 
【18:42:09】      message = error:203|build_slot exceed error 
【18:42:13】      message = error:203|build_slot exceed error 
【18:42:14】      message = error:203|build_slot exceed error 
【18:42:17】      message = error:203|build_slot exceed error 
【18:42:19】      message = error:203|build_slot exceed error 
【18:42:40】      message = false System.Net.WebException: 由于连接方在一段时间后没有正确答复或连接的主机没有反应，连接尝试失败。 由于连接方在一段时间后没有正确答复或连接的主机没有反应，连接尝试失败。 ---> System.Net.Http.HttpRequestException: 由于连接方在一段时间后没有正确答复或连接的主机没有反应，连接尝试失败。 ---> System.Net.Sockets.SocketException: 由于连接方在一段时间后没有正确答复或连接的主机没有反应，连接尝试失败。
   at System.Net.Http.ConnectHelper.ConnectAsync(String host, Int32 port, CancellationToken cancellationToken)
   --- End of inner exception stack trace ---
   at System.Net.Http.ConnectHelper.ConnectAsync(String host, Int32 port, CancellationToken cancellationToken)
   at System.Threading.Tasks.ValueTask`1.get_Result()
   at System.Net.Http.HttpConnectionPool.CreateConnectionAsync(HttpRequestMessage request, CancellationToken cancellationToken)
   at System.Threading.Tasks.ValueTask`1.get_Result()
   at System.Net.Http.HttpConnectionPool.WaitForCreatedConnectionAsync(ValueTask`1 creationTask)
   at System.Threading.Tasks.ValueTask`1.get_Result()
   at System.Net.Http.HttpConnectionPool.SendWithRetryAsync(HttpRequestMessage request, Boolean doRequestAuth, CancellationToken cancellationToken)
   at System.Net.Http.RedirectHandler.SendAsync(HttpRequestMessage request, CancellationToken cancellationToken)
   at System.Net.Http.HttpClient.FinishSendAsyncUnbuffered(Task`1 sendTask, HttpRequestMessage request, CancellationTokenSource cts, Boolean disposeCts)
   at System.Net.HttpWebRequest.SendRequest()
   at System.Net.HttpWebRequest.GetResponse()
   --- End of inner exception stack trace ---
   at System.Net.HttpWebRequest.GetResponse()
   at System.Net.WebClient.GetWebResponse(WebRequest request)
   at System.Net.WebClient.DownloadBits(WebRequest request, Stream writeStream)
   at System.Net.WebClient.UploadBits(WebRequest request, Stream readStream, Byte[] buffer, Int32 chunkSize, Byte[] header, Byte[] footer)
   at System.Net.WebClient.UploadDataInternal(Uri address, String method, Byte[] data, WebRequest& request)
   at System.Net.WebClient.UploadData(Uri address, String method, Byte[] data)
   at System.Net.WebClient.UploadData(String address, String method, Byte[] data)
   at GFHelp.Core.API.BaseRequset.DoPost(String url, String data) in C:\Users\jack\Desktop\CS\GFHelp-Web\GFHelp.Core\API\BaseRequset.cs:line 24 
【18:42:40】      message = error:203|build_slot exceed error 
【18:42:44】      message = error:203|build_slot exceed error 
【18:42:45】      message = error:203|build_slot exceed error 
【18:42:46】      message = error:203|build_slot exceed error 
【18:42:47】      message = error:203|build_slot exceed error 
【18:42:49】      message = error:203|build_slot exceed error 
【18:42:52】      message = error:203|build_slot exceed error 
【18:42:53】      message = error:203|build_slot exceed error 
【18:43:03】      message = error:203|build_slot exceed error 
【18:43:03】      message = error:203|build_slot exceed error 
【18:43:04】      message = error:203|build_slot exceed error 
【18:43:05】      message = error:203|build_slot exceed error 
【18:43:06】      message = error:203|build_slot exceed error 
【18:43:07】      message = error:203|build_slot exceed error 
【18:43:08】      message = error:203|build_slot exceed error 
【18:43:08】      message = error:203|build_slot exceed error 
【18:43:15】      message = error:203|build_slot exceed error 
【18:43:18】      message = error:203|build_slot exceed error 
【18:43:19】      message = error:203|build_slot exceed error 
【18:43:23】      message = error:203|build_slot exceed error 
【18:43:24】      message = error:203|build_slot exceed error 
【18:43:25】      message = error:203|build_slot exceed error 
【18:43:29】      message = error:203|build_slot exceed error 
【18:43:30】      message = error:203|build_slot exceed error 
【18:43:30】      message = error:203|build_slot exceed error 
【18:43:50】      message = error:203|build_slot exceed error 
【18:44:01】      message = error:203|build_slot exceed error 
【18:44:24】      message = error:203|build_slot exceed error 
【18:45:18】      message = error:203|build_slot exceed error 
【18:47:31】      message = error:203|build_slot exceed error 
【01:02:51】      message = 程序已注销 请重新创建实例 
