【01:45:03】      message = 数字天空登陆 , exception = 
【01:45:04】      message = 获取时间信息 , exception = 
【01:45:05】      message = 获取Sign , exception = 
【01:45:06】      message = 获取UserInfo , exception = 
【01:45:08】      message = 签到 , exception = 
【01:45:08】      message = 查询新邮件 , exception = 
【01:48:09】      message = 数字天空登陆 , exception = 
【01:48:13】      message = 获取时间信息 , exception = 
【01:48:14】      message = 获取Sign , exception = 
【01:48:14】      message = 获取UserInfo , exception = 
【01:48:21】      message = 签到 , exception = 
【01:48:21】      message = 查询新邮件 , exception = 
【01:48:39】      message = 数字天空登陆 , exception = 
【01:48:39】      message = 获取时间信息 , exception = 
【01:48:40】      message = 获取Sign , exception = 
【01:48:41】      message = 获取UserInfo , exception = 
【01:48:44】      message = 签到 , exception = 
【01:48:44】      message = 查询新邮件 , exception = 
【01:48:46】      message = s4.佐佐美咲 无法开始作战任务，请登陆游戏检查 
【01:48:46】      message = mapctbox 完成 
【02:04:33】      message = 数字天空登陆 , exception = 
【02:04:38】      message = 获取时间信息 , exception = 
【02:04:38】      message = 获取Sign , exception = 
【02:04:39】      message = 获取UserInfo , exception = 
【02:04:43】      message = 签到 , exception = 
【02:04:44】      message = 查询新邮件 , exception = 
【02:05:09】      message = 数字天空登陆 , exception = 
【02:05:10】      message = 获取时间信息 , exception = 
【02:05:10】      message = 获取Sign , exception = 
【02:05:11】      message = 获取UserInfo , exception = 
【02:05:15】      message = 签到 , exception = 
【02:05:15】      message = 查询新邮件 , exception = 
【02:05:16】      message = s4.佐佐美咲 无法开始作战任务，请登陆游戏检查 
【02:05:16】      message = mapctbox 完成 
【02:07:39】      message = 程序已注销 请重新创建实例 
