【22:40:49】      message = 获取UserInfo , exception = 
【22:40:53】      message = 签到 , exception = 
【22:40:53】      message = 查询新邮件 , exception = 
【22:41:16】      message = 终止作战 , exception = 
【22:46:07】      message = 获取UserInfo , exception = 
【22:46:11】      message = 签到 , exception = 
【22:46:11】      message = 查询新邮件 , exception = 
【22:48:12】      message = 获取UserInfo , exception = 
【22:48:16】      message = 签到 , exception = 
【22:48:16】      message = 查询新邮件 , exception = 
【22:49:03】      message = 归雪 无法部署梯队，请登陆游戏检查 , exception = error:2
【22:55:11】      message = 获取UserInfo , exception = 
【22:55:15】      message = 签到 , exception = 
【22:55:15】      message = 查询新邮件 , exception = 
【22:55:16】      message = 终止作战 , exception = 
【23:03:48】      message = 获取UserInfo , exception = 
【23:03:52】      message = 签到 , exception = 
【23:03:52】      message = 查询新邮件 , exception = 
【23:03:58】      message = 终止作战 , exception = 
【23:05:55】      message = endTurn Error , exception = error:2
【23:06:01】      message = Simulation_battleFinish Error , exception = error:2
【23:06:05】      message = startTurn Error , exception = error:2
【23:06:14】      message = teamMove Error , exception = error:203|行动点数计算有误
【23:14:12】      message = 获取UserInfo , exception = 
【23:14:16】      message = 签到 , exception = 
【23:14:16】      message = 查询新邮件 , exception = 
【23:14:17】      message = 终止作战 , exception = 
【23:15:46】      message = endTurn Error , exception = error:2
【23:15:51】      message = Simulation_battleFinish Error , exception = error:2
【23:15:55】      message = startTurn Error , exception = error:2
【23:16:00】      message = teamMove Error , exception = error:203|行动点数计算有误
【23:31:31】      message = 获取UserInfo , exception = 
【23:31:35】      message = 签到 , exception = 
【23:31:35】      message = 查询新邮件 , exception = 
【23:31:36】      message = 终止作战 , exception = 
【23:34:16】      message = 获取UserInfo , exception = 
【23:34:20】      message = 签到 , exception = 
【23:34:20】      message = 查询新邮件 , exception = 
【23:34:21】      message = 终止作战 , exception = 
【23:34:34】      message = 获取UserInfo , exception = 
【23:34:38】      message = 签到 , exception = 
【23:34:38】      message = 查询新邮件 , exception = 
【00:35:31】      message = 获取UserInfo , exception = 
【00:35:36】      message = 签到 , exception = 
【00:35:36】      message = 查询新邮件 , exception = 
【00:35:36】      message = 终止作战 , exception = 
【00:37:02】      message = 获取UserInfo , exception = 
【00:37:06】      message = 签到 , exception = 
【00:37:06】      message = 查询新邮件 , exception = 
【00:37:07】      message = 终止作战 , exception = 
【00:43:01】      message = 获取UserInfo , exception = 
【00:43:05】      message = 签到 , exception = 
【00:43:05】      message = 查询新邮件 , exception = 
【00:43:06】      message = 终止作战 , exception = 
【00:44:28】      message = 获取UserInfo , exception = 
【00:44:36】      message = 签到 , exception = 
【00:44:36】      message = 查询新邮件 , exception = 
【00:44:36】      message = 终止作战 , exception = 
【00:49:34】      message = 获取UserInfo , exception = 
【00:49:38】      message = 签到 , exception = 
【00:49:38】      message = 查询新邮件 , exception = 
【00:49:39】      message = 终止作战 , exception = 
【01:09:07】      message = 人形 : 6746852 扩编 
【01:27:11】      message = 获取新人形 : evo 3 ,意不意外 惊不惊喜 
【01:32:39】      message = 获取新人形 : ots-44 ,意不意外 惊不惊喜 
【01:42:33】      message = 获取新人形 : 59式 ,意不意外 惊不惊喜 
【01:45:07】      message = 获取新人形 : g28 ,意不意外 惊不惊喜 
