【01:12:56】      message = 数字天空登陆 , exception = 
【01:12:57】      message = 获取时间信息 , exception = 
【01:12:58】      message = 获取Sign , exception = 
【01:12:59】      message = 获取UserInfo , exception = 
【01:13:07】      message = 签到 , exception = 
【01:13:07】      message = 查询新邮件 , exception = 
【01:13:32】      message = 终止作战 , exception = 
【01:16:10】      message = 数字天空登陆 , exception = 
【01:16:11】      message = 获取时间信息 , exception = 
【01:16:11】      message = 获取Sign , exception = 
【01:16:12】      message = 获取UserInfo , exception = 
【01:16:20】      message = 签到 , exception = 
【01:16:20】      message = 查询新邮件 , exception = 
【01:16:26】      message = 数字天空登陆 , exception = 
【01:16:27】      message = 获取时间信息 , exception = 
【01:16:27】      message = 获取Sign , exception = 
【01:16:28】      message = 获取UserInfo , exception = 
【01:16:36】      message = 签到 , exception = 
【01:16:36】      message = 查询新邮件 , exception = 
【01:16:37】      message = 安洁莉娅 无法开始作战任务，请登陆游戏检查 
【01:16:37】      message = mapctbox 完成 
【01:35:02】      message = 数字天空登陆 , exception = 
【01:35:04】      message = 获取时间信息 , exception = 
【01:35:05】      message = 获取Sign , exception = 
【01:35:06】      message = 获取UserInfo , exception = 
【01:35:09】      message = 签到 , exception = 
【01:35:09】      message = 查询新邮件 , exception = 
【02:03:32】      message = 数字天空登陆 , exception = 
【02:03:34】      message = 获取时间信息 , exception = 
【02:03:35】      message = 获取Sign , exception = 
【02:03:35】      message = 获取UserInfo , exception = 
【02:03:43】      message = 签到 , exception = 
【02:03:44】      message = 查询新邮件 , exception = 
【02:06:30】      message = 数字天空登陆 , exception = 
【02:06:30】      message = 获取时间信息 , exception = 
【02:06:31】      message = 获取Sign , exception = 
【02:06:32】      message = 获取UserInfo , exception = 
【02:06:37】      message = 签到 , exception = 
【02:06:37】      message = 查询新邮件 , exception = 
【02:06:56】      message = 数字天空登陆 , exception = 
【02:06:56】      message = 获取时间信息 , exception = 
【02:06:57】      message = 获取Sign , exception = 
【02:06:58】      message = 获取UserInfo , exception = 
【02:07:04】      message = 签到 , exception = 
【02:07:04】      message = 查询新邮件 , exception = 
【02:07:06】      message = 安洁莉娅 无法开始作战任务，请登陆游戏检查 
【02:07:06】      message = mapctbox 完成 
【02:10:02】      message = 收集数据 数据监测枢纽  
【02:10:03】      message = 收集数据 数据监测枢纽 完成 
【02:35:02】      message = 数字天空登陆 , exception = 
【02:35:03】      message = 获取时间信息 , exception = 
【02:35:04】      message = 获取Sign , exception = 
【02:35:05】      message = 获取UserInfo , exception = 
【02:35:11】      message = 签到 , exception = 
【02:35:11】      message = 查询新邮件 , exception = 
【03:35:02】      message = 数字天空登陆 , exception = 
【03:35:03】      message = 获取时间信息 , exception = 
【03:35:04】      message = 获取Sign , exception = 
【03:35:05】      message = 获取UserInfo , exception = 
【03:35:09】      message = 签到 , exception = 
【03:35:09】      message = 查询新邮件 , exception = 
【01:51:31】      message = 程序已注销 请重新创建实例 
【01:32:09】      message = 数字天空登陆 , exception = 
【01:32:10】      message = 获取时间信息 , exception = 
【01:32:11】      message = 获取Sign , exception = 
【01:32:12】      message = 获取UserInfo , exception = 
【01:32:16】      message = 签到 , exception = 
【01:32:16】      message = 查询新邮件 , exception = 
【01:33:07】      message = 终止作战 , exception = 
【01:35:02】      message = 数字天空登陆 , exception = 
【01:35:03】      message = 获取时间信息 , exception = 
【01:35:03】      message = 获取Sign , exception = 
【01:35:04】      message = 获取UserInfo , exception = 
【01:35:12】      message = 签到 , exception = 
【01:35:12】      message = 查询新邮件 , exception = 
【02:10:02】      message = 收集数据 数据监测枢纽  
【02:10:03】      message = 收集数据 数据监测枢纽 完成 
【02:23:51】      message = 数字天空登陆 , exception = 
【02:23:52】      message = 获取时间信息 , exception = 
【02:23:52】      message = 获取Sign , exception = 
【02:23:53】      message = 获取UserInfo , exception = 
【02:24:00】      message = 签到 , exception = 
【02:24:01】      message = 查询新邮件 , exception = 
【02:30:08】      message = mapctbox 完成 
【02:35:03】      message = 数字天空登陆 , exception = 
【02:35:03】      message = 获取时间信息 , exception = 
【02:35:04】      message = 获取Sign , exception = 
【02:35:05】      message = 获取UserInfo , exception = 
【02:35:10】      message = 签到 , exception = 
【02:35:10】      message = 查询新邮件 , exception = 
