【23:51:02】      message = 数字天空登陆 , exception = 
【23:51:03】      message = 获取时间信息 , exception = 
【23:51:05】      message = 获取Sign , exception = 
【23:51:06】      message = 获取UserInfo , exception = 
【23:51:09】      message = 签到 , exception = 
【23:51:09】      message = 查询新邮件 , exception = 
【23:52:01】      message = 数字天空登陆 , exception = 
【23:52:02】      message = 获取时间信息 , exception = 
【23:52:03】      message = 获取Sign , exception = 
【23:52:04】      message = 获取UserInfo , exception = 
【23:52:09】      message = 签到 , exception = 
【23:52:09】      message = 查询新邮件 , exception = 
【23:52:30】      message = 终止作战 , exception = 
【23:52:33】      message = #zVBclcyNXQrOESRAF+ZYdWVkHcL2DMWOVWd7w9Z3AnQHc7aaPSRD7L0Y7fcxUIjR/l5nhD2W1s120FSolOt5vNIsy/3lCmE 
【23:52:37】      message = endTurn Error , exception = error:3
【23:56:14】      message = 数字天空登陆 , exception = 
【23:56:15】      message = 获取时间信息 , exception = 
【23:56:16】      message = 获取Sign , exception = 
【23:56:17】      message = 获取UserInfo , exception = 
【23:56:22】      message = 签到 , exception = 
【23:56:22】      message = 查询新邮件 , exception = 
【23:56:50】      message = 数字天空登陆 , exception = 
【23:56:51】      message = 获取时间信息 , exception = 
【23:56:51】      message = 获取Sign , exception = 
【23:56:52】      message = 获取UserInfo , exception = 
【23:56:57】      message = 签到 , exception = 
【23:56:57】      message = 查询新邮件 , exception = 
【23:56:58】      message = 鹿乃桑 无法开始作战任务，请登陆游戏检查 
【23:57:06】      message = 数字天空登陆 , exception = 
【23:57:08】      message = 获取时间信息 , exception = 
【23:57:09】      message = 获取Sign , exception = 
【23:57:11】      message = 获取UserInfo , exception = 
【23:57:14】      message = 签到 , exception = 
【23:57:14】      message = 查询新邮件 , exception = 
【23:57:15】      message = 数字天空登陆 , exception = 
【23:57:16】      message = 获取时间信息 , exception = 
【23:57:17】      message = 获取Sign , exception = 
【23:57:17】      message = 获取UserInfo , exception = 
【23:57:21】      message = 签到 , exception = 
【23:57:21】      message = 查询新邮件 , exception = 
【23:57:23】      message = 鹿乃桑 无法开始作战任务，请登陆游戏检查 
【23:57:26】      message = 数字天空登陆 , exception = 
【23:57:27】      message = 获取时间信息 , exception = 
【23:57:28】      message = 获取Sign , exception = 
【23:57:29】      message = 获取UserInfo , exception = 
【23:57:36】      message = 签到 , exception = 
【23:57:36】      message = 查询新邮件 , exception = 
【23:57:38】      message = 数字天空登陆 , exception = 
【23:57:38】      message = 获取时间信息 , exception = 
【23:57:39】      message = 获取Sign , exception = 
【23:57:40】      message = 获取UserInfo , exception = 
【23:57:44】      message = 签到 , exception = 
【23:57:44】      message = 查询新邮件 , exception = 
【23:57:45】      message = 鹿乃桑 无法开始作战任务，请登陆游戏检查 
【23:57:50】      message = 数字天空登陆 , exception = 
【23:57:51】      message = 获取时间信息 , exception = 
【23:57:52】      message = 获取Sign , exception = 
【23:57:53】      message = 获取UserInfo , exception = 
【23:57:58】      message = 签到 , exception = 
【23:57:58】      message = 查询新邮件 , exception = 
【23:57:59】      message = 数字天空登陆 , exception = 
【23:58:00】      message = 获取时间信息 , exception = 
【23:58:01】      message = 获取Sign , exception = 
【23:58:02】      message = 获取UserInfo , exception = 
【23:58:06】      message = 签到 , exception = 
【23:58:06】      message = 查询新邮件 , exception = 
【23:58:07】      message = 鹿乃桑 无法开始作战任务，请登陆游戏检查 
【23:58:07】      message = mapctbox 完成 
【00:26:22】      message = 程序已注销 请重新创建实例 
【00:45:59】      message = 数字天空登陆 , exception = 
【00:46:00】      message = 获取时间信息 , exception = 
【00:46:00】      message = 获取Sign , exception = 
【00:46:01】      message = 获取UserInfo , exception = 
【00:46:06】      message = 签到 , exception = 
【00:46:06】      message = 查询新邮件 , exception = 
【00:46:51】      message = 数字天空登陆 , exception = 
【00:46:52】      message = 获取时间信息 , exception = 
【00:46:53】      message = 获取Sign , exception = 
【00:46:54】      message = 获取UserInfo , exception = 
【00:46:59】      message = 签到 , exception = 
【00:46:59】      message = 查询新邮件 , exception = 
【00:47:12】      message = 终止作战 , exception = 
【00:47:15】      message = #5z8f0L/o1dbNffwzAtW5rK4c/GIV1JzcSCUVJ+rZ+bmgw1rhl+C+UQAPbCsoN7ePlX2gQ+EOlrhmlKacQtyChqwx5H1hA4Y 
【00:47:17】      message = teamMove Error , exception = error:3
【00:49:20】      message = 数字天空登陆 , exception = 
【00:49:21】      message = 获取时间信息 , exception = 
【00:49:21】      message = 获取Sign , exception = 
【00:49:22】      message = 获取UserInfo , exception = 
【00:49:26】      message = 签到 , exception = 
【00:49:26】      message = 查询新邮件 , exception = 
【00:49:32】      message = 数字天空登陆 , exception = 
【00:49:33】      message = 获取时间信息 , exception = 
【00:49:33】      message = 获取Sign , exception = 
【00:49:34】      message = 获取UserInfo , exception = 
【00:49:43】      message = 签到 , exception = 
【00:49:43】      message = 查询新邮件 , exception = 
【00:49:44】      message = 鹿乃桑 无法开始作战任务，请登陆游戏检查 
【00:49:44】      message = mapctbox 完成 
【00:49:49】      message = 开始无限防御 Error TeamID = {0} , exception = 5
【00:49:53】      message = 开始无限防御 Error TeamID = {0} , exception = 5
【00:49:57】      message = 开始无限防御 Error TeamID = {0} , exception = 5
【00:50:02】      message = 开始无限防御 Error TeamID = {0} , exception = 5
【00:54:31】      message = 数字天空登陆 , exception = 
【00:54:32】      message = 获取时间信息 , exception = 
【00:54:32】      message = 获取Sign , exception = 
【00:54:33】      message = 获取UserInfo , exception = 
【00:54:37】      message = 签到 , exception = 
【00:54:37】      message = 查询新邮件 , exception = 
【00:55:21】      message = 获取新人形 : mk 12 ,意不意外 惊不惊喜 
【00:55:27】      message = 数字天空登陆 , exception = 
【00:55:28】      message = 获取时间信息 , exception = 
【00:55:28】      message = 获取Sign , exception = 
【00:55:29】      message = 获取UserInfo , exception = 
【00:55:33】      message = 签到 , exception = 
【00:55:33】      message = 查询新邮件 , exception = 
【00:55:34】      message = 数字天空登陆 , exception = 
【00:55:35】      message = 获取时间信息 , exception = 
【00:55:35】      message = 获取Sign , exception = 
【00:55:36】      message = 获取UserInfo , exception = 
【00:55:41】      message = 签到 , exception = 
【00:55:41】      message = 查询新邮件 , exception = 
【00:55:45】      message = 鹿乃桑 无法开始作战任务，请登陆游戏检查 
【00:55:45】      message = mapctbox 完成 
【00:55:49】      message = 开始无限防御 Error TeamID = {0} , exception = 5
【00:55:54】      message = 开始无限防御 Error TeamID = {0} , exception = 5
【00:55:58】      message = 开始无限防御 Error TeamID = {0} , exception = 5
【17:52:46】      message = 程序已注销 请重新创建实例 
【01:05:09】      message = 数字天空登陆 , exception = 
【01:05:09】      message = 获取时间信息 , exception = 
【01:05:10】      message = 获取Sign , exception = 
【01:05:11】      message = 获取UserInfo , exception = 
【01:05:16】      message = 签到 , exception = 
【01:05:17】      message = 查询新邮件 , exception = 
【01:05:38】      message = 数字天空登陆 , exception = 
【01:05:38】      message = 获取时间信息 , exception = 
【01:05:39】      message = 获取Sign , exception = 
【01:05:40】      message = 获取UserInfo , exception = 
【01:05:44】      message = 签到 , exception = 
【01:05:44】      message = 查询新邮件 , exception = 
【01:05:51】      message = #W+pyRSbdEhsMdsA35droN2rYR2T8n2S8OXpSIwLLfXhSrNrXCeI+iWNufKxPI2jrpRH82ze/Dth1daUFYYJhKTWzaDjvtdY 
【01:07:01】      message = 获取新人形 : ots-39 ,意不意外 惊不惊喜 
【01:07:36】      message = 获取新人形 : 92式 ,意不意外 惊不惊喜 
【01:08:44】      message = 数字天空登陆 , exception = 
【01:08:45】      message = 获取时间信息 , exception = 
【01:08:46】      message = 获取Sign , exception = 
【01:08:46】      message = 获取UserInfo , exception = 
【01:08:52】      message = 签到 , exception = 
【01:08:52】      message = 查询新邮件 , exception = 
【01:09:09】      message = 数字天空登陆 , exception = 
【01:09:10】      message = 获取时间信息 , exception = 
【01:09:11】      message = 获取Sign , exception = 
【01:09:12】      message = 获取UserInfo , exception = 
【01:09:16】      message = 签到 , exception = 
【01:09:16】      message = 查询新邮件 , exception = 
【01:09:17】      message = 鹿乃桑 无法开始作战任务，请登陆游戏检查 
【01:09:17】      message = mapctbox 完成 
【01:11:01】      message = 程序已注销 请重新创建实例 
<<<<<<< HEAD
【01:31:39】      message = 数字天空登陆 , exception = 
【01:31:39】      message = 获取时间信息 , exception = 
【01:31:41】      message = 获取Sign , exception = 
【01:31:42】      message = 获取UserInfo , exception = 
【01:31:47】      message = 签到 , exception = 
【01:31:48】      message = 查询新邮件 , exception = 
【01:32:15】      message = 数字天空登陆 , exception = 
【01:32:17】      message = 获取时间信息 , exception = 
【01:32:17】      message = 获取Sign , exception = 
【01:32:18】      message = 获取UserInfo , exception = 
【01:32:22】      message = 签到 , exception = 
【01:32:22】      message = 查询新邮件 , exception = 
【01:32:23】      message = 终止作战 , exception = 
【01:32:27】      message = #GOHZ6NrCpmTvO/lIxUvi84R2XEGTndPBcjx3wLKj1utkwIIpLnNHfNeiLiFG1tmTPIJAYNQP6YmZMBlZvwUhhWyF92VEVC8 
【01:32:38】      message = 鹿乃桑 无法部署梯队，请登陆游戏检查 , exception = error:3
【01:32:41】      message = endTurn Error , exception = error:3
【01:32:46】      message = endEnemyTurn Error , exception = error:3
【01:32:48】      message = startTurn Error , exception = error:3
【01:32:51】      message = teamMove Error , exception = error:3
【01:32:59】      message = teamMove Error , exception = error:3
【01:33:02】      message = teamMove Error , exception = error:3
【01:35:00】      message = 数字天空登陆 , exception = 
【01:35:01】      message = 获取时间信息 , exception = 
【01:35:02】      message = 获取Sign , exception = 
【01:35:02】      message = 获取UserInfo , exception = 
【01:35:05】      message = 签到 , exception = 
【01:35:05】      message = 查询新邮件 , exception = 
【01:35:15】      message = 数字天空登陆 , exception = 
【01:35:15】      message = 获取时间信息 , exception = 
【01:35:16】      message = 获取Sign , exception = 
【01:35:17】      message = 获取UserInfo , exception = 
【01:35:19】      message = Establish_Build_Start ERROR , exception = error:202|全局经验不够
【01:35:20】      message = 签到 , exception = 
【01:35:20】      message = 查询新邮件 , exception = 
【01:35:24】      message = 鹿乃桑 无法开始作战任务，请登陆游戏检查 
【01:35:24】      message = mapctbox 完成 
【01:35:28】      message = 开始无限防御 Error TeamID = {0} , exception = 5
【01:35:32】      message = 开始无限防御 Error TeamID = {0} , exception = 5
【01:35:33】      message = 数字天空登陆 , exception = 
【01:35:34】      message = 获取时间信息 , exception = 
【01:35:35】      message = 获取Sign , exception = 
【01:35:37】      message = 获取UserInfo , exception = 
【01:35:40】      message = 签到 , exception = 
【01:35:40】      message = 查询新邮件 , exception = 
【01:35:45】      message = 开始无限防御 Error TeamID = {0} , exception = 5
【01:35:50】      message = 开始无限防御 Error TeamID = {0} , exception = 5
【01:35:54】      message = 开始无限防御 Error TeamID = {0} , exception = 5
【01:44:23】      message = 数字天空登陆 , exception = 
【01:44:24】      message = 获取时间信息 , exception = 
【01:44:24】      message = 获取Sign , exception = 
【01:44:25】      message = 获取UserInfo , exception = 
【01:44:28】      message = 签到 , exception = 
【01:44:28】      message = 查询新邮件 , exception = 
【01:44:34】      message = 数字天空登陆 , exception = 
【01:44:34】      message = 获取时间信息 , exception = 
【01:44:35】      message = 获取Sign , exception = 
【01:44:36】      message = 获取UserInfo , exception = 
【01:44:40】      message = 签到 , exception = 
【01:44:40】      message = 查询新邮件 , exception = 
【01:44:41】      message = 鹿乃桑 无法开始作战任务，请登陆游戏检查 
【01:44:41】      message = mapctbox 完成 
【01:44:44】      message = 人形 : 5152798 扩编 
【01:44:48】      message = 开始无限防御 Error TeamID = {0} , exception = 5
【01:44:52】      message = 开始无限防御 Error TeamID = {0} , exception = 5
【01:47:14】      message = 程序已注销 请重新创建实例 
【00:39:58】      message = 数字天空登陆 , exception = 
【00:40:02】      message = 获取时间信息 , exception = 
【00:40:03】      message = 获取Sign , exception = 
【00:40:07】      message = 获取UserInfo , exception = 
【00:40:12】      message = 签到 , exception = 
【00:40:12】      message = 查询新邮件 , exception = 
【00:40:28】      message = 终止作战 , exception = 
【00:40:40】      message = 数字天空登陆 , exception = 
【00:40:41】      message = 获取时间信息 , exception = 
【00:40:42】      message = 获取Sign , exception = 
【00:40:43】      message = 获取UserInfo , exception = 
【00:40:47】      message = 签到 , exception = 
【00:40:47】      message = 查询新邮件 , exception = 
【00:41:17】      message = endTurn Error , exception = error:2
【00:41:22】      message = endEnemyTurn Error , exception = error:2
【00:41:25】      message = startTurn Error , exception = error:2
【00:41:28】      message = teamMove Error , exception = error:203|行动点数计算有误
【00:41:36】      message = teamMove Error , exception = error:203|行动点数计算有误
【00:41:39】      message = teamMove Error , exception = error:203|行动点数计算有误
【00:41:55】      message = 数字天空登陆 , exception = 
【00:41:56】      message = 获取时间信息 , exception = 
【00:41:57】      message = 获取Sign , exception = 
【00:41:58】      message = 获取UserInfo , exception = 
【00:43:14】      message = 程序已注销 请重新创建实例 
【00:46:28】      message = 数字天空登陆 , exception = 
【00:46:29】      message = 获取时间信息 , exception = 
【00:46:29】      message = 获取Sign , exception = 
【00:46:30】      message = 获取UserInfo , exception = 
【00:46:38】      message = 签到 , exception = 
【00:46:38】      message = 查询新邮件 , exception = 
【00:46:39】      message = 终止作战 , exception = 
【00:46:46】      message = 开始无限防御 Error TeamID = {0} , exception = 5
【00:49:42】      message = 数字天空登陆 , exception = 
【00:49:44】      message = 获取时间信息 , exception = 
【00:49:45】      message = 获取Sign , exception = 
【00:49:46】      message = 获取UserInfo , exception = 
【00:49:51】      message = 签到 , exception = 
【00:49:51】      message = 查询新邮件 , exception = 
【00:50:10】      message = 数字天空登陆 , exception = 
【00:50:10】      message = 获取时间信息 , exception = 
【00:50:11】      message = 获取Sign , exception = 
【00:50:12】      message = 获取UserInfo , exception = 
【00:50:18】      message = 签到 , exception = 
【00:50:18】      message = 查询新邮件 , exception = 
【00:50:19】      message = 鹿乃桑 无法开始作战任务，请登陆游戏检查 
【00:50:19】      message = mapctbox 完成 
【00:50:24】      message = 开始无限防御 Error TeamID = {0} , exception = 5
【00:50:29】      message = 开始无限防御 Error TeamID = {0} , exception = 5
【00:53:06】      message = 程序已注销 请重新创建实例 
【01:31:33】      message = 数字天空登陆 , exception = 
【01:31:34】      message = 获取时间信息 , exception = 
【01:31:34】      message = 获取Sign , exception = 
【01:31:44】      message = 获取UserInfo , exception = 
【01:31:48】      message = 签到 , exception = 
【01:31:48】      message = 查询新邮件 , exception = 
【01:34:58】      message = 数字天空登陆 , exception = 
【01:34:59】      message = 获取时间信息 , exception = 
【01:34:59】      message = 获取Sign , exception = 
【01:35:00】      message = 获取UserInfo , exception = 
【01:35:03】      message = 签到 , exception = 
【01:35:03】      message = 查询新邮件 , exception = 
【01:35:15】      message = 数字天空登陆 , exception = 
【01:35:17】      message = 获取时间信息 , exception = 
【01:35:17】      message = 获取Sign , exception = 
【01:35:18】      message = 获取UserInfo , exception = 
【01:35:21】      message = 签到 , exception = 
【01:35:21】      message = 查询新邮件 , exception = 
【01:35:22】      message = 鹿乃桑 无法开始作战任务，请登陆游戏检查 
【01:35:22】      message = mapctbox 完成 
【01:35:23】      message = 数字天空登陆 , exception = 
【01:35:24】      message = 获取时间信息 , exception = 
【01:35:25】      message = 获取Sign , exception = 
【01:35:25】      message = 获取UserInfo , exception = 
【01:35:28】      message = 签到 , exception = 
【01:35:28】      message = 查询新邮件 , exception = 
【01:43:10】      message = 程序已注销 请重新创建实例 
【01:27:17】      message = 数字天空登陆 , exception = 
【01:27:17】      message = 获取时间信息 , exception = 
【01:27:18】      message = 获取Sign , exception = 
【01:27:19】      message = 获取UserInfo , exception = 
【01:27:22】      message = 签到 , exception = 
【01:27:22】      message = 查询新邮件 , exception = 
【01:27:37】      message = 开始无限防御 Error TeamID = {0} , exception = 5
【01:30:31】      message = 数字天空登陆 , exception = 
【01:30:31】      message = 获取时间信息 , exception = 
【01:30:32】      message = 获取Sign , exception = 
【01:30:36】      message = 获取UserInfo , exception = 
【01:30:38】      message = 签到 , exception = 
【01:30:38】      message = 查询新邮件 , exception = 
【01:30:59】      message = 数字天空登陆 , exception = 
【01:31:00】      message = 获取时间信息 , exception = 
【01:31:01】      message = 获取Sign , exception = 
【01:31:01】      message = 获取UserInfo , exception = 
【01:31:06】      message = 签到 , exception = 
【01:31:06】      message = 查询新邮件 , exception = 
【01:31:07】      message = 鹿乃桑 无法开始作战任务，请登陆游戏检查 
【01:31:07】      message = mapctbox 完成 
【01:31:14】      message = 开始无限防御 Error TeamID = {0} , exception = 5
【01:31:19】      message = 开始无限防御 Error TeamID = {0} , exception = 5
【01:31:52】      message = 程序已注销 请重新创建实例 
=======
>>>>>>> parent of 8929ed9... 889
