【03:40:36】      message = 获取UserInfo , exception = 
【03:52:49】      message = 获取UserInfo , exception = 
【03:54:23】      message = 获取UserInfo , exception = 
【03:58:22】      message = 获取UserInfo , exception = 
【03:59:40】      message = 获取UserInfo , exception = 
【04:01:39】      message = 获取UserInfo , exception = 
【04:02:43】      message = 获取UserInfo , exception = 
【04:05:34】      message = 获取UserInfo , exception = 
【04:11:42】      message = 数字天空登陆 , exception = 
【04:11:43】      message = 获取时间信息 , exception = 
【04:11:44】      message = 获取Sign , exception = 
【04:11:45】      message = 获取UserInfo , exception = 
【04:12:10】      message = 签到 , exception = 
【04:12:10】      message = 查询新邮件 , exception = 
【04:13:02】      message = 终止作战 , exception = 
【04:13:15】      message = 完成作战报告书 ERROR , exception = error:202|正在升级或制造中
【04:13:16】      message = 完成作战报告书 ERROR , exception = error:202|正在升级或制造中
【04:13:16】      message = 完成作战报告书 ERROR , exception = error:202|正在升级或制造中
【04:13:17】      message = 完成作战报告书 ERROR , exception = error:202|正在升级或制造中
【04:13:18】      message = 完成作战报告书 ERROR , exception = error:202|正在升级或制造中
【04:13:18】      message = 完成作战报告书 ERROR , exception = error:202|正在升级或制造中
【04:13:19】      message = 完成作战报告书 ERROR , exception = error:202|正在升级或制造中
【04:13:19】      message = 完成作战报告书 ERROR , exception = error:202|正在升级或制造中
【04:13:20】      message = 完成作战报告书 ERROR , exception = error:202|正在升级或制造中
【04:13:21】      message = 完成作战报告书 ERROR , exception = error:202|正在升级或制造中
【04:13:24】      message = 完成作战报告书 ERROR , exception = error:202|正在升级或制造中
【04:13:25】      message = 完成作战报告书 ERROR , exception = error:202|正在升级或制造中
【04:13:26】      message = 完成作战报告书 ERROR , exception = error:202|正在升级或制造中
【04:13:26】      message = 完成作战报告书 ERROR , exception = error:202|正在升级或制造中
【04:13:27】      message = 完成作战报告书 ERROR , exception = error:202|正在升级或制造中
【04:18:31】      message = 获取UserInfo , exception = 
【04:20:59】      message = 获取UserInfo , exception = 
【04:25:23】      message = 获取UserInfo , exception = 
【04:25:48】      message = 签到 , exception = 
【04:25:48】      message = 查询新邮件 , exception = 
【04:25:48】      message = 终止作战 , exception = 
【04:29:39】      message = 获取UserInfo , exception = 
【04:29:47】      message = 签到 , exception = 
【04:29:47】      message = 查询新邮件 , exception = 
【04:29:47】      message = 终止作战 , exception = 
【04:36:08】      message = 获取UserInfo , exception = 
【04:36:11】      message = 签到 , exception = 
【04:36:11】      message = 查询新邮件 , exception = 
【04:36:12】      message = 终止作战 , exception = 
【04:38:15】      message = 获取UserInfo , exception = 
【04:38:19】      message = 签到 , exception = 
【04:38:19】      message = 查询新邮件 , exception = 
【04:38:20】      message = 终止作战 , exception = 
【04:40:58】      message = 人形 : 13524727 扩编 
【04:42:01】      message = 编写作战报告书 ERROR , exception = error:202|尚有产出没有领取
【04:42:23】      message = 完成作战报告书 ERROR , exception = error:202|正在升级或制造中
