【03:44:43】      message = 获取邮件 ID: 73241440 标题 格琳娜的每日答谢礼物 内容 亲爱的指挥官，//n感谢您的关照，这是我准备的小礼物，希望您会喜欢。顺便，祝新的一天工作顺利！//n//n您活跃的后勤官 格琳娜 
【03:44:46】      message = 获取邮件 ID: 73242791 标题 每日指标：小型维修 内容 进行3次战术少女修复。 
【03:44:49】      message = 终止作战 , exception = 
【03:46:17】      message = 获取邮件 ID: 73241440 标题 格琳娜的每日答谢礼物 内容 亲爱的指挥官，//n感谢您的关照，这是我准备的小礼物，希望您会喜欢。顺便，祝新的一天工作顺利！//n//n您活跃的后勤官 格琳娜 
【03:46:52】      message = 获取邮件 ID: 73241440 标题 格琳娜的每日答谢礼物 内容 亲爱的指挥官，//n感谢您的关照，这是我准备的小礼物，希望您会喜欢。顺便，祝新的一天工作顺利！//n//n您活跃的后勤官 格琳娜 
【03:47:01】      message = 紅絔椛丶 无法开始作战任务，请登陆游戏检查 
【03:47:22】      message = 战斗任务结束,获得 人力 0 子弹 0 口粮 0 零件 0 初级资料 0 中级资料 0 高级资料 0 人形 0 
【03:47:27】      message = Fix_Gun Error , exception = error:2
【03:47:29】      message = Fix_Gun Error , exception = error:2
【03:47:32】      message = Fix_Gun Error , exception = error:2
【03:48:21】      message = teamMove Error , exception = error:2
【03:48:25】      message = teamMove Error , exception = error:2
【03:49:49】      message = 战斗任务结束,获得 人力 0 子弹 0 口粮 0 零件 0 初级资料 0 中级资料 0 高级资料 0 人形 0 
【03:49:52】      message = Fix_Gun Error , exception = error:2
【03:49:56】      message = Fix_Gun Error , exception = error:2
【03:50:00】      message = Fix_Gun Error , exception = error:2
【04:10:57】      message = 获取邮件 ID: 73241440 标题 格琳娜的每日答谢礼物 内容 亲爱的指挥官，//n感谢您的关照，这是我准备的小礼物，希望您会喜欢。顺便，祝新的一天工作顺利！//n//n您活跃的后勤官 格琳娜 
【04:13:33】      message = 获取邮件 ID: 73241440 标题 格琳娜的每日答谢礼物 内容 亲爱的指挥官，//n感谢您的关照，这是我准备的小礼物，希望您会喜欢。顺便，祝新的一天工作顺利！//n//n您活跃的后勤官 格琳娜 
【04:21:15】      message = 获取邮件 ID: 73241440 标题 格琳娜的每日答谢礼物 内容 亲爱的指挥官，//n感谢您的关照，这是我准备的小礼物，希望您会喜欢。顺便，祝新的一天工作顺利！//n//n您活跃的后勤官 格琳娜 
【05:35:58】      message = 获取邮件 ID: 73241440 标题 格琳娜的每日答谢礼物 内容 亲爱的指挥官，//n感谢您的关照，这是我准备的小礼物，希望您会喜欢。顺便，祝新的一天工作顺利！//n//n您活跃的后勤官 格琳娜 
【05:36:01】      message = 获取邮件 ID: 73241440 标题 格琳娜的每日答谢礼物 内容 亲爱的指挥官，//n感谢您的关照，这是我准备的小礼物，希望您会喜欢。顺便，祝新的一天工作顺利！//n//n您活跃的后勤官 格琳娜 
【05:38:45】      message = 获取邮件 ID: 73241440 标题 格琳娜的每日答谢礼物 内容 亲爱的指挥官，//n感谢您的关照，这是我准备的小礼物，希望您会喜欢。顺便，祝新的一天工作顺利！//n//n您活跃的后勤官 格琳娜 
【05:39:33】      message = 获取邮件 ID: 73241440 标题 格琳娜的每日答谢礼物 内容 亲爱的指挥官，//n感谢您的关照，这是我准备的小礼物，希望您会喜欢。顺便，祝新的一天工作顺利！//n//n您活跃的后勤官 格琳娜 
【05:50:08】      message = 装备强化 ERROR , exception = error:2
【05:50:31】      message = 紅絔椛丶 无法开始作战任务，请登陆游戏检查 
【05:50:32】      message = 战斗任务结束,获得 人力 0 子弹 0 口粮 0 零件 0 初级资料 0 中级资料 0 高级资料 0 人形 0 
【05:50:36】      message = Fix_Gun Error , exception = error:2
【05:50:38】      message = Fix_Gun Error , exception = error:2
【05:56:17】      message = 战斗任务结束,获得 人力 0 子弹 0 口粮 0 零件 0 初级资料 0 中级资料 0 高级资料 0 人形 0 
【05:56:21】      message = Fix_Gun Error , exception = error:2
【05:56:23】      message = Fix_Gun Error , exception = error:2
【05:58:19】      message = 战斗任务结束,获得 人力 0 子弹 0 口粮 0 零件 0 初级资料 0 中级资料 0 高级资料 0 人形 0 
【05:58:27】      message = Fix_Gun Error , exception = error:2
【05:58:39】      message = Fix_Gun Error , exception = error:2
【12:10:11】      message = 程序已注销 请重新创建实例 
