【01:42:13】      message = 数字天空登陆 , exception = 
【01:42:13】      message = 获取时间信息 , exception = 
【01:42:14】      message = 获取Sign , exception = 
【01:42:15】      message = 获取UserInfo , exception = 
【01:42:22】      message = 签到 , exception = 
【01:42:22】      message = 查询新邮件 , exception = 
【01:43:42】      message = 装备强化 id 6257255 
【01:48:04】      message = mapctbox 完成 
【02:35:02】      message = 数字天空登陆 , exception = 
【02:35:04】      message = 获取时间信息 , exception = 
【02:35:05】      message = 获取Sign , exception = 
【02:35:06】      message = 获取UserInfo , exception = 
【02:35:12】      message = 签到 , exception = 
【02:35:12】      message = 查询新邮件 , exception = 
【02:35:29】      message = 终止作战 , exception = 
【02:57:16】      message = 后勤结束失败 , exception = error:0
【03:35:02】      message = 数字天空登陆 , exception = 
【03:35:03】      message = 获取时间信息 , exception = 
【03:35:04】      message = 获取Sign , exception = 
【03:35:04】      message = 获取UserInfo , exception = 
【03:35:11】      message = 签到 , exception = 
【03:35:11】      message = 查询新邮件 , exception = 
【03:35:19】      message = 终止作战 , exception = 
【04:27:19】      message = 后勤结束失败 , exception = error:0
【13:30:09】      message = 程序已注销 请重新创建实例 
【01:30:07】      message = 数字天空登陆 , exception = 
【01:30:10】      message = 获取时间信息 , exception = 
【01:30:14】      message = 获取Sign , exception = 
【01:30:15】      message = 获取UserInfo , exception = 
【01:30:19】      message = 签到 , exception = 
【01:30:19】      message = 查询新邮件 , exception = 
【01:34:57】      message = mapctbox 完成 
【01:35:02】      message = 数字天空登陆 , exception = 
【01:35:03】      message = 获取时间信息 , exception = 
【01:35:04】      message = 获取Sign , exception = 
【01:35:04】      message = 程序已注销 请重新创建实例 
【01:35:04】      message = 获取UserInfo , exception = 
【01:35:11】      message = 签到 , exception = 
【01:35:11】      message = 查询新邮件 , exception = 
