【04:27:20】      message = 7_4n 成功 , exception = 
【04:28:13】      message = 7_4n 成功 , exception = 
【04:29:06】      message = 7_4n 成功 , exception = 
【04:30:01】      message = 7_4n 成功 , exception = 
【04:30:53】      message = 7_4n 成功 , exception = 
【04:31:46】      message = 7_4n 成功 , exception = 
【04:32:44】      message = 7_4n 成功 , exception = 
【04:33:42】      message = 7_4n 成功 , exception = 
【04:34:33】      message = 蕾斯蒂亚 无法开始作战任务，请登陆游戏检查 
【06:10:03】      message =  Shana 宿舍 电池数 10 剩余 50 
【06:10:09】      message =  空 宿舍 电池数 10 剩余 49 
【06:10:15】      message =  高須竜児 宿舍 电池数 10 剩余 48 
【06:10:20】      message =  残花飘落 宿舍 电池数 9 剩余 47 
【06:10:22】      message =  吹动秋风 宿舍 电池数 10 剩余 46 
【06:10:28】      message =  一粒尘埃 宿舍 电池数 6 剩余 45 
【06:10:30】      message =  樱内梨子 宿舍 电池数 10 剩余 44 
【06:10:36】      message =  Goretign 宿舍 电池数 10 剩余 43 
【06:10:41】      message =  s1.Allure 宿舍 电池数 10 剩余 42 
【06:10:46】      message =  LV120提督 宿舍 电池数 10 剩余 41 
【06:10:51】      message =  Akira 宿舍 电池数 10 剩余 40 
【06:10:56】      message =  圜田海未 宿舍 电池数 10 剩余 39 
【07:35:29】      message = Establish_Build_Finish ERROR , exception = error:202|尚无任何产出
【14:10:01】      message = 获取宿舍信息出错 , exception = error:1
【06:30:40】      message = 程序已注销 请重新创建实例 
