【01:37:49】      message = 数字天空登陆 , exception = 
【01:37:51】      message = 获取时间信息 , exception = 
【01:37:52】      message = 获取Sign , exception = 
【01:37:52】      message = 获取UserInfo , exception = 
【01:37:58】      message = 签到 , exception = 
【01:37:58】      message = 查询新邮件 , exception = 
【01:38:05】      message = 数字天空登陆 , exception = 
【01:38:06】      message = 获取时间信息 , exception = 
【01:38:06】      message = 获取Sign , exception = 
【01:38:07】      message = 获取UserInfo , exception = 
【01:38:10】      message = 签到 , exception = 
【01:38:10】      message = 查询新邮件 , exception = 
【01:42:14】      message = mapctbox 完成 
【01:59:21】      message = 程序已注销 请重新创建实例 
【01:10:34】      message = 数字天空登陆 , exception = 
【01:10:35】      message = 获取时间信息 , exception = 
【01:10:36】      message = 获取Sign , exception = 
【01:10:37】      message = 获取UserInfo , exception = 
【01:10:39】      message = 签到 , exception = 
【01:10:39】      message = 查询新邮件 , exception = 
【01:11:06】      message = 程序已注销 请重新创建实例 
【01:11:22】      message = 数字天空登陆 , exception = 
【01:11:23】      message = 获取时间信息 , exception = 
【01:11:23】      message = 获取Sign , exception = 
【01:11:24】      message = 获取UserInfo , exception = 
【01:11:29】      message = 签到 , exception = 
【01:11:30】      message = 查询新邮件 , exception = 
【01:16:31】      message = mapctbox 完成 
【02:08:26】      message = mapctbox 完成 
【02:10:02】      message = 收集数据 数据监测枢纽  
【02:10:03】      message = 收集数据 数据监测枢纽 完成 
【02:35:02】      message = 数字天空登陆 , exception = 
【02:35:03】      message = 获取时间信息 , exception = 
【02:35:05】      message = 获取Sign , exception = 
【02:35:06】      message = 获取UserInfo , exception = 
【02:35:10】      message = 签到 , exception = 
【02:35:10】      message = 查询新邮件 , exception = 
【03:35:02】      message = 数字天空登陆 , exception = 
【03:35:03】      message = 获取时间信息 , exception = 
【03:35:05】      message = 获取Sign , exception = 
【03:35:05】      message = 获取UserInfo , exception = 
【03:35:08】      message = 签到 , exception = 
【03:35:08】      message = 查询新邮件 , exception = 
【01:51:28】      message = 程序已注销 请重新创建实例 
【01:17:49】      message = 数字天空登陆 , exception = 
【01:17:50】      message = 获取时间信息 , exception = 
【01:17:51】      message = 获取Sign , exception = 
【01:17:52】      message = 获取UserInfo , exception = 
【01:17:59】      message = 签到 , exception = 
【01:17:59】      message = 查询新邮件 , exception = 
【01:23:03】      message = mapctbox 完成 
【01:34:11】      message = error:203|max build_slot error 
【01:35:02】      message = 数字天空登陆 , exception = 
【01:35:03】      message = 获取时间信息 , exception = 
【01:35:03】      message = 获取Sign , exception = 
【01:35:04】      message = 获取UserInfo , exception = 
【01:35:10】      message = 签到 , exception = 
【01:35:10】      message = 查询新邮件 , exception = 
【01:35:43】      message = error:203|max build_slot error 
【02:10:02】      message = 收集数据 数据监测枢纽  
【02:10:03】      message = 收集数据 数据监测枢纽 完成 
【02:25:16】      message = mapctbox 完成 
【02:35:03】      message = 数字天空登陆 , exception = 
【02:35:04】      message = 获取时间信息 , exception = 
【02:35:04】      message = 获取Sign , exception = 
【02:35:05】      message = 获取UserInfo , exception = 
【02:35:10】      message = 签到 , exception = 
【02:35:11】      message = 查询新邮件 , exception = 
