【18:57:07】      message = 数字天空登陆 , exception = 
【18:57:08】      message = 获取时间信息 , exception = 
【18:57:08】      message = 获取Sign , exception = 
【18:57:09】      message = 获取UserInfo , exception = 
【18:57:13】      message = 签到 , exception = 
【18:57:13】      message = 查询新邮件 , exception = 
【18:57:32】      message = 数字天空登陆 , exception = 
【18:57:32】      message = 获取时间信息 , exception = 
【18:57:33】      message = 获取Sign , exception = 
【18:57:34】      message = 获取UserInfo , exception = 
【18:57:41】      message = 签到 , exception = 
【18:57:41】      message = 查询新邮件 , exception = 
【18:57:57】      message = 数字天空登陆 , exception = 
【18:57:58】      message = 获取时间信息 , exception = 
【18:57:59】      message = 获取Sign , exception = 
【18:57:59】      message = 获取UserInfo , exception = 
【18:58:09】      message = 签到 , exception = 
【18:58:09】      message = 查询新邮件 , exception = 
【18:58:23】      message =  开始后勤任务出错 , exception = error:2
【18:58:25】      message =  开始后勤任务出错 , exception = error:2
【18:58:32】      message = 数字天空登陆 , exception = 
【18:58:33】      message = 获取时间信息 , exception = 
【18:58:34】      message = 获取Sign , exception = 
【18:58:34】      message = 获取UserInfo , exception = 
【18:58:39】      message = 签到 , exception = 
【18:58:39】      message = 查询新邮件 , exception = 
【19:01:27】      message = 后勤结束失败 , exception = error:0
【19:01:59】      message = 数字天空登陆 , exception = 
【19:02:00】      message = 获取时间信息 , exception = 
【19:02:01】      message = 获取Sign , exception = 
【19:02:02】      message = 获取UserInfo , exception = 
【19:02:06】      message = 签到 , exception = 
【19:02:06】      message = 查询新邮件 , exception = 
【02:22:35】      message = 数字天空登陆 , exception = 
【02:22:36】      message = 获取时间信息 , exception = 
【02:22:37】      message = 获取Sign , exception = 
【02:22:37】      message = 获取UserInfo , exception = 
【02:22:42】      message = 签到 , exception = 
【02:22:43】      message = 查询新邮件 , exception = 
【02:26:45】      message = 数字天空登陆 , exception = 
【02:26:46】      message = 获取时间信息 , exception = 
【02:26:47】      message = 获取Sign , exception = 
【02:26:48】      message = 获取UserInfo , exception = 
【02:26:55】      message = 签到 , exception = 
【02:26:55】      message = 查询新邮件 , exception = 
【02:28:58】      message = 人形 : 26856435 扩编 
【02:29:40】      message = 人形 : 31935397 扩编 
【02:30:22】      message = 人形 : 57356702 扩编 
【02:31:04】      message = 人形 : 65448601 扩编 
【02:35:41】      message = 人形 : 65448601 扩编 
【02:35:42】      message = 数字天空登陆 , exception = 
【02:35:43】      message = 获取时间信息 , exception = 
【02:35:44】      message = 获取Sign , exception = 
【02:35:44】      message = 获取UserInfo , exception = 
【02:35:54】      message = 签到 , exception = 
【02:35:54】      message = 查询新邮件 , exception = 
【02:36:36】      message = 人形 : 26856435 扩编 
【02:37:18】      message = 人形 : 31935397 扩编 
【02:38:00】      message = 人形 : 57356702 扩编 
【02:52:02】      message = 数字天空登陆 , exception = 
【02:52:03】      message = 获取时间信息 , exception = 
【02:52:04】      message = 获取Sign , exception = 
【02:52:05】      message = 获取UserInfo , exception = 
【02:52:08】      message = 签到 , exception = 
【02:52:08】      message = 查询新邮件 , exception = 
【17:40:15】      message = 数字天空登陆 , exception = 
【17:40:16】      message = 获取时间信息 , exception = 
【17:40:17】      message = 获取Sign , exception = 
【17:40:18】      message = 获取UserInfo , exception = 
【17:40:23】      message = 签到 , exception = 
【17:40:23】      message = 查询新邮件 , exception = 
【17:40:37】      message = 当前teammove 步数 0 
【17:41:20】      message = 数字天空登陆 , exception = 
【17:41:20】      message = 获取时间信息 , exception = 
【17:41:21】      message = 获取Sign , exception = 
【17:41:22】      message = 获取UserInfo , exception = 
【17:41:32】      message = 签到 , exception = 
【17:41:32】      message = 查询新邮件 , exception = 
【17:41:33】      message = 终止作战 , exception = 
【17:41:51】      message = 当前teammove 步数 0 
【17:42:01】      message = 当前teammove 步数 1 
【17:42:10】      message = 当前teammove 步数 2 
【17:42:12】      message = 当前teammove 步数 3 
【17:42:29】      message = 当前teammove 步数 4 
【17:42:38】      message = 当前teammove 步数 5 
【17:50:13】      message = 数字天空登陆 , exception = 
【17:50:14】      message = 获取时间信息 , exception = 
【17:50:15】      message = 获取Sign , exception = 
【17:50:16】      message = 获取UserInfo , exception = 
【17:50:20】      message = 签到 , exception = 
【17:50:20】      message = 查询新邮件 , exception = 
【17:51:21】      message = 数字天空登陆 , exception = 
【17:51:22】      message = 获取时间信息 , exception = 
【17:51:23】      message = 获取Sign , exception = 
【17:51:23】      message = 获取UserInfo , exception = 
【17:51:32】      message = 签到 , exception = 
【17:51:32】      message = 查询新邮件 , exception = 
【17:52:34】      message = 数字天空登陆 , exception = 
【17:52:35】      message = 获取时间信息 , exception = 
【17:52:36】      message = 获取Sign , exception = 
【17:52:36】      message = 获取UserInfo , exception = 
【17:52:40】      message = 签到 , exception = 
【17:52:40】      message = 查询新邮件 , exception = 
【19:21:35】      message = 数字天空登陆 , exception = 
【19:21:36】      message = 获取时间信息 , exception = 
【19:21:37】      message = 获取Sign , exception = 
【19:21:38】      message = 获取UserInfo , exception = 
【19:21:42】      message = 签到 , exception = 
【19:21:42】      message = 查询新邮件 , exception = 
【19:23:51】      message = 数字天空登陆 , exception = 
【19:23:55】      message = 获取时间信息 , exception = 
【19:23:59】      message = 获取Sign , exception = 
【19:24:00】      message = 获取UserInfo , exception = 
【19:24:09】      message = 签到 , exception = 
【19:24:09】      message = 查询新邮件 , exception = 
【19:24:49】      message = 数字天空登陆 , exception = 
【19:24:49】      message = 获取时间信息 , exception = 
【19:24:50】      message = 获取Sign , exception = 
【19:24:51】      message = 获取UserInfo , exception = 
【19:24:59】      message = 签到 , exception = 
【19:24:59】      message = 查询新邮件 , exception = 
【19:25:00】      message = 数字天空登陆 , exception = 
【19:25:01】      message = 获取时间信息 , exception = 
【19:25:01】      message = 获取Sign , exception = 
【19:25:02】      message = 获取UserInfo , exception = 
【19:25:12】      message = 签到 , exception = 
【19:25:12】      message = 查询新邮件 , exception = 
【19:25:13】      message = jackjieS 无法开始作战任务，请登陆游戏检查 
【19:25:38】      message = 数字天空登陆 , exception = 
【19:25:38】      message = 获取时间信息 , exception = 
【19:25:39】      message = 获取Sign , exception = 
【19:25:40】      message = 获取UserInfo , exception = 
【19:25:49】      message = 签到 , exception = 
【19:25:49】      message = 查询新邮件 , exception = 
【19:25:58】      message = 数字天空登陆 , exception = 
【19:25:59】      message = 获取时间信息 , exception = 
【19:25:59】      message = 获取Sign , exception = 
【19:26:00】      message = 获取UserInfo , exception = 
【19:26:04】      message = 签到 , exception = 
【19:26:04】      message = 查询新邮件 , exception = 
【19:26:08】      message = 数字天空登陆 , exception = 
【19:26:09】      message = 获取时间信息 , exception = 
【19:26:10】      message = 获取Sign , exception = 
【19:26:10】      message = 获取UserInfo , exception = 
【19:26:23】      message = 签到 , exception = 
【19:26:23】      message = 查询新邮件 , exception = 
【19:26:25】      message = jackjieS 无法开始作战任务，请登陆游戏检查 
【19:29:58】      message = 数字天空登陆 , exception = 
【19:29:58】      message = 获取时间信息 , exception = 
【19:30:00】      message = 获取Sign , exception = 
【19:30:00】      message = 获取UserInfo , exception = 
【19:30:08】      message = 签到 , exception = 
【19:30:08】      message = 查询新邮件 , exception = 
【21:50:17】      message = 数字天空登陆 , exception = 
【21:50:17】      message = 数字天空登陆 , exception = 
【21:50:18】      message = 获取时间信息 , exception = 
【21:50:18】      message = 获取时间信息 , exception = 
【21:50:19】      message = 获取Sign , exception = 
【21:50:19】      message = 获取Sign , exception = 
【21:50:20】      message = 获取UserInfo , exception = 
【21:50:20】      message = 获取UserInfo , exception = 
【21:50:24】      message = 签到 , exception = 
【21:50:24】      message = 查询新邮件 , exception = 
【21:50:29】      message = 签到 , exception = 
【21:50:29】      message = 查询新邮件 , exception = 
【21:51:19】      message = 数字天空登陆 , exception = 
【21:51:19】      message = 数字天空登陆 , exception = 
【21:51:19】      message = 获取时间信息 , exception = 
【21:51:23】      message = 获取Sign , exception = 
【21:51:24】      message = 获取UserInfo , exception = 
【21:51:28】      message = 获取时间信息 , exception = 
【21:51:32】      message = 获取Sign , exception = 
【21:51:33】      message = 获取UserInfo , exception = 
【21:52:10】      message = 数字天空登陆 , exception = 
【21:52:25】      message = 获取时间信息 , exception = 
【21:52:29】      message = 获取Sign , exception = 
【21:52:30】      message = 获取UserInfo , exception = 
【21:53:38】      message = 签到 , exception = 
【21:53:38】      message = 查询新邮件 , exception = 
【21:54:37】      message = 数字天空登陆 , exception = 
【21:54:41】      message = 获取时间信息 , exception = 
【21:54:42】      message = 获取Sign , exception = 
【21:54:43】      message = 获取UserInfo , exception = 
【22:02:13】      message = 数字天空登陆 , exception = 
【22:02:35】      message = 获取时间信息 , exception = 
【22:03:01】      message = 获取Sign , exception = 
【22:03:33】      message = 获取UserInfo , exception = 
【22:05:50】      message = 数字天空登陆 , exception = 
【22:06:32】      message = LoginDigitalSKY , exception = false System.Net.WebException: 由于连接方在一段时间后没有正确答复或连接的主机没有反应，连接尝试失败。 由于连接方在一段时间后没有正确答复或连接的主机没有反应，连接尝试失败。 ---> System.Net.Http.HttpRequestException: 由于连接方在一段时间后没有正确答复或连接的主机没有反应，连接尝试失败。 ---> System.Net.Sockets.SocketException: 由于连接方在一段时间后没有正确答复或连接的主机没有反应，连接尝试失败。
   at System.Net.Http.ConnectHelper.ConnectAsync(String host, Int32 port, CancellationToken cancellationToken)
   --- End of inner exception stack trace ---
   at System.Net.Http.ConnectHelper.ConnectAsync(String host, Int32 port, CancellationToken cancellationToken)
   at System.Threading.Tasks.ValueTask`1.get_Result()
   at System.Net.Http.HttpConnectionPool.CreateConnectionAsync(HttpRequestMessage request, CancellationToken cancellationToken)
   at System.Threading.Tasks.ValueTask`1.get_Result()
   at System.Net.Http.HttpConnectionPool.WaitForCreatedConnectionAsync(ValueTask`1 creationTask)
   at System.Threading.Tasks.ValueTask`1.get_Result()
   at System.Net.Http.HttpConnectionPool.SendWithRetryAsync(HttpRequestMessage request, Boolean doRequestAuth, CancellationToken cancellationToken)
   at System.Net.Http.RedirectHandler.SendAsync(HttpRequestMessage request, CancellationToken cancellationToken)
   at System.Net.Http.HttpClient.FinishSendAsyncUnbuffered(Task`1 sendTask, HttpRequestMessage request, CancellationTokenSource cts, Boolean disposeCts)
   at System.Net.HttpWebRequest.SendRequest()
   at System.Net.HttpWebRequest.GetResponse()
   --- End of inner exception stack trace ---
   at System.Net.HttpWebRequest.GetResponse()
   at System.Net.WebClient.GetWebResponse(WebRequest request)
   at System.Net.WebClient.DownloadBits(WebRequest request, Stream writeStream)
   at System.Net.WebClient.UploadBits(WebRequest request, Stream readStream, Byte[] buffer, Int32 chunkSize, Byte[] header, Byte[] footer)
   at System.Net.WebClient.UploadDataInternal(Uri address, String method, Byte[] data, WebRequest& request)
   at System.Net.WebClient.UploadData(Uri address, String method, Byte[] data)
   at System.Net.WebClient.UploadData(String address, String method, Byte[] data)
   at GFHelp.Core.API.BaseRequset.DoPost(String url, Byte[] postData) in C:\Users\jack\Desktop\CS\GFHelp-Web\GFHelp.Core\API\BaseRequset.cs:line 40
【03:10:00】      message = 数字天空登陆 , exception = 
【03:10:01】      message = 获取时间信息 , exception = 
【03:10:02】      message = 获取Sign , exception = 
【03:10:03】      message = 获取UserInfo , exception = 
【03:10:10】      message = 签到 , exception = 
【03:10:11】      message = 查询新邮件 , exception = 
【02:01:33】      message = 数字天空登陆 , exception = 
【02:01:34】      message = 获取时间信息 , exception = 
【02:01:35】      message = 获取Sign , exception = 
【02:01:40】      message = 获取UserInfo , exception = 
【02:01:48】      message = 签到 , exception = 
【02:01:49】      message = 查询新邮件 , exception = 
【02:01:50】      message = 后勤结束失败 , exception = error:3
【03:18:44】      message = 数字天空登陆 , exception = 
【03:18:45】      message = 获取时间信息 , exception = 
【03:18:46】      message = 获取Sign , exception = 
【03:18:46】      message = 获取UserInfo , exception = 
【03:18:51】      message = 签到 , exception = 
【03:18:51】      message = 查询新邮件 , exception = 
【03:22:02】      message = 数字天空登陆 , exception = 
【03:22:03】      message = 获取时间信息 , exception = 
【03:22:04】      message = 获取Sign , exception = 
【03:22:05】      message = 获取UserInfo , exception = 
【03:22:09】      message = 签到 , exception = 
【03:22:09】      message = 查询新邮件 , exception = 
【03:23:59】      message = 数字天空登陆 , exception = 
【03:24:00】      message = 获取时间信息 , exception = 
【03:24:01】      message = 获取Sign , exception = 
【03:24:02】      message = 获取UserInfo , exception = 
【03:24:06】      message = 签到 , exception = 
【03:24:06】      message = 查询新邮件 , exception = 
【04:47:20】      message = 数字天空登陆 , exception = 
【04:47:21】      message = 获取时间信息 , exception = 
【04:47:22】      message = 获取Sign , exception = 
【04:47:23】      message = 获取UserInfo , exception = 
【04:47:29】      message = 签到 , exception = 
【04:47:29】      message = 查询新邮件 , exception = 
【05:00:55】      message = 数字天空登陆 , exception = 
【05:00:57】      message = 获取时间信息 , exception = 
【05:00:57】      message = 获取Sign , exception = 
【05:00:58】      message = 获取UserInfo , exception = 
【05:01:03】      message = 签到 , exception = 
【05:01:03】      message = 查询新邮件 , exception = 
【05:10:56】      message = 数字天空登陆 , exception = 
【05:10:57】      message = 获取时间信息 , exception = 
【05:10:58】      message = 获取Sign , exception = 
【05:10:58】      message = 获取UserInfo , exception = 
【05:11:03】      message = 签到 , exception = 
【05:11:03】      message = 查询新邮件 , exception = 
【19:50:05】      message = 数字天空登陆 , exception = 
【19:50:06】      message = 获取时间信息 , exception = 
【19:50:07】      message = 获取Sign , exception = 
【19:50:08】      message = 获取UserInfo , exception = 
【19:50:17】      message = 签到 , exception = 
【19:50:17】      message = 查询新邮件 , exception = 
【19:53:01】      message = 数字天空登陆 , exception = 
【19:53:02】      message = 获取时间信息 , exception = 
【19:53:02】      message = 获取Sign , exception = 
【19:53:03】      message = 获取UserInfo , exception = 
【19:53:07】      message = 签到 , exception = 
【19:53:07】      message = 查询新邮件 , exception = 
【19:56:40】      message = 数字天空登陆 , exception = 
【19:56:41】      message = 获取时间信息 , exception = 
【19:56:42】      message = 获取Sign , exception = 
【19:56:42】      message = 获取UserInfo , exception = 
【19:56:48】      message = 签到 , exception = 
【19:56:48】      message = 查询新邮件 , exception = 
【20:07:20】      message = 数字天空登陆 , exception = 
【20:07:21】      message = 获取时间信息 , exception = 
【20:07:22】      message = 获取Sign , exception = 
【20:07:24】      message = 获取UserInfo , exception = 
【20:07:35】      message = 签到 , exception = 
【20:07:35】      message = 查询新邮件 , exception = 
【20:09:08】      message = 数字天空登陆 , exception = 
【20:09:09】      message = 获取时间信息 , exception = 
【20:09:09】      message = 获取Sign , exception = 
【20:09:10】      message = 获取UserInfo , exception = 
【20:09:14】      message = 签到 , exception = 
【20:09:14】      message = 查询新邮件 , exception = 
【20:11:01】      message = 数字天空登陆 , exception = 
【20:11:05】      message = 获取时间信息 , exception = 
【20:11:08】      message = 获取Sign , exception = 
【20:11:09】      message = 获取UserInfo , exception = 
【20:11:14】      message = 签到 , exception = 
【20:11:14】      message = 查询新邮件 , exception = 
【18:08:47】      message = 数字天空登陆 , exception = 
【18:08:48】      message = 获取时间信息 , exception = 
【18:08:49】      message = 获取Sign , exception = 
【18:08:50】      message = 获取UserInfo , exception = 
【18:08:58】      message = 签到 , exception = 
【18:08:58】      message = 查询新邮件 , exception = 
【18:13:54】      message = 数字天空登陆 , exception = 
【18:13:55】      message = 获取时间信息 , exception = 
【18:13:56】      message = 获取Sign , exception = 
【18:13:56】      message = 获取UserInfo , exception = 
【18:14:02】      message = 签到 , exception = 
【18:14:02】      message = 查询新邮件 , exception = 
【18:16:15】      message = 数字天空登陆 , exception = 
【18:16:16】      message = 获取时间信息 , exception = 
【18:16:18】      message = 获取Sign , exception = 
【18:16:27】      message = 获取UserInfo , exception = 
【18:16:32】      message = 签到 , exception = 
【18:16:32】      message = 查询新邮件 , exception = 
【19:22:39】      message = 数字天空登陆 , exception = 
【19:22:40】      message = 获取时间信息 , exception = 
【19:22:41】      message = 获取Sign , exception = 
【19:22:41】      message = 获取UserInfo , exception = 
【19:22:46】      message = 签到 , exception = 
【19:22:46】      message = 查询新邮件 , exception = 
【19:23:54】      message = 数字天空登陆 , exception = 
【19:23:55】      message = 获取时间信息 , exception = 
【19:23:56】      message = 获取Sign , exception = 
【19:23:57】      message = 获取UserInfo , exception = 
【19:24:00】      message = 签到 , exception = 
【19:24:00】      message = 查询新邮件 , exception = 
【19:24:05】      message = 终止作战 , exception = 
【19:24:11】      message = 数字天空登陆 , exception = 
【19:24:12】      message = 获取时间信息 , exception = 
【19:24:12】      message = 获取Sign , exception = 
【19:24:13】      message = 获取UserInfo , exception = 
【19:24:16】      message = 签到 , exception = 
【19:24:16】      message = 查询新邮件 , exception = 
【19:24:22】      message = 终止作战 , exception = 
【19:24:26】      message = teamMove Error , exception = error:3
【19:24:37】      message = endTurn Error , exception = error:3
【19:24:41】      message = endEnemyTurn Error , exception = error:3
【19:24:44】      message = startTurn Error , exception = error:3
【19:24:47】      message = teamMove Error , exception = error:3
【19:24:55】      message = teamMove Error , exception = error:3
【19:25:02】      message = endTurn Error , exception = error:3
【19:35:38】      message = 数字天空登陆 , exception = 
【19:35:39】      message = 获取时间信息 , exception = 
【19:35:39】      message = 获取Sign , exception = 
【19:35:40】      message = 获取UserInfo , exception = 
【19:35:44】      message = 签到 , exception = 
【19:35:44】      message = 查询新邮件 , exception = 
【19:35:45】      message = 终止作战 , exception = 
【19:35:53】      message = 数字天空登陆 , exception = 
【19:35:53】      message = 获取时间信息 , exception = 
【19:35:54】      message = 获取Sign , exception = 
【19:35:55】      message = 获取UserInfo , exception = 
【19:35:59】      message = 签到 , exception = 
【19:35:59】      message = 查询新邮件 , exception = 
【19:40:03】      message = 数字天空登陆 , exception = 
【19:40:04】      message = 获取时间信息 , exception = 
【19:40:05】      message = 获取Sign , exception = 
【19:40:06】      message = 获取UserInfo , exception = 
【19:40:10】      message = 签到 , exception = 
【19:40:10】      message = 查询新邮件 , exception = 
【19:41:29】      message = 数字天空登陆 , exception = 
【19:41:30】      message = 获取时间信息 , exception = 
【19:41:30】      message = 获取Sign , exception = 
【19:41:31】      message = 获取UserInfo , exception = 
【19:41:34】      message = 签到 , exception = 
【19:41:34】      message = 查询新邮件 , exception = 
【19:41:35】      message = 终止作战 , exception = 
【19:41:42】      message = teamMove Error , exception = error:3
【19:41:45】      message = teamMove Error , exception = error:3
【21:05:40】      message = 数字天空登陆 , exception = 
【21:05:41】      message = 获取时间信息 , exception = 
【21:05:41】      message = 获取Sign , exception = 
【21:05:42】      message = 获取UserInfo , exception = 
【21:07:44】      message = 数字天空登陆 , exception = 
【21:07:45】      message = 获取时间信息 , exception = 
【21:07:45】      message = 获取Sign , exception = 
【21:07:46】      message = 获取UserInfo , exception = 
【21:07:50】      message = 签到 , exception = 
【21:07:50】      message = 查询新邮件 , exception = 
【21:08:49】      message = 数字天空登陆 , exception = 
【21:08:50】      message = 获取时间信息 , exception = 
【21:08:51】      message = 获取Sign , exception = 
【21:08:51】      message = 获取UserInfo , exception = 
【21:08:59】      message = 签到 , exception = 
【21:08:59】      message = 查询新邮件 , exception = 
【21:09:44】      message = 数字天空登陆 , exception = 
【21:09:45】      message = 获取时间信息 , exception = 
【21:09:47】      message = 获取Sign , exception = 
【21:09:47】      message = 获取UserInfo , exception = 
【21:09:55】      message = 签到 , exception = 
【21:09:55】      message = 查询新邮件 , exception = 
【21:10:45】      message = 数字天空登陆 , exception = 
【21:10:46】      message = 获取时间信息 , exception = 
【21:10:47】      message = 获取Sign , exception = 
【21:10:47】      message = 获取UserInfo , exception = 
【21:10:57】      message = 签到 , exception = 
【21:10:57】      message = 查询新邮件 , exception = 
【21:14:10】      message = 数字天空登陆 , exception = 
【21:14:11】      message = 获取时间信息 , exception = 
【21:14:12】      message = 获取Sign , exception = 
【21:14:12】      message = 获取UserInfo , exception = 
【21:14:17】      message = 签到 , exception = 
【21:14:17】      message = 查询新邮件 , exception = 
【21:16:47】      message = 数字天空登陆 , exception = 
【21:16:48】      message = 获取时间信息 , exception = 
【21:16:49】      message = 获取Sign , exception = 
【21:16:50】      message = 获取UserInfo , exception = 
【21:16:59】      message = 签到 , exception = 
【21:16:59】      message = 查询新邮件 , exception = 
【00:00:31】      message = 数字天空登陆 , exception = 
【00:00:32】      message = 获取时间信息 , exception = 
【00:00:33】      message = 获取Sign , exception = 
【00:00:34】      message = 获取UserInfo , exception = 
【00:00:42】      message = 签到 , exception = 
【00:00:42】      message = 查询新邮件 , exception = 
【00:02:56】      message = 数字天空登陆 , exception = 
【00:02:57】      message = 获取时间信息 , exception = 
【00:02:58】      message = 获取Sign , exception = 
【00:02:59】      message = 获取UserInfo , exception = 
【00:03:03】      message = 签到 , exception = 
【00:03:03】      message = 查询新邮件 , exception = 
【00:13:20】      message = 数字天空登陆 , exception = 
【00:13:21】      message = 获取时间信息 , exception = 
【00:13:21】      message = 获取Sign , exception = 
【00:13:22】      message = 获取UserInfo , exception = 
【00:13:26】      message = 签到 , exception = 
【00:13:26】      message = 查询新邮件 , exception = 
【00:35:01】      message = 数字天空登陆 , exception = 
【00:35:02】      message = 获取时间信息 , exception = 
【00:35:03】      message = 获取Sign , exception = 
【00:35:04】      message = 获取UserInfo , exception = 
【00:35:13】      message = 签到 , exception = 
【00:35:13】      message = 查询新邮件 , exception = 
【01:31:28】      message = 后勤结束失败 , exception = error:0
【10:31:39】      message = 数字天空登陆 , exception = 
【10:31:40】      message = 获取时间信息 , exception = 
【10:31:41】      message = 获取Sign , exception = 
【10:31:45】      message = 获取UserInfo , exception = 
【10:34:47】      message = 数字天空登陆 , exception = 
【10:34:50】      message = 获取时间信息 , exception = 
【10:34:54】      message = 获取Sign , exception = 
【10:35:02】      message = 获取UserInfo , exception = 
【14:00:20】      message = 数字天空登陆 , exception = 
【14:00:21】      message = 获取时间信息 , exception = 
【14:00:22】      message = 获取Sign , exception = 
【14:00:22】      message = 获取UserInfo , exception = 
【14:00:30】      message = 签到 , exception = 
【14:00:30】      message = 查询新邮件 , exception = 
【14:01:55】      message = 数字天空登陆 , exception = 
【14:01:56】      message = 获取时间信息 , exception = 
【14:01:57】      message = 获取Sign , exception = 
【14:01:58】      message = 获取UserInfo , exception = 
【14:02:02】      message = 签到 , exception = 
【14:02:02】      message = 查询新邮件 , exception = 
【14:02:28】      message = 数字天空登陆 , exception = 
【14:02:29】      message = 获取时间信息 , exception = 
【14:02:29】      message = 获取Sign , exception = 
【14:02:30】      message = 获取UserInfo , exception = 
【14:02:34】      message = 签到 , exception = 
【14:02:34】      message = 查询新邮件 , exception = 
【14:02:50】      message = 数字天空登陆 , exception = 
【14:02:51】      message = 获取时间信息 , exception = 
【14:02:52】      message = 获取Sign , exception = 
【14:02:52】      message = 获取UserInfo , exception = 
【14:02:57】      message = 签到 , exception = 
【14:02:57】      message = 查询新邮件 , exception = 
【14:03:25】      message = 数字天空登陆 , exception = 
【14:03:26】      message = 获取时间信息 , exception = 
【14:03:27】      message = 获取Sign , exception = 
【14:03:27】      message = 获取UserInfo , exception = 
【14:03:35】      message = 签到 , exception = 
【14:03:35】      message = 查询新邮件 , exception = 
【14:10:41】      message = 数字天空登陆 , exception = 
【14:10:42】      message = 获取时间信息 , exception = 
【14:10:43】      message = 获取Sign , exception = 
【14:10:44】      message = 获取UserInfo , exception = 
【14:10:48】      message = 签到 , exception = 
【14:10:48】      message = 查询新邮件 , exception = 
【14:12:18】      message = 数字天空登陆 , exception = 
【14:12:19】      message = 获取时间信息 , exception = 
【14:12:19】      message = 获取Sign , exception = 
【14:12:20】      message = 获取UserInfo , exception = 
【14:12:24】      message = 签到 , exception = 
【14:12:24】      message = 查询新邮件 , exception = 
【14:16:07】      message = 数字天空登陆 , exception = 
【14:16:07】      message = 获取时间信息 , exception = 
【14:16:08】      message = 获取Sign , exception = 
【14:16:09】      message = 获取UserInfo , exception = 
【14:16:13】      message = 签到 , exception = 
【14:16:13】      message = 查询新邮件 , exception = 
【14:18:17】      message = 数字天空登陆 , exception = 
【14:18:18】      message = 获取时间信息 , exception = 
【14:18:19】      message = 获取Sign , exception = 
【14:18:20】      message = 获取UserInfo , exception = 
【14:18:24】      message = 签到 , exception = 
【14:18:24】      message = 查询新邮件 , exception = 
【14:19:29】      message = 数字天空登陆 , exception = 
【14:19:30】      message = 获取时间信息 , exception = 
【14:19:30】      message = 获取Sign , exception = 
【14:19:31】      message = 获取UserInfo , exception = 
【14:19:36】      message = 签到 , exception = 
【14:19:36】      message = 查询新邮件 , exception = 
【14:21:08】      message = 数字天空登陆 , exception = 
【14:21:09】      message = 获取时间信息 , exception = 
【14:21:10】      message = 获取Sign , exception = 
【14:21:10】      message = 获取UserInfo , exception = 
【14:21:15】      message = 签到 , exception = 
【14:21:15】      message = 查询新邮件 , exception = 
【14:24:08】      message = 数字天空登陆 , exception = 
【14:24:09】      message = 获取时间信息 , exception = 
【14:24:09】      message = 获取Sign , exception = 
【14:24:19】      message = 获取UserInfo , exception = 
【14:24:27】      message = 签到 , exception = 
【14:24:27】      message = 查询新邮件 , exception = 
【14:25:21】      message = 数字天空登陆 , exception = 
【14:25:22】      message = 获取时间信息 , exception = 
【14:25:26】      message = 获取Sign , exception = 
【14:25:36】      message = 获取UserInfo , exception = 
【14:25:48】      message = 签到 , exception = 
【14:25:48】      message = 查询新邮件 , exception = 
【22:39:04】      message = 数字天空登陆 , exception = 
【22:39:05】      message = 获取时间信息 , exception = 
【22:39:05】      message = 获取Sign , exception = 
【22:39:06】      message = 获取UserInfo , exception = 
【22:39:11】      message = 签到 , exception = 
【22:39:11】      message = 查询新邮件 , exception = 
【23:23:25】      message = 数字天空登陆 , exception = 
【23:23:26】      message = 获取时间信息 , exception = 
【23:23:27】      message = 获取Sign , exception = 
【23:23:28】      message = 获取UserInfo , exception = 
【23:23:32】      message = 签到 , exception = 
【23:23:32】      message = 查询新邮件 , exception = 
【15:04:36】      message = 数字天空登陆 , exception = 
【15:04:37】      message = 获取时间信息 , exception = 
【15:04:38】      message = 获取Sign , exception = 
【15:04:39】      message = 获取UserInfo , exception = 
【15:04:44】      message = 签到 , exception = 
【15:04:44】      message = 查询新邮件 , exception = 
【15:35:03】      message = 数字天空登陆 , exception = 
【15:35:04】      message = 获取时间信息 , exception = 
【15:35:05】      message = 获取Sign , exception = 
【15:35:05】      message = 获取UserInfo , exception = 
【15:35:10】      message = 签到 , exception = 
【15:35:10】      message = 查询新邮件 , exception = 
【15:42:31】      message = 数字天空登陆 , exception = 
【15:42:32】      message = 获取时间信息 , exception = 
【15:42:33】      message = 获取Sign , exception = 
【15:42:34】      message = 获取UserInfo , exception = 
【18:10:03】      message = 收集数据 数据监测枢纽  
【18:10:05】      message =  获取数据样本出错 , exception = error:1
【10:30:21】      message = 数字天空登陆 , exception = 
【10:30:23】      message = 获取时间信息 , exception = 
【10:30:23】      message = 获取Sign , exception = 
【10:30:24】      message = 获取UserInfo , exception = 
【10:30:35】      message = 签到 , exception = 
【10:30:35】      message = 查询新邮件 , exception = 
【10:34:09】      message = 数字天空登陆 , exception = 
【10:34:11】      message = 获取时间信息 , exception = 
【10:34:12】      message = 获取Sign , exception = 
【10:34:14】      message = 获取UserInfo , exception = 
【10:34:22】      message = 签到 , exception = 
【10:34:22】      message = 查询新邮件 , exception = 
【09:12:44】      message = 数字天空登陆 , exception = 
【09:12:45】      message = 获取时间信息 , exception = 
【09:12:46】      message = 获取Sign , exception = 
【09:12:47】      message = 获取UserInfo , exception = 
【09:12:51】      message = 签到 , exception = 
【09:12:51】      message = 查询新邮件 , exception = 
【09:15:55】      message = 数字天空登陆 , exception = 
【09:15:57】      message = 获取时间信息 , exception = 
【09:15:57】      message = 获取Sign , exception = 
【09:15:58】      message = 获取UserInfo , exception = 
【09:16:08】      message = 签到 , exception = 
【09:16:08】      message = 查询新邮件 , exception = 
【09:16:57】      message = jackjieS 无法部署梯队，请登陆游戏检查 , exception = error:2
【09:17:47】      message = jackjieS 无法部署梯队，请登陆游戏检查 , exception = error:2
【09:19:12】      message = jackjieS 无法部署梯队，请登陆游戏检查 , exception = error:2
【09:24:11】      message = 数字天空登陆 , exception = 
【09:24:12】      message = 获取时间信息 , exception = 
【09:24:13】      message = 获取Sign , exception = 
【09:24:14】      message = 获取UserInfo , exception = 
【09:24:18】      message = 签到 , exception = 
【09:24:18】      message = 查询新邮件 , exception = 
【09:24:27】      message = 终止作战 , exception = 
【09:26:06】      message = jackjieS 无法部署梯队，请登陆游戏检查 , exception = error:2
【09:36:51】      message = 数字天空登陆 , exception = 
【09:36:53】      message = 获取时间信息 , exception = 
【09:36:55】      message = 获取Sign , exception = 
【09:36:56】      message = 获取UserInfo , exception = 
【09:37:04】      message = 签到 , exception = 
【09:37:04】      message = 查询新邮件 , exception = 
【09:38:16】      message = jackjieS 无法部署梯队，请登陆游戏检查 , exception = error:2
【23:35:25】      message = 数字天空登陆 , exception = 
【23:35:26】      message = 获取时间信息 , exception = 
【23:35:27】      message = 获取Sign , exception = 
【23:35:28】      message = 获取UserInfo , exception = 
【23:35:35】      message = 签到 , exception = 
【23:35:35】      message = 查询新邮件 , exception = 
【23:42:11】      message = 数字天空登陆 , exception = 
【23:42:12】      message = 获取时间信息 , exception = 
【23:42:12】      message = 获取Sign , exception = 
【23:42:13】      message = 获取UserInfo , exception = 
【23:42:17】      message = 签到 , exception = 
【23:42:17】      message = 查询新邮件 , exception = 
【23:42:18】      message = 终止作战 , exception = 
【23:49:57】      message = endEnemyTurn Error , exception = error:2
【23:50:00】      message = startTurn Error , exception = error:2
【02:10:02】      message = 收集数据 数据监测枢纽  
【02:10:03】      message =  获取数据样本出错 , exception = error:1
【10:04:57】      message = 数字天空登陆 , exception = 
【10:05:00】      message = LoginDigitalSKY , exception = false System.Net.WebException: 由于目标计算机积极拒绝，无法连接。 由于目标计算机积极拒绝，无法连接。 ---> System.Net.Http.HttpRequestException: 由于目标计算机积极拒绝，无法连接。 ---> System.Net.Sockets.SocketException: 由于目标计算机积极拒绝，无法连接。
   at System.Net.Http.ConnectHelper.ConnectAsync(String host, Int32 port, CancellationToken cancellationToken)
   --- End of inner exception stack trace ---
   at System.Net.Http.ConnectHelper.ConnectAsync(String host, Int32 port, CancellationToken cancellationToken)
   at System.Threading.Tasks.ValueTask`1.get_Result()
   at System.Net.Http.HttpConnectionPool.CreateConnectionAsync(HttpRequestMessage request, CancellationToken cancellationToken)
   at System.Threading.Tasks.ValueTask`1.get_Result()
   at System.Net.Http.HttpConnectionPool.WaitForCreatedConnectionAsync(ValueTask`1 creationTask)
   at System.Threading.Tasks.ValueTask`1.get_Result()
   at System.Net.Http.HttpConnectionPool.SendWithRetryAsync(HttpRequestMessage request, Boolean doRequestAuth, CancellationToken cancellationToken)
   at System.Net.Http.RedirectHandler.SendAsync(HttpRequestMessage request, CancellationToken cancellationToken)
   at System.Net.Http.HttpClient.FinishSendAsyncUnbuffered(Task`1 sendTask, HttpRequestMessage request, CancellationTokenSource cts, Boolean disposeCts)
   at System.Net.HttpWebRequest.SendRequest()
   at System.Net.HttpWebRequest.GetResponse()
   --- End of inner exception stack trace ---
   at System.Net.HttpWebRequest.GetResponse()
   at System.Net.WebClient.GetWebResponse(WebRequest request)
   at System.Net.WebClient.DownloadBits(WebRequest request, Stream writeStream)
   at System.Net.WebClient.UploadBits(WebRequest request, Stream readStream, Byte[] buffer, Int32 chunkSize, Byte[] header, Byte[] footer)
   at System.Net.WebClient.UploadDataInternal(Uri address, String method, Byte[] data, WebRequest& request)
   at System.Net.WebClient.UploadData(Uri address, String method, Byte[] data)
   at System.Net.WebClient.UploadData(String address, String method, Byte[] data)
   at GFHelp.Core.API.BaseRequset.DoPost(String url, Byte[] postData) in C:\Users\jack\Desktop\CS\GFHelp-Web\GFHelp.Core\API\BaseRequset.cs:line 40
【11:09:22】      message = 数字天空登陆 , exception = 
【11:09:25】      message = 获取时间信息 , exception = 
【11:09:27】      message = 获取Sign , exception = 
【11:09:31】      message = 获取UserInfo , exception = 
【11:09:43】      message = 签到 , exception = 
【11:09:43】      message = 查询新邮件 , exception = 
【11:09:45】      message = 终止作战 , exception = 
【11:18:36】      message = teamMove Error , exception = error:2
【11:18:40】      message = teamMove Error , exception = error:2
【11:23:05】      message = 数字天空登陆 , exception = 
【11:23:06】      message = 获取时间信息 , exception = 
【11:23:07】      message = 获取Sign , exception = 
【11:23:08】      message = 获取UserInfo , exception = 
【11:23:20】      message = 签到 , exception = 
【11:23:20】      message = 查询新邮件 , exception = 
【11:23:26】      message = 终止作战 , exception = 
【11:49:45】      message = 数字天空登陆 , exception = 
【11:49:46】      message = 获取时间信息 , exception = 
【11:49:47】      message = 获取Sign , exception = 
【11:49:48】      message = 获取UserInfo , exception = 
【11:49:53】      message = 签到 , exception = 
【11:49:53】      message = 查询新邮件 , exception = 
【11:49:53】      message = 终止作战 , exception = 
【12:16:25】      message = 数字天空登陆 , exception = 
【12:16:28】      message = 获取时间信息 , exception = 
【12:16:29】      message = 获取Sign , exception = 
【12:16:31】      message = 获取UserInfo , exception = 
【12:16:46】      message = 签到 , exception = 
【12:16:46】      message = 查询新邮件 , exception = 
【12:16:47】      message = 终止作战 , exception = 
【12:19:22】      message = 数字天空登陆 , exception = 
【12:19:23】      message = 获取时间信息 , exception = 
【12:19:24】      message = 获取Sign , exception = 
【12:19:25】      message = 获取UserInfo , exception = 
【12:19:34】      message = 签到 , exception = 
【12:19:34】      message = 查询新邮件 , exception = 
【12:19:34】      message = 终止作战 , exception = 
【12:22:08】      message = 数字天空登陆 , exception = 
【12:22:09】      message = 获取时间信息 , exception = 
【12:22:10】      message = 获取Sign , exception = 
【12:22:11】      message = 获取UserInfo , exception = 
【12:22:17】      message = 签到 , exception = 
【12:22:17】      message = 查询新邮件 , exception = 
【12:22:18】      message = 终止作战 , exception = 
【12:23:20】      message = 程序已注销 请重新创建实例 
【12:23:28】      message = 数字天空登陆 , exception = 
【12:23:29】      message = 获取时间信息 , exception = 
【12:23:30】      message = 获取Sign , exception = 
【12:23:30】      message = 获取UserInfo , exception = 
【12:23:38】      message = 签到 , exception = 
【12:23:38】      message = 查询新邮件 , exception = 
【15:15:14】      message = 数字天空登陆 , exception = 
【15:15:15】      message = 获取时间信息 , exception = 
【15:15:16】      message = 获取Sign , exception = 
【15:15:17】      message = 获取UserInfo , exception = 
【15:15:22】      message = 签到 , exception = 
【15:15:22】      message = 查询新邮件 , exception = 
【15:16:41】      message = endTurn Error , exception = error:2
【15:20:57】      message = 数字天空登陆 , exception = 
【15:20:58】      message = 获取时间信息 , exception = 
【15:20:58】      message = 获取Sign , exception = 
【15:20:59】      message = 获取UserInfo , exception = 
【15:21:04】      message = 签到 , exception = 
【15:21:04】      message = 查询新邮件 , exception = 
【16:06:17】      message = 数字天空登陆 , exception = 
【16:06:18】      message = 获取时间信息 , exception = 
【16:06:19】      message = 获取Sign , exception = 
【16:06:20】      message = 获取UserInfo , exception = 
【16:06:30】      message = 签到 , exception = 
【16:06:30】      message = 查询新邮件 , exception = 
【16:13:19】      message = 数字天空登陆 , exception = 
【16:13:23】      message = 获取时间信息 , exception = 
【16:13:24】      message = 获取Sign , exception = 
【16:13:25】      message = 获取UserInfo , exception = 
【16:13:44】      message = 签到 , exception = 
【16:13:44】      message = 查询新邮件 , exception = 
【16:15:31】      message = 数字天空登陆 , exception = 
【16:15:32】      message = 获取时间信息 , exception = 
【16:15:33】      message = 获取Sign , exception = 
【16:15:34】      message = 获取UserInfo , exception = 
【16:16:05】      message = 签到 , exception = 
【16:16:05】      message = 查询新邮件 , exception = 
【18:33:13】      message = 数字天空登陆 , exception = 
【18:33:15】      message = 获取时间信息 , exception = 
【18:33:15】      message = 获取Sign , exception = 
【18:33:16】      message = 获取UserInfo , exception = 
【18:33:25】      message = 签到 , exception = 
【18:33:25】      message = 查询新邮件 , exception = 
【18:42:37】      message = 数字天空登陆 , exception = 
【18:42:38】      message = 获取时间信息 , exception = 
【18:42:39】      message = 获取Sign , exception = 
【18:42:40】      message = 获取UserInfo , exception = 
【18:42:53】      message = 签到 , exception = 
【18:42:53】      message = 查询新邮件 , exception = 
【18:42:54】      message = 终止作战 , exception = 
【23:45:40】      message = 程序已注销 请重新创建实例 
【00:03:55】      message = 数字天空登陆 , exception = 
【00:03:56】      message = 获取时间信息 , exception = 
【00:03:56】      message = 获取Sign , exception = 
【00:03:57】      message = 获取UserInfo , exception = 
【00:04:01】      message = 签到 , exception = 
【00:04:01】      message = 查询新邮件 , exception = 
【00:04:02】      message = 终止作战 , exception = 
【00:04:07】      message = 数字天空登陆 , exception = 
【00:04:07】      message = 获取时间信息 , exception = 
【00:04:08】      message = 获取Sign , exception = 
【00:04:09】      message = 获取UserInfo , exception = 
【00:04:12】      message = 签到 , exception = 
【00:04:12】      message = 查询新邮件 , exception = 
【00:04:14】      message = #c9Iw7qc3NBH6fA7uj4zCgHEJVMRbEfUxjr0Gudph0PNsgr1VG9vYUMB4mi0vV6nkAtjHV2H/higTIO/10/h7wP3fsjAMRleG4TqyKWqUsUhofnEBRTpS7Nk9qPfjaU2NBgNI 
【00:07:03】      message = endEnemyTurn Error , exception = error:2
【00:07:06】      message = startTurn Error , exception = error:2
【00:08:04】      message = endEnemyTurn Error , exception = error:2
【00:08:08】      message = startTurn Error , exception = error:2
【00:08:35】      message = mapctbox 完成 
【21:10:57】      message = 数字天空登陆 , exception = 
【21:10:58】      message = 获取时间信息 , exception = 
【21:10:59】      message = 获取Sign , exception = 
【21:10:59】      message = 获取UserInfo , exception = 
【21:11:04】      message = 签到 , exception = 
【21:11:04】      message = 查询新邮件 , exception = 
【21:11:32】      message = 数字天空登陆 , exception = 
【21:11:33】      message = 获取时间信息 , exception = 
【21:11:33】      message = 获取Sign , exception = 
【21:11:34】      message = 获取UserInfo , exception = 
【21:11:42】      message = 签到 , exception = 
【21:11:42】      message = 查询新邮件 , exception = 
【21:16:43】      message = 数字天空登陆 , exception = 
【21:16:45】      message = 获取时间信息 , exception = 
【21:16:46】      message = 获取Sign , exception = 
【21:16:47】      message = 获取UserInfo , exception = 
【21:16:52】      message = 签到 , exception = 
【21:16:52】      message = 查询新邮件 , exception = 
【21:16:55】      message = #alQTvCKyw1NUZ2eeGXCGlAD4IffAeeTI0u43yrRTi1jXkpyPHnzShC4VW33F3jGimz/atMhKAQ2WQ67CYjRlkY0AflEm71blMiutq6bKcsMyGnTSghq35nwpOOSDZTsG9Aru 
【21:35:19】      message = 数字天空登陆 , exception = 
【21:35:20】      message = 获取时间信息 , exception = 
【21:35:20】      message = 获取Sign , exception = 
【21:35:21】      message = 获取UserInfo , exception = 
【21:35:26】      message = 签到 , exception = 
【21:35:26】      message = 查询新邮件 , exception = 
【00:26:28】      message = 程序已注销 请重新创建实例 
【01:27:56】      message = 数字天空登陆 , exception = 
【01:27:56】      message = 获取时间信息 , exception = 
【01:27:57】      message = 获取Sign , exception = 
【01:27:58】      message = 获取UserInfo , exception = 
【01:28:05】      message = 签到 , exception = 
【01:28:05】      message = 查询新邮件 , exception = 
【01:28:25】      message = #fJYdZhbtjmef8w7sy/FBIo5MMHeHzG5M8I3IBWKo9XzWY8aIGnyzelgW13hOcAFVZW7yK/2TNk3M4VjzWGi7W1DFuKgPJBuX/jC3+bBhANXEFifUxy3g 
【01:32:07】      message = mapctbox 完成 
<<<<<<< HEAD
【01:54:29】      message = 数字天空登陆 , exception = 
【01:54:31】      message = 获取时间信息 , exception = 
【01:54:31】      message = 获取Sign , exception = 
【01:54:32】      message = 获取UserInfo , exception = 
【01:54:40】      message = 签到 , exception = 
【01:54:40】      message = 查询新邮件 , exception = 
【01:58:52】      message = mapctbox 完成 
【01:59:33】      message = 程序已注销 请重新创建实例 
【21:15:33】      message = 数字天空登陆 , exception = 
【21:15:34】      message = 获取时间信息 , exception = 
【21:15:35】      message = 获取Sign , exception = 
【21:15:36】      message = 获取UserInfo , exception = 
【21:15:45】      message = 签到 , exception = 
【21:15:45】      message = 查询新邮件 , exception = 
【21:16:02】      message = 终止作战 , exception = 
【21:20:13】      message = 数字天空登陆 , exception = 
【21:20:14】      message = 获取时间信息 , exception = 
【21:20:14】      message = 获取Sign , exception = 
【21:20:15】      message = 获取UserInfo , exception = 
【21:20:32】      message = 签到 , exception = 
【21:20:32】      message = 查询新邮件 , exception = 
【21:20:32】      message = 终止作战 , exception = 
【00:47:36】      message = 数字天空登陆 , exception = 
【00:47:36】      message = 获取时间信息 , exception = 
【00:47:40】      message = 获取Sign , exception = 
【00:47:41】      message = 获取UserInfo , exception = 
【00:47:50】      message = 签到 , exception = 
【00:47:50】      message = 查询新邮件 , exception = 
【00:53:37】      message = mapctbox 完成 
【01:30:17】      message = 数字天空登陆 , exception = 
【01:30:18】      message = 获取时间信息 , exception = 
【01:30:19】      message = 获取Sign , exception = 
【01:30:20】      message = 获取UserInfo , exception = 
【01:30:28】      message = 签到 , exception = 
【01:30:28】      message = 查询新邮件 , exception = 
【01:35:03】      message = 数字天空登陆 , exception = 
【01:35:04】      message = 获取时间信息 , exception = 
【01:35:04】      message = 获取Sign , exception = 
【01:35:05】      message = 获取UserInfo , exception = 
【01:35:32】      message = 签到 , exception = 
【01:35:32】      message = 查询新邮件 , exception = 
【02:10:02】      message = 收集数据 数据监测枢纽  
【02:10:03】      message = 收集数据 数据监测枢纽 完成 
【02:35:03】      message = 数字天空登陆 , exception = 
【02:35:04】      message = 获取时间信息 , exception = 
【02:35:05】      message = 获取Sign , exception = 
【02:35:06】      message = 获取UserInfo , exception = 
【02:35:14】      message = 签到 , exception = 
【02:35:14】      message = 查询新邮件 , exception = 
【03:35:02】      message = 数字天空登陆 , exception = 
【03:35:03】      message = 获取时间信息 , exception = 
【03:35:04】      message = 获取Sign , exception = 
【03:35:05】      message = 获取UserInfo , exception = 
【03:35:08】      message = 签到 , exception = 
【03:35:08】      message = 查询新邮件 , exception = 
【03:35:17】      message = 终止作战 , exception = 
【01:26:16】      message = 数字天空登陆 , exception = 
【01:26:17】      message = 获取时间信息 , exception = 
【01:26:18】      message = 获取Sign , exception = 
【01:26:19】      message = 获取UserInfo , exception = 
【01:26:27】      message = 签到 , exception = 
【01:26:27】      message = 查询新邮件 , exception = 
【01:35:20】      message = mapctbox 完成 
【01:35:21】      message = 数字天空登陆 , exception = 
【01:35:22】      message = 获取时间信息 , exception = 
【01:35:23】      message = 获取Sign , exception = 
【01:35:24】      message = 获取UserInfo , exception = 
【01:35:36】      message = 签到 , exception = 
【01:35:36】      message = 查询新邮件 , exception = 
【01:35:50】      message = 程序已注销 请重新创建实例 
【02:01:39】      message = 数字天空登陆 , exception = 
【02:01:41】      message = 获取时间信息 , exception = 
【02:01:42】      message = 获取Sign , exception = 
【02:01:42】      message = 获取UserInfo , exception = 
【02:01:51】      message = 签到 , exception = 
【02:01:52】      message = 查询新邮件 , exception = 
【02:06:37】      message = mapctbox 完成 
【02:07:28】      message = 程序已注销 请重新创建实例 
【16:12:10】      message = 数字天空登陆 , exception = 
【16:12:11】      message = 获取时间信息 , exception = 
【16:12:11】      message = 获取Sign , exception = 
【16:12:12】      message = 获取UserInfo , exception = 
【16:12:21】      message = 签到 , exception = 
【16:12:21】      message = 查询新邮件 , exception = 
【16:14:11】      message = 数字天空登陆 , exception = 
【16:14:13】      message = 获取时间信息 , exception = 
【16:14:13】      message = 获取Sign , exception = 
【16:14:14】      message = 获取UserInfo , exception = 
【16:14:34】      message = 签到 , exception = 
【16:14:34】      message = 查询新邮件 , exception = 
【16:14:34】      message = 终止作战 , exception = 
【16:37:23】      message = 数字天空登陆 , exception = 
【16:37:25】      message = 获取时间信息 , exception = 
【16:37:28】      message = 获取Sign , exception = 
【16:37:29】      message = 获取UserInfo , exception = 
【16:37:44】      message = 签到 , exception = 
【16:37:44】      message = 查询新邮件 , exception = 
【16:39:46】      message = endTurn Error , exception = error:2
【16:39:52】      message = endEnemyTurn Error , exception = error:2
【16:39:56】      message = startTurn Error , exception = error:2
【16:40:01】      message = teamMove Error , exception = error:203|行动点数计算有误
【16:45:12】      message = 数字天空登陆 , exception = 
【16:45:13】      message = 获取时间信息 , exception = 
【16:45:13】      message = 获取Sign , exception = 
【16:45:14】      message = 获取UserInfo , exception = 
【16:45:24】      message = 签到 , exception = 
【16:45:24】      message = 查询新邮件 , exception = 
【16:45:25】      message = 终止作战 , exception = 
【16:54:07】      message = 数字天空登陆 , exception = 
【16:54:33】      message = 获取时间信息 , exception = 
【16:54:33】      message = 获取Sign , exception = 
【16:54:41】      message = 获取UserInfo , exception = 
【16:54:58】      message = 签到 , exception = 
【16:54:58】      message = 查询新邮件 , exception = 
【16:54:59】      message = 终止作战 , exception = 
【16:57:44】      message = teamMove Error , exception = error:2
【16:57:47】      message = teamMove Error , exception = error:2
【16:57:51】      message = teamMove Error , exception = error:2
【16:58:24】      message = 数字天空登陆 , exception = 
【16:58:26】      message = 获取时间信息 , exception = 
【16:58:26】      message = 获取Sign , exception = 
【16:58:27】      message = 获取UserInfo , exception = 
【16:58:36】      message = 签到 , exception = 
【16:58:36】      message = 查询新邮件 , exception = 
【16:58:37】      message = 终止作战 , exception = 
【17:03:18】      message = 数字天空登陆 , exception = 
【17:03:20】      message = 获取时间信息 , exception = 
【17:03:20】      message = 获取Sign , exception = 
【17:03:21】      message = 获取UserInfo , exception = 
【17:03:29】      message = 签到 , exception = 
【17:03:29】      message = 查询新邮件 , exception = 
【17:03:30】      message = 终止作战 , exception = 
【17:05:19】      message = endEnemyTurn Error , exception = error:2
【17:05:22】      message = startTurn Error , exception = error:2
【17:05:25】      message = teamMove Error , exception = error:203|行动点数计算有误
【17:05:28】      message = teamMove Error , exception = error:203|行动点数计算有误
【17:05:37】      message = teamMove Error , exception = error:203|行动点数计算有误
【17:05:56】      message = 数字天空登陆 , exception = 
【17:05:57】      message = 获取时间信息 , exception = 
【17:05:58】      message = 获取Sign , exception = 
【17:05:59】      message = 获取UserInfo , exception = 
【17:06:09】      message = 签到 , exception = 
【17:06:09】      message = 查询新邮件 , exception = 
【17:06:09】      message = 终止作战 , exception = 
【17:10:03】      message =  s3.NorthAdmiral 宿舍 电池数 -5 剩余 46 
【17:10:30】      message =  siguld 宿舍 电池数 0 剩余 45 
【17:10:36】      message =  KP31 宿舍 电池数 -5 剩余 44 
【17:10:53】      message = 数字天空登陆 , exception = 
【17:11:02】      message = 获取时间信息 , exception = 
【17:11:02】      message = 获取Sign , exception = 
【17:11:45】      message = 数字天空登陆 , exception = 
【17:11:50】      message = 获取时间信息 , exception = 
【17:11:52】      message = 获取Sign , exception = 
【17:12:02】      message = 获取UserInfo , exception = 
【17:13:03】      message = 签到 , exception = 
【17:13:03】      message = 查询新邮件 , exception = 
【17:13:04】      message = 终止作战 , exception = 
【17:14:13】      message = teamMove Error , exception = error:2
【17:14:21】      message = teamMove Error , exception = error:2
【17:14:27】      message = teamMove Error , exception = error:2
【17:15:15】      message = 数字天空登陆 , exception = 
【17:15:57】      message = 获取时间信息 , exception = 
【17:15:59】      message = 获取Sign , exception = 
【17:16:01】      message = 获取UserInfo , exception = 
【17:17:44】      message = 数字天空登陆 , exception = 
【17:17:49】      message = 获取时间信息 , exception = 
【17:18:01】      message = 获取Sign , exception = 
【17:18:24】      message = 获取UserInfo , exception = 
【17:19:24】      message = 数字天空登陆 , exception = 
【17:19:36】      message = 获取时间信息 , exception = 
【17:19:40】      message = 获取Sign , exception = 
【17:19:42】      message = 获取UserInfo , exception = 
【17:20:44】      message = 签到 , exception = 
【17:20:44】      message = 查询新邮件 , exception = 
【17:20:54】      message = 终止作战 , exception = 
【17:36:16】      message = 数字天空登陆 , exception = 
【17:36:20】      message = 获取时间信息 , exception = 
【17:36:20】      message = 获取Sign , exception = 
【17:36:21】      message = 获取UserInfo , exception = 
【17:36:31】      message = 签到 , exception = 
【17:36:31】      message = 查询新邮件 , exception = 
【17:45:43】      message = 数字天空登陆 , exception = 
【17:46:02】      message = 获取时间信息 , exception = 
【17:46:58】      message = 数字天空登陆 , exception = 
【17:47:02】      message = 获取时间信息 , exception = 
【17:47:18】      message = 获取Sign , exception = 
【17:47:40】      message = 获取UserInfo , exception = 
【17:48:34】      message = 数字天空登陆 , exception = 
【17:49:07】      message = 获取时间信息 , exception = 
【17:49:10】      message = 获取Sign , exception = 
【17:49:10】      message = 获取UserInfo , exception = 
【18:39:26】      message = 数字天空登陆 , exception = 
【18:39:29】      message = 获取时间信息 , exception = 
【18:39:32】      message = 获取Sign , exception = 
【18:39:36】      message = 获取UserInfo , exception = 
【18:39:56】      message = 签到 , exception = 
【18:39:56】      message = 查询新邮件 , exception = 
【18:44:44】      message = teamMove Error , exception = error:2
【18:44:58】      message = teamMove Error , exception = error:2
【18:49:14】      message = 数字天空登陆 , exception = 
【18:49:16】      message = 获取时间信息 , exception = 
【18:49:16】      message = 获取Sign , exception = 
【18:49:17】      message = 获取UserInfo , exception = 
【18:49:26】      message = 签到 , exception = 
【18:49:26】      message = 查询新邮件 , exception = 
【18:49:28】      message = 终止作战 , exception = 
【19:00:33】      message = endEnemyTurn Error , exception = error:2
【19:00:36】      message = startTurn Error , exception = error:2
【19:00:39】      message = teamMove Error , exception = error:203|行动点数计算有误
【19:00:42】      message = teamMove Error , exception = error:203|行动点数计算有误
【19:00:49】      message = teamMove Error , exception = error:203|行动点数计算有误
【19:00:57】      message = teamMove Error , exception = error:203|行动点数计算有误
【19:01:00】      message = teamMove Error , exception = error:203|行动点数计算有误
【19:01:02】      message = endTurn Error , exception = error:2
【19:01:07】      message = endEnemyTurn Error , exception = error:2
【19:01:10】      message = startTurn Error , exception = error:2
【19:01:18】      message = jackjieS 无法部署梯队，请登陆游戏检查 , exception = error:202|该点不可回收人质
【19:01:20】      message = teamMove Error , exception = error:203|行动点数计算有误
【19:01:23】      message = teamMove Error , exception = error:203|行动点数计算有误
【19:01:26】      message = teamMove Error , exception = error:203|行动点数计算有误
【19:01:29】      message = teamMove Error , exception = error:203|行动点数计算有误
【19:01:32】      message = teamMove Error , exception = error:203|行动点数计算有误
【19:01:35】      message = teamMove Error , exception = error:203|行动点数计算有误
【19:01:42】      message = teamMove Error , exception = error:203|行动点数计算有误
【19:08:20】      message = 数字天空登陆 , exception = 
【19:08:21】      message = 获取时间信息 , exception = 
【19:08:22】      message = 获取Sign , exception = 
【19:08:22】      message = 获取UserInfo , exception = 
【19:08:31】      message = 签到 , exception = 
【19:08:31】      message = 查询新邮件 , exception = 
【19:08:31】      message = 终止作战 , exception = 
【19:10:21】      message = endEnemyTurn Error , exception = error:2
【19:10:24】      message = startTurn Error , exception = error:2
【19:10:27】      message = teamMove Error , exception = error:203|行动点数计算有误
【19:10:30】      message = teamMove Error , exception = error:203|行动点数计算有误
【19:10:37】      message = teamMove Error , exception = error:203|行动点数计算有误
【19:10:45】      message = teamMove Error , exception = error:203|行动点数计算有误
【19:10:48】      message = teamMove Error , exception = error:203|行动点数计算有误
【19:10:51】      message = endTurn Error , exception = error:2
【19:10:55】      message = endEnemyTurn Error , exception = error:2
【19:10:58】      message = startTurn Error , exception = error:2
【19:11:05】      message = jackjieS 无法部署梯队，请登陆游戏检查 , exception = error:202|该点不可回收人质
【19:11:08】      message = teamMove Error , exception = error:203|行动点数计算有误
【19:11:10】      message = teamMove Error , exception = error:203|行动点数计算有误
【19:11:13】      message = teamMove Error , exception = error:203|行动点数计算有误
【19:11:16】      message = teamMove Error , exception = error:203|行动点数计算有误
【19:11:19】      message = teamMove Error , exception = error:203|行动点数计算有误
【19:11:22】      message = teamMove Error , exception = error:203|行动点数计算有误
【19:11:29】      message = teamMove Error , exception = error:203|行动点数计算有误
【19:11:37】      message = teamMove Error , exception = error:203|行动点数计算有误
【19:11:44】      message = endTurn Error , exception = error:2
【19:11:49】      message = endEnemyTurn Error , exception = error:2
【19:11:52】      message = startTurn Error , exception = error:2
【19:11:55】      message = teamMove Error , exception = error:203|行动点数计算有误
【19:11:58】      message = teamMove Error , exception = error:203|行动点数计算有误
【19:12:00】      message = teamMove Error , exception = error:203|行动点数计算有误
【19:12:03】      message = teamMove Error , exception = error:203|行动点数计算有误
【19:12:09】      message = teamMove Error , exception = error:203|行动点数计算有误
【19:12:12】      message = endTurn Error , exception = error:2
【19:12:18】      message = 数字天空登陆 , exception = 
【19:12:19】      message = 获取时间信息 , exception = 
【19:12:20】      message = 获取Sign , exception = 
【19:12:20】      message = 获取UserInfo , exception = 
【19:12:24】      message = 签到 , exception = 
【19:12:24】      message = 查询新邮件 , exception = 
【19:12:25】      message = 终止作战 , exception = 
【19:13:26】      message = teamMove Error , exception = error:2
【19:13:29】      message = teamMove Error , exception = error:2
【19:13:37】      message = teamMove Error , exception = error:2
【19:13:39】      message = teamMove Error , exception = error:2
【19:13:47】      message = endTurn Error , exception = error:2
【19:13:52】      message = endEnemyTurn Error , exception = error:2
【19:13:55】      message = startTurn Error , exception = error:2
【19:13:58】      message = teamMove Error , exception = error:2
【19:14:01】      message = teamMove Error , exception = error:2
【19:14:04】      message = teamMove Error , exception = error:2
【19:14:06】      message = teamMove Error , exception = error:2
【19:14:09】      message = teamMove Error , exception = error:2
【19:14:12】      message = endTurn Error , exception = error:2
【19:14:17】      message = endEnemyTurn Error , exception = error:2
【19:14:20】      message = startTurn Error , exception = error:2
【19:14:26】      message = jackjieS 无法部署梯队，请登陆游戏检查 , exception = error:202|该点不可回收人质
【19:14:29】      message = teamMove Error , exception = error:2
【19:14:32】      message = teamMove Error , exception = error:2
【19:14:34】      message = teamMove Error , exception = error:2
【19:14:37】      message = teamMove Error , exception = error:2
【19:14:40】      message = teamMove Error , exception = error:2
【19:14:43】      message = teamMove Error , exception = error:2
【19:14:51】      message = teamMove Error , exception = error:2
【19:14:58】      message = teamMove Error , exception = error:2
【19:15:06】      message = endTurn Error , exception = error:2
【19:15:11】      message = endEnemyTurn Error , exception = error:2
【19:15:13】      message = startTurn Error , exception = error:2
【19:15:16】      message = teamMove Error , exception = error:2
【19:15:19】      message = teamMove Error , exception = error:2
【19:15:22】      message = teamMove Error , exception = error:2
【19:15:25】      message = teamMove Error , exception = error:2
【19:15:30】      message = teamMove Error , exception = error:2
【19:15:38】      message = endTurn Error , exception = error:2
【19:15:42】      message = 数字天空登陆 , exception = 
【19:15:44】      message = 获取时间信息 , exception = 
【19:15:45】      message = 获取Sign , exception = 
【19:15:45】      message = 获取UserInfo , exception = 
【19:15:54】      message = 签到 , exception = 
【19:15:54】      message = 查询新邮件 , exception = 
【19:15:54】      message = 终止作战 , exception = 
【19:20:40】      message = 数字天空登陆 , exception = 
【19:20:41】      message = 获取时间信息 , exception = 
【19:20:42】      message = 获取Sign , exception = 
【19:20:42】      message = 获取UserInfo , exception = 
【19:20:47】      message = 签到 , exception = 
【19:20:47】      message = 查询新邮件 , exception = 
【19:20:47】      message = 终止作战 , exception = 
<<<<<<< HEAD
<<<<<<< HEAD
<<<<<<< HEAD
【01:51:26】      message = 程序已注销 请重新创建实例 
=======
>>>>>>> parent of 8929ed9... 889
=======
>>>>>>> parent of 409d437... 2312321321
=======
>>>>>>> parent of 409d437... 2312321321
=======
>>>>>>> parent of 409d437... 2312321321
【23:57:47】      message = 程序已注销 请重新创建实例 
【01:14:42】      message = 数字天空登陆 , exception = 
【01:14:43】      message = 获取时间信息 , exception = 
【01:14:43】      message = 获取Sign , exception = 
【01:14:44】      message = 获取UserInfo , exception = 
【01:15:13】      message = 签到 , exception = 
【01:15:13】      message = 查询新邮件 , exception = 
【01:15:31】      message = 数字天空登陆 , exception = 
【01:15:32】      message = 获取时间信息 , exception = 
【01:15:33】      message = 获取Sign , exception = 
【01:15:35】      message = 获取UserInfo , exception = 
【01:15:43】      message = 签到 , exception = 
【01:15:43】      message = 查询新邮件 , exception = 
【01:15:44】      message = 数字天空登陆 , exception = 
【01:15:45】      message = 获取时间信息 , exception = 
【01:15:46】      message = 获取Sign , exception = 
【01:15:47】      message = 获取UserInfo , exception = 
【01:15:55】      message = 签到 , exception = 
【01:15:55】      message = 查询新邮件 , exception = 
【01:15:56】      message = jackjieS 无法开始作战任务，请登陆游戏检查 
【01:15:56】      message = MAP 1  完成  
【01:15:56】      message = MAP 2  完成  
【01:15:56】      message = MAP 3  完成  
【01:15:56】      message = MAP 4  完成  
【01:15:56】      message = MAP 5  完成  
【01:15:56】      message = MAP 6  完成  
【01:19:12】      message = 数字天空登陆 , exception = 
【01:19:16】      message = 获取时间信息 , exception = 
【01:19:18】      message = 获取Sign , exception = 
【01:19:19】      message = 获取UserInfo , exception = 
【01:19:28】      message = 签到 , exception = 
【01:19:28】      message = 查询新邮件 , exception = 
【01:20:09】      message = 数字天空登陆 , exception = 
【01:20:15】      message = 获取时间信息 , exception = 
【01:20:15】      message = 获取Sign , exception = 
【01:20:16】      message = 获取UserInfo , exception = 
【01:20:24】      message = 签到 , exception = 
【01:20:24】      message = 查询新邮件 , exception = 
【01:20:25】      message = 数字天空登陆 , exception = 
【01:20:27】      message = 获取时间信息 , exception = 
【01:20:27】      message = 获取Sign , exception = 
【01:20:29】      message = 获取UserInfo , exception = 
【01:20:39】      message = 签到 , exception = 
【01:20:39】      message = 查询新邮件 , exception = 
【01:20:41】      message = jackjieS 无法开始作战任务，请登陆游戏检查 
【01:20:41】      message = MAP 2  完成  
【01:20:41】      message = MAP 3  完成  
【01:20:41】      message = MAP 4  完成  
【01:20:41】      message = MAP 5  完成  
【01:20:41】      message = MAP 6  完成  
【01:20:52】      message = MAP 2  完成  
【01:20:52】      message = MAP 3  完成  
【01:20:57】      message = MAP 4  完成  
【01:20:58】      message = MAP 5  完成  
【01:21:00】      message = MAP 6  完成  
【01:21:18】      message = 数字天空登陆 , exception = 
【01:21:20】      message = 获取时间信息 , exception = 
【01:21:20】      message = 获取Sign , exception = 
【01:21:21】      message = 获取UserInfo , exception = 
【01:21:26】      message = 签到 , exception = 
【01:21:26】      message = 查询新邮件 , exception = 
【01:21:31】      message = 数字天空登陆 , exception = 
【01:21:32】      message = 获取时间信息 , exception = 
【01:21:32】      message = 获取Sign , exception = 
【01:21:33】      message = 获取UserInfo , exception = 
【01:21:43】      message = 签到 , exception = 
【01:21:43】      message = 查询新邮件 , exception = 
【01:21:45】      message = jackjieS 无法开始作战任务，请登陆游戏检查 
【01:23:34】      message = 数字天空登陆 , exception = 
【01:23:35】      message = 获取时间信息 , exception = 
【01:23:36】      message = 获取Sign , exception = 
【01:23:37】      message = 获取UserInfo , exception = 
【01:23:42】      message = 签到 , exception = 
【01:23:42】      message = 查询新邮件 , exception = 
【01:24:12】      message = 数字天空登陆 , exception = 
【01:24:16】      message = 获取时间信息 , exception = 
【01:31:34】      message = 数字天空登陆 , exception = 
【01:31:35】      message = 获取时间信息 , exception = 
【01:31:36】      message = 获取Sign , exception = 
【01:31:37】      message = 获取UserInfo , exception = 
【01:31:41】      message = 签到 , exception = 
【01:31:41】      message = 查询新邮件 , exception = 
【01:31:42】      message = 终止作战 , exception = 
【01:35:14】      message = 数字天空登陆 , exception = 
【01:35:16】      message = 获取时间信息 , exception = 
【01:35:16】      message = 获取Sign , exception = 
【01:35:17】      message = 获取UserInfo , exception = 
【01:35:27】      message = 签到 , exception = 
【01:35:27】      message = 查询新邮件 , exception = 
【01:35:28】      message = 终止作战 , exception = 
【01:37:55】      message = 数字天空登陆 , exception = 
【01:37:57】      message = 获取时间信息 , exception = 
【01:37:58】      message = 获取Sign , exception = 
【01:37:59】      message = 获取UserInfo , exception = 
【01:38:09】      message = 签到 , exception = 
【01:38:09】      message = 查询新邮件 , exception = 
【01:38:10】      message = 终止作战 , exception = 
【01:40:15】      message = endEnemyTurn Error , exception = error:2
【01:40:19】      message = startTurn Error , exception = error:2
【01:40:31】      message = teamMove Error , exception = error:203|行动点数计算有误
【01:40:36】      message = teamMove Error , exception = error:203|行动点数计算有误
【01:40:51】      message = endTurn Error , exception = error:2
【01:42:55】      message = endTurn Error , exception = error:2
【01:44:26】      message = teamMove Error , exception = error:2
【01:44:46】      message = endTurn Error , exception = error:2
【01:46:56】      message = teamMove Error , exception = error:2
【01:47:11】      message = endTurn Error , exception = error:2
【01:47:17】      message = endEnemyTurn Error , exception = error:2
【01:47:30】      message = startTurn Error , exception = error:2
【01:47:36】      message = teamMove Error , exception = error:2
【01:47:41】      message = teamMove Error , exception = error:2
【01:47:46】      message = endTurn Error , exception = error:2
【01:49:10】      message = teamMove Error , exception = error:2
【01:49:22】      message = endTurn Error , exception = error:2
【01:49:27】      message = endEnemyTurn Error , exception = error:2
【01:49:33】      message = startTurn Error , exception = error:2
【01:49:38】      message = teamMove Error , exception = error:2
【01:49:41】      message = teamMove Error , exception = error:2
【01:49:44】      message = endTurn Error , exception = error:2
【01:50:20】      message = 数字天空登陆 , exception = 
【01:50:24】      message = 获取时间信息 , exception = 
【01:50:25】      message = 获取Sign , exception = 
【01:50:27】      message = 获取UserInfo , exception = 
【01:50:38】      message = 签到 , exception = 
【01:50:38】      message = 查询新邮件 , exception = 
【01:50:39】      message = 终止作战 , exception = 
【01:51:34】      message = 2_6BOSS 成功 , exception = 
【01:51:34】      message = MAP 2  完成  
【01:52:02】      message = 3_6BOSS 成功 , exception = 
【01:52:02】      message = MAP 3  完成  
【01:52:34】      message = 4_6BOSS 成功 , exception = 
【01:52:36】      message = 数字天空登陆 , exception = 
【01:52:38】      message = 获取时间信息 , exception = 
【01:52:39】      message = 获取Sign , exception = 
【01:52:40】      message = 获取UserInfo , exception = 
【01:52:46】      message = 签到 , exception = 
【01:52:46】      message = 查询新邮件 , exception = 
【01:53:02】      message = MAP 4  完成  
【01:53:23】      message = 5_6BOSS 成功 , exception = 
【01:53:23】      message = MAP 5  完成  
【01:54:14】      message = 6_6BOSS 成功 , exception = 
【01:54:14】      message = MAP 6  完成  
【01:57:30】      message = 数字天空登陆 , exception = 
【01:57:31】      message = 获取时间信息 , exception = 
【01:57:32】      message = 获取Sign , exception = 
【01:57:32】      message = 获取UserInfo , exception = 
【01:57:43】      message = 签到 , exception = 
【01:57:43】      message = 查询新邮件 , exception = 
【02:01:09】      message = 数字天空登陆 , exception = 
【02:01:09】      message = 获取时间信息 , exception = 
【02:01:11】      message = 获取Sign , exception = 
【02:01:12】      message = 获取UserInfo , exception = 
【02:01:21】      message = 签到 , exception = 
【02:01:22】      message = 查询新邮件 , exception = 
【02:03:13】      message = mapctbox 完成 
【02:09:52】      message = 数字天空登陆 , exception = 
【02:09:53】      message = 获取时间信息 , exception = 
【02:09:53】      message = 获取Sign , exception = 
【02:09:54】      message = 获取UserInfo , exception = 
【02:09:59】      message = 签到 , exception = 
【02:10:00】      message = 查询新邮件 , exception = 
【02:10:36】      message = mapctbox 完成 
【02:35:02】      message = 数字天空登陆 , exception = 
【02:35:04】      message = 获取时间信息 , exception = 
【02:35:06】      message = 获取Sign , exception = 
【02:35:06】      message = 获取UserInfo , exception = 
【02:35:16】      message = 签到 , exception = 
【02:35:16】      message = 查询新邮件 , exception = 
【03:33:18】      message = 数字天空登陆 , exception = 
【03:33:19】      message = 获取时间信息 , exception = 
【03:33:19】      message = 获取Sign , exception = 
【03:33:20】      message = 获取UserInfo , exception = 
【03:33:24】      message = 签到 , exception = 
【03:33:24】      message = 查询新邮件 , exception = 
【03:33:25】      message = 终止作战 , exception = 
【03:35:17】      message = 1_6BOSS 成功 
【03:35:22】      message = 数字天空登陆 , exception = 
【03:35:23】      message = 获取时间信息 , exception = 
【03:35:23】      message = 获取Sign , exception = 
【03:35:24】      message = 获取UserInfo , exception = 
【03:35:28】      message = 签到 , exception = 
【03:35:28】      message = 查询新邮件 , exception = 
【03:36:21】      message = endTurn Error , exception = error:2
【03:46:05】      message = 数字天空登陆 , exception = 
【03:46:06】      message = 获取时间信息 , exception = 
【03:46:10】      message = 获取Sign , exception = 
【03:46:11】      message = 获取UserInfo , exception = 
【03:46:18】      message = 签到 , exception = 
【03:46:18】      message = 查询新邮件 , exception = 
【03:46:19】      message = 终止作战 , exception = 
【03:48:04】      message = 1_6BOSS 成功 
【03:49:30】      message = 1_6BOSS 成功 
【03:50:37】      message = 1_6BOSS 成功 
【03:50:43】      message = 数字天空登陆 , exception = 
【03:50:44】      message = 获取时间信息 , exception = 
【03:50:44】      message = 获取Sign , exception = 
【03:50:45】      message = 获取UserInfo , exception = 
【03:50:50】      message = 签到 , exception = 
【03:50:50】      message = 查询新邮件 , exception = 
【01:54:43】      message = 数字天空登陆 , exception = 
【01:54:45】      message = 获取时间信息 , exception = 
【01:54:46】      message = 获取Sign , exception = 
【01:54:47】      message = 获取UserInfo , exception = 
【01:54:56】      message = 签到 , exception = 
【01:54:56】      message = 查询新邮件 , exception = 
【19:31:31】      message = LoginDigitalSKY , exception = false System.Net.WebException: An error occurred while sending the request. The server returned an invalid or unrecognized response. ---> System.Net.Http.HttpRequestException: An error occurred while sending the request. ---> System.IO.IOException: The server returned an invalid or unrecognized response.
   at System.Net.Http.HttpConnection.FillAsync()
   at System.Net.Http.HttpConnection.ReadNextResponseHeaderLineAsync(Boolean foldedHeadersAllowed)
   at System.Net.Http.HttpConnection.SendAsyncCore(HttpRequestMessage request, CancellationToken cancellationToken)
   --- End of inner exception stack trace ---
   at System.Net.Http.HttpConnection.SendAsyncCore(HttpRequestMessage request, CancellationToken cancellationToken)
   at System.Net.Http.HttpConnectionPool.SendWithRetryAsync(HttpRequestMessage request, Boolean doRequestAuth, CancellationToken cancellationToken)
   at System.Net.Http.RedirectHandler.SendAsync(HttpRequestMessage request, CancellationToken cancellationToken)
   at System.Net.Http.HttpClient.FinishSendAsyncUnbuffered(Task`1 sendTask, HttpRequestMessage request, CancellationTokenSource cts, Boolean disposeCts)
   at System.Net.HttpWebRequest.SendRequest()
   at System.Net.HttpWebRequest.GetResponse()
   --- End of inner exception stack trace ---
   at System.Net.HttpWebRequest.GetResponse()
   at System.Net.WebClient.GetWebResponse(WebRequest request)
   at System.Net.WebClient.DownloadBits(WebRequest request, Stream writeStream)
   at System.Net.WebClient.UploadBits(WebRequest request, Stream readStream, Byte[] buffer, Int32 chunkSize, Byte[] header, Byte[] footer)
   at System.Net.WebClient.UploadDataInternal(Uri address, String method, Byte[] data, WebRequest& request)
   at System.Net.WebClient.UploadData(Uri address, String method, Byte[] data)
   at System.Net.WebClient.UploadData(String address, String method, Byte[] data)
   at GFHelp.Core.API.BaseRequset.DoPost(String url, Byte[] postData) in C:\Users\jack\Desktop\CS\GFHelp-Web\GFHelp.Core\API\BaseRequset.cs:line 40
【19:31:31】      message = 数字天空登陆失败 , exception = 
【19:33:27】      message = 获取Sign失败 , exception = 
【19:41:49】      message = 获取UserInfo失败 , exception = 
【19:44:57】      message = 获取UserInfo失败 , exception = 
【04:15:33】      message = 程序已注销 请重新创建实例 
【00:54:09】      message = 程序已注销 请重新创建实例 
【01:42:18】      message = jackjieS 无法开始作战任务，请登陆游戏检查 
【01:46:18】      message = jackjieS 无法开始作战任务，请登陆游戏检查 
【21:48:29】      message = 人形 : 81973801 扩编 
【21:49:23】      message = 人形 : 81985985 扩编 
【02:28:41】      message = jackjieS 无法开始作战任务，请登陆游戏检查 
【10:10:02】      message = 收集数据 数据监测枢纽  
【10:10:05】      message =  获取数据样本出错 , exception = error:1
【13:10:03】      message = 获取宿舍信息出错 , exception = error:1
【17:25:33】      message = #VLXyFTqtJ3seq2uXwpTJ9hFLj4KsEx6oYt0TdzCCNEUEikcYDquttLyDYcHNe3nl+G8jGdBJxxTPMvo0gdmB6s+I2ag/rU5NcA9mOhuJZyTJeFe1zw6T5OMoLN9awkRQvL6x 
【23:01:41】      message = jackjieS 无法开始作战任务，请登陆游戏检查 
【00:57:44】      message = 终止作战 , exception = 
【00:57:51】      message = endTurn Error , exception = error:3
【01:08:13】      message = 终止作战 , exception = 
【00:28:12】      message = 程序已注销 请重新创建实例 
【16:49:09】      message = 终止作战 , exception = 
【16:50:36】      message = 终止作战 , exception = 
【16:54:55】      message = 终止作战 , exception = 
【16:57:12】      message = 8_6BOSS 成功 , exception = 
【17:07:36】      message = 8_6BOSS 成功 , exception = 
【23:09:55】      message = 7_4n 成功 , exception = 
【23:11:03】      message = 7_4n 成功 , exception = 
【23:12:19】      message = 7_4n 成功 , exception = 
【23:13:22】      message = 7_4n 成功 , exception = 
【23:14:28】      message = 7_4n 成功 , exception = 
【01:21:40】      message = 终止作战 , exception = 
【01:29:26】      message = jackjieS 无法开始作战任务，请登陆游戏检查 
【01:31:27】      message = teamMove Error , exception = error:3
【01:31:35】      message = jackjieS 无法部署梯队，请登陆游戏检查 , exception = error:2
【01:32:28】      message = 终止作战 , exception = 
【01:32:45】      message = teamMove Error , exception = error:3
【01:32:55】      message = jackjieS 无法部署梯队，请登陆游戏检查 , exception = error:2
【01:38:20】      message = 终止作战 , exception = 
【01:38:36】      message = teamMove Error , exception = error:3
【01:38:47】      message = jackjieS 无法部署梯队，请登陆游戏检查 , exception = error:2
【01:41:01】      message = 终止作战 , exception = 
【01:56:10】      message = 装备强化 id 15259903 
【02:00:27】      message = 装备强化 id 15259903 
【02:04:48】      message = 装备强化 id 15259903 
【02:08:58】      message = 装备强化 id 15259903 
【02:13:18】      message = 装备强化 id 15259903 
【02:17:43】      message = 装备强化 id 15259903 
【02:22:05】      message = Establish_Build_Finish ERROR , exception = error:202|尚无任何产出
【02:23:15】      message = 装备强化 id 15259903 
【02:51:37】      message = 获得5星装备 意不意外 惊不惊喜 
【02:52:19】      message = 7_4n 成功 , exception = 
【02:56:17】      message = 7_4n 成功 , exception = 
【03:01:11】      message = 获得5星装备 意不意外 惊不惊喜 
【03:01:28】      message = teamMove Error , exception = error:2
【03:01:31】      message = teamMove Error , exception = error:2
【14:10:02】      message = 获取宿舍信息出错 , exception = error:1
【16:13:19】      message = 终止作战 , exception = 
【16:13:33】      message = Establish_Build_Finish ERROR , exception = error:202|尚无任何产出
【16:15:39】      message = 获得5星装备 意不意外 惊不惊喜 
【16:15:47】      message = 7_4n 成功 , exception = 
【13:46:34】      message = 4_4E 成功 
【13:47:22】      message = 4_4E 成功 
【13:47:51】      message = 4_4E 成功 
【13:48:20】      message = 4_4E 成功 
【13:48:51】      message = 4_4E 成功 
【13:49:20】      message = 4_4E 成功 
【13:49:49】      message = 4_4E 成功 
【13:50:19】      message = 4_4E 成功 
【13:50:49】      message = 4_4E 成功 
【13:51:22】      message = 4_4E 成功 
【13:51:53】      message = 4_4E 成功 
【13:52:27】      message = 4_4E 成功 
【13:53:03】      message = 4_4E 成功 
【13:53:33】      message = 4_4E 成功 
【13:54:03】      message = 4_4E 成功 
【13:54:33】      message = 4_4E 成功 
【13:55:03】      message = 4_4E 成功 
【13:55:32】      message = 4_4E 成功 
【13:56:02】      message = 4_4E 成功 
【13:56:31】      message = 4_4E 成功 
【13:57:10】      message = 4_4E 成功 
【13:57:39】      message = 4_4E 成功 
【13:59:15】      message = 4_4E 成功 
【13:59:44】      message = 4_4E 成功 
【14:00:13】      message = 4_4E 成功 
【14:00:43】      message = 4_4E 成功 
【14:01:12】      message = 4_4E 成功 
【14:01:41】      message = 4_4E 成功 
【14:02:12】      message = 4_4E 成功 
【14:03:05】      message = 4_4E 成功 
【14:03:37】      message = 4_4E 成功 
【14:04:05】      message = 4_4E 成功 
【14:04:34】      message = 4_4E 成功 
【14:05:03】      message = 4_4E 成功 
【14:05:33】      message = 4_4E 成功 
【14:06:20】      message = 4_4E 成功 
【14:06:51】      message = 4_4E 成功 
【14:07:20】      message = 4_4E 成功 
【14:07:52】      message = 4_4E 成功 
【14:08:21】      message = 4_4E 成功 
【14:08:59】      message = 4_4E 成功 
【14:09:28】      message = 4_4E 成功 
【14:10:16】      message = 4_4E 成功 
【14:10:47】      message = 4_4E 成功 
【14:11:19】      message = 4_4E 成功 
【14:11:48】      message = 4_4E 成功 
【14:12:17】      message = 4_4E 成功 
【14:12:46】      message = 4_4E 成功 
【14:13:22】      message = 4_4E 成功 
【14:13:51】      message = 4_4E 成功 
【14:14:58】      message = 4_4E 成功 
【14:15:27】      message = 4_4E 成功 
【14:16:00】      message = 4_4E 成功 
【14:16:34】      message = 4_4E 成功 
【14:17:02】      message = 4_4E 成功 
【14:17:32】      message = 4_4E 成功 
【14:18:15】      message = 4_4E 成功 
【14:18:43】      message = 4_4E 成功 
【14:19:14】      message = 4_4E 成功 
【14:19:46】      message = 4_4E 成功 
【14:20:20】      message = 4_4E 成功 
【14:20:48】      message = 4_4E 成功 
【14:21:17】      message = 4_4E 成功 
【14:21:59】      message = 4_4E 成功 
【14:22:32】      message = 4_4E 成功 
【14:23:01】      message = 4_4E 成功 
【14:23:49】      message = 4_4E 成功 
【14:24:17】      message = 4_4E 成功 
【14:24:51】      message = 4_4E 成功 
【14:26:08】      message = 4_4E 成功 
【14:26:56】      message = 4_4E 成功 
【14:27:32】      message = 4_4E 成功 
【14:28:02】      message = 4_4E 成功 
【14:28:31】      message = 4_4E 成功 
【14:29:03】      message = 4_4E 成功 
【14:29:41】      message = 4_4E 成功 
【14:30:12】      message = 4_4E 成功 
【14:30:46】      message = 4_4E 成功 
【14:31:36】      message = 4_4E 成功 
【14:32:06】      message = 4_4E 成功 
【14:32:50】      message = 4_4E 成功 
【06:30:38】      message = 程序已注销 请重新创建实例 
【17:10:15】      message = 装备强化 id 15259903 
【17:10:59】      message = 人形 : 77444059 扩编 
【17:11:44】      message = 人形 : 71148368 扩编 
【17:12:29】      message = 人形 : 71274386 扩编 
【17:13:13】      message = 人形 : 81990084 扩编 
【17:16:40】      message = 终止作战 , exception = 
【17:36:16】      message = 人形 : 87128426 扩编 
【17:37:17】      message = 终止作战 , exception = 
【17:42:00】      message = 人形 : 71148368 扩编 
【17:52:25】      message = 人形 : 71274386 扩编 
【17:53:24】      message = 人形 : 77444059 扩编 
【18:09:48】      message = 人形 : 81990084 扩编 
【18:10:02】      message =  s3.NorthAdmiral 宿舍 电池数 -2 剩余 48 
【18:10:08】      message =  siguld 宿舍 电池数 -2 剩余 47 
【18:10:14】      message =  KP31 宿舍 电池数 -2 剩余 46 
【18:10:16】      message =  这是好事 宿舍 电池数 -2 剩余 45 
【18:10:22】      message =  Illyasviel 宿舍 电池数 -2 剩余 44 
【18:10:27】      message =  丁丁 宿舍 电池数 -2 剩余 43 
【18:10:30】      message =  Akakuma 宿舍 电池数 -2 剩余 42 
【18:10:33】      message =  KazMiller 宿舍 电池数 -2 剩余 41 
【18:10:35】      message =  小仓朝日 宿舍 电池数 -2 剩余 40 
【18:10:38】      message =  苍穹暗帝 宿舍 电池数 -2 剩余 39 
【18:10:41】      message =  Cirno9 宿舍 电池数 -2 剩余 38 
【18:10:43】      message =  Sumiko 宿舍 电池数 -2 剩余 37 
【18:10:46】      message =  米科 宿舍 电池数 -2 剩余 36 
【18:10:49】      message =  UZ 宿舍 电池数 -2 剩余 35 
【18:10:51】      message =  白日梦想家 宿舍 电池数 -2 剩余 34 
【18:10:54】      message =  霖音Blank 宿舍 电池数 -2 剩余 33 
【18:10:57】      message =  马蒂尼亨利 宿舍 电池数 -2 剩余 32 
【18:10:59】      message =  朝闻道 宿舍 电池数 -2 剩余 31 
【18:11:02】      message =  Culente 宿舍 电池数 -2 剩余 30 
【18:11:05】      message =  我不是陆Sir 宿舍 电池数 -2 剩余 29 
【18:11:07】      message =  s1.模拟创星图 宿舍 电池数 -2 剩余 28 
【18:11:10】      message =  Weiss 宿舍 电池数 -2 剩余 27 
【18:11:13】      message =  聖峰銀月 宿舍 电池数 -2 剩余 26 
【18:11:15】      message =  FuZe 宿舍 电池数 -2 剩余 25 
【18:11:18】      message =  Yudachi 宿舍 电池数 -2 剩余 24 
【18:11:21】      message =  月时计 宿舍 电池数 -2 剩余 23 
【18:11:26】      message =  筠礼 宿舍 电池数 -2 剩余 22 
【18:11:29】      message =  索涅奇卡 宿舍 电池数 -2 剩余 21 
【18:11:32】      message =  Ark 宿舍 电池数 -2 剩余 20 
【18:11:35】      message =  Nihil 宿舍 电池数 -2 剩余 19 
【18:11:48】      message =  伊洛卡卡 宿舍 电池数 -2 剩余 18 
【18:11:51】      message =  丨WA2000丨 宿舍 电池数 -2 剩余 17 
【18:11:57】      message =  aoi 宿舍 电池数 -2 剩余 16 
【18:11:59】      message =  辉辉夜 宿舍 电池数 -2 剩余 15 
【18:12:03】      message =  说好的组织呢 宿舍 电池数 -2 剩余 14 
【18:12:06】      message =  林有德 宿舍 电池数 -2 剩余 13 
【18:12:08】      message =  Wa酱 宿舍 电池数 -2 剩余 12 
【18:12:11】      message =  s13.虛幻 宿舍 电池数 -2 剩余 11 
【18:12:14】      message =  s3.雪上 宿舍 电池数 -2 剩余 10 
【18:12:19】      message =  摩西摩西 宿舍 电池数 0 剩余 9 
【18:12:22】      message =  月鸟武 宿舍 电池数 -2 剩余 8 
【18:12:25】      message =  这火我不传 宿舍 电池数 -2 剩余 7 
【18:12:27】      message =  彼岸花开四季 宿舍 电池数 -2 剩余 6 
【18:12:30】      message =  星辰cobewb 宿舍 电池数 -2 剩余 5 
【18:12:33】      message =  城南小巷 宿舍 电池数 -2 剩余 4 
【18:12:36】      message =  心灵塑师杰斯 宿舍 电池数 -2 剩余 3 
【18:12:41】      message =  无痕优寂何去 宿舍 电池数 -2 剩余 2 
【19:00:50】      message = 人形 : 87128426 扩编 
【19:22:57】      message = Establish_Build_Finish ERROR , exception = error:202|尚无任何产出
【20:11:02】      message = 人形 : 71148368 扩编 
【20:23:24】      message = Establish_Build_Finish ERROR , exception = error:202|尚无任何产出
【21:26:40】      message = Establish_Build_Finish ERROR , exception = error:202|尚无任何产出
【23:48:30】      message = 终止作战 , exception = 
【23:48:55】      message = Establish_Build_Finish ERROR , exception = error:202|尚无任何产出
【23:50:45】      message = 终止作战 , exception = 
【00:29:00】      message = 后勤结束失败 , exception = error:7
【00:32:51】      message = 获取新人形 : gun-10000240 ,意不意外 惊不惊喜 
【00:32:57】      message = 人形 : 77444059 扩编 
【04:17:15】      message = 程序已注销 请重新创建实例 
