【23:47:00】      message = 数字天空登陆 , exception = 
【23:47:01】      message = 获取时间信息 , exception = 
【23:47:02】      message = 获取Sign , exception = 
【23:47:03】      message = 获取UserInfo , exception = 
【23:47:10】      message = 签到 , exception = 
【23:47:10】      message = 查询新邮件 , exception = 
【23:47:59】      message = 烤面筋哟 无法部署梯队，请登陆游戏检查 , exception = error:2
【23:48:33】      message = 烤面筋哟 无法部署梯队，请登陆游戏检查 , exception = error:2
【23:48:55】      message = 数字天空登陆 , exception = 
【23:48:55】      message = 获取时间信息 , exception = 
【23:48:56】      message = 获取Sign , exception = 
【23:48:57】      message = 获取UserInfo , exception = 
【23:48:59】      message = 签到 , exception = 
【23:48:59】      message = 查询新邮件 , exception = 
【23:49:05】      message = 终止作战 , exception = 
【23:49:40】      message = 数字天空登陆 , exception = 
【23:49:41】      message = 获取时间信息 , exception = 
【23:49:42】      message = 获取Sign , exception = 
【23:49:43】      message = 获取UserInfo , exception = 
【23:49:48】      message = 签到 , exception = 
【23:49:48】      message = 查询新邮件 , exception = 
【23:51:51】      message = 获取新人形 : mk 12 ,意不意外 惊不惊喜 
【23:54:13】      message = mapctbox 完成 
【00:26:21】      message = 程序已注销 请重新创建实例 
【00:28:44】      message = 数字天空登陆 , exception = 
【00:28:45】      message = 获取时间信息 , exception = 
【00:28:46】      message = 获取Sign , exception = 
【00:28:46】      message = 获取UserInfo , exception = 
【00:28:52】      message = 签到 , exception = 
【00:28:52】      message = 查询新邮件 , exception = 
【00:29:17】      message = 数字天空登陆 , exception = 
【00:29:18】      message = 获取时间信息 , exception = 
【00:29:18】      message = 获取Sign , exception = 
【00:29:19】      message = 获取UserInfo , exception = 
【00:29:25】      message = 签到 , exception = 
【00:29:25】      message = 查询新邮件 , exception = 
【00:29:26】      message = #Tl4DS0lqs/qx9oqeL6pYEOcv3GfbrFw+sZbKR8KoSk2SgO1FQxr1bYSm2OfVBHP801NQIzLnOVswxkjRW5LgzTVg921TaeU4lICZHqy4/5H9PQHUONZHiTm7 
【00:34:56】      message = 数字天空登陆 , exception = 
【00:34:57】      message = 获取时间信息 , exception = 
【00:34:58】      message = 获取Sign , exception = 
【00:34:58】      message = 获取UserInfo , exception = 
【00:35:08】      message = 签到 , exception = 
【00:35:08】      message = 查询新邮件 , exception = 
【00:36:04】      message = 烤面筋哟 无法部署梯队，请登陆游戏检查 , exception = error:2
【00:37:44】      message = 数字天空登陆 , exception = 
【00:37:44】      message = 获取时间信息 , exception = 
【00:37:45】      message = 获取Sign , exception = 
【00:37:46】      message = 获取UserInfo , exception = 
【00:44:18】      message = 程序已注销 请重新创建实例 
【00:44:36】      message = 数字天空登陆 , exception = 
【00:44:37】      message = 获取时间信息 , exception = 
【00:44:38】      message = 获取Sign , exception = 
【00:44:39】      message = 获取UserInfo , exception = 
【00:44:45】      message = 签到 , exception = 
【00:44:45】      message = 查询新邮件 , exception = 
【00:44:45】      message = 终止作战 , exception = 
【00:49:27】      message = mapctbox 完成 
【00:51:45】      message = 程序已注销 请重新创建实例 
【01:04:06】      message = 数字天空登陆 , exception = 
【01:04:07】      message = 获取时间信息 , exception = 
【01:04:07】      message = 获取Sign , exception = 
【01:04:08】      message = 获取UserInfo , exception = 
【01:04:11】      message = 签到 , exception = 
【01:04:11】      message = 查询新邮件 , exception = 
【01:04:42】      message = 数字天空登陆 , exception = 
【01:04:43】      message = 获取时间信息 , exception = 
【01:04:44】      message = 获取Sign , exception = 
【01:04:45】      message = 获取UserInfo , exception = 
【01:04:51】      message = 签到 , exception = 
【01:04:51】      message = 查询新邮件 , exception = 
【01:04:52】      message = 数字天空登陆 , exception = 
【01:04:53】      message = 获取时间信息 , exception = 
【01:04:54】      message = 获取Sign , exception = 
【01:04:54】      message = 获取UserInfo , exception = 
【01:05:00】      message = 签到 , exception = 
【01:05:00】      message = 查询新邮件 , exception = 
【01:05:01】      message = 烤面筋哟 无法开始作战任务，请登陆游戏检查 
【01:05:01】      message = mapctbox 完成 
【01:05:04】      message = 人形 : 13958844 扩编 
【01:05:33】      message = 数字天空登陆 , exception = 
【01:05:34】      message = 获取时间信息 , exception = 
【01:05:34】      message = 获取Sign , exception = 
【01:05:35】      message = 获取UserInfo , exception = 
【01:05:40】      message = 签到 , exception = 
【01:05:40】      message = 查询新邮件 , exception = 
【01:07:36】      message = 人形强化 ERROR , exception = error:2
【01:10:02】      message = mapctbox 完成 
【01:11:00】      message = 程序已注销 请重新创建实例 
