【01:32:56】      message = 数字天空登陆 , exception = 
【01:32:57】      message = 获取时间信息 , exception = 
【01:32:58】      message = 获取Sign , exception = 
【01:32:59】      message = 获取UserInfo , exception = 
【01:33:02】      message = 签到 , exception = 
【01:33:02】      message = 查询新邮件 , exception = 
【01:35:17】      message = teamMove Error , exception = error:0
【01:35:26】      message = teamMove Error , exception = error:0
【01:35:29】      message = teamMove Error , exception = error:0
【01:35:37】      message = 数字天空登陆 , exception = 
【01:35:38】      message = 获取时间信息 , exception = 
【01:35:39】      message = 获取Sign , exception = 
【01:35:40】      message = 获取UserInfo , exception = 
【01:35:42】      message = 签到 , exception = 
【01:35:42】      message = 查询新邮件 , exception = 
【01:38:05】      message = 数字天空登陆 , exception = 
【01:38:06】      message = 获取时间信息 , exception = 
【01:38:07】      message = 获取Sign , exception = 
【01:38:08】      message = 获取UserInfo , exception = 
【01:38:10】      message = 签到 , exception = 
【01:38:10】      message = 查询新邮件 , exception = 
【01:38:12】      message = 数字天空登陆 , exception = 
【01:38:12】      message = 获取时间信息 , exception = 
【01:38:13】      message = 获取Sign , exception = 
【01:38:14】      message = 获取UserInfo , exception = 
【01:38:17】      message = 签到 , exception = 
【01:38:17】      message = 查询新邮件 , exception = 
【01:38:18】      message = 問萱青梅 无法开始作战任务，请登陆游戏检查 
【01:38:18】      message = mapctbox 完成 
【01:38:19】      message = 数字天空登陆 , exception = 
【01:38:20】      message = 获取时间信息 , exception = 
【01:38:21】      message = 获取Sign , exception = 
【01:38:21】      message = 获取UserInfo , exception = 
【01:38:25】      message = 签到 , exception = 
【01:38:25】      message = 查询新邮件 , exception = 
【02:24:41】      message = 数字天空登陆 , exception = 
【02:24:42】      message = 获取时间信息 , exception = 
【02:24:43】      message = 获取Sign , exception = 
【02:24:44】      message = 获取UserInfo , exception = 
【02:24:47】      message = 签到 , exception = 
【02:24:47】      message = 查询新邮件 , exception = 
【02:24:56】      message = 终止作战 , exception = 
【02:25:09】      message = 問萱青梅 无法部署梯队，请登陆游戏检查 , exception = error:0
【02:25:12】      message = endTurn Error , exception = error:0
【02:25:17】      message = endEnemyTurn Error , exception = error:0
【02:25:19】      message = startTurn Error , exception = error:0
【02:25:22】      message = teamMove Error , exception = error:0
【02:25:30】      message = teamMove Error , exception = error:0
【02:25:33】      message = teamMove Error , exception = error:0
【02:25:37】      message = mapctbox 完成 
【02:26:04】      message = 数字天空登陆 , exception = 
【02:26:05】      message = 获取时间信息 , exception = 
【02:26:05】      message = 获取Sign , exception = 
【02:26:06】      message = 获取UserInfo , exception = 
【02:26:10】      message = 签到 , exception = 
【02:26:10】      message = 查询新邮件 , exception = 
【02:26:10】      message = 终止作战 , exception = 
【02:26:41】      message = 問萱青梅 无法部署梯队，请登陆游戏检查 , exception = error:2
【02:26:45】      message = endTurn Error , exception = error:0
【02:26:54】      message = endEnemyTurn Error , exception = error:0
【02:26:57】      message = startTurn Error , exception = error:0
【02:27:00】      message = teamMove Error , exception = error:0
【02:27:09】      message = teamMove Error , exception = error:0
【02:27:12】      message = teamMove Error , exception = error:0
【02:27:17】      message = mapctbox 完成 
【02:27:33】      message = 数字天空登陆 , exception = 
【02:27:33】      message = 获取时间信息 , exception = 
【02:27:34】      message = 获取Sign , exception = 
【02:27:35】      message = 获取UserInfo , exception = 
【02:27:38】      message = 签到 , exception = 
【02:27:38】      message = 查询新邮件 , exception = 
【02:27:40】      message = Mail , exception = error:0
【02:28:25】      message = 数字天空登陆 , exception = 
【02:28:26】      message = 获取时间信息 , exception = 
【02:28:27】      message = 获取Sign , exception = 
【02:28:28】      message = 获取UserInfo , exception = 
【02:28:31】      message = 签到 , exception = 
【02:28:31】      message = 查询新邮件 , exception = 
【02:28:50】      message = 数字天空登陆 , exception = 
【02:28:51】      message = 获取时间信息 , exception = 
【02:28:51】      message = 获取Sign , exception = 
【02:28:52】      message = 获取UserInfo , exception = 
【02:28:56】      message = 签到 , exception = 
【02:28:56】      message = 查询新邮件 , exception = 
【02:28:58】      message = 数字天空登陆 , exception = 
【02:28:58】      message = 获取时间信息 , exception = 
【02:28:59】      message = 获取Sign , exception = 
【02:29:00】      message = 获取UserInfo , exception = 
【02:29:02】      message = 签到 , exception = 
【02:29:02】      message = 查询新邮件 , exception = 
【02:29:06】      message = 問萱青梅 无法开始作战任务，请登陆游戏检查 
【02:29:06】      message = mapctbox 完成 
【02:29:07】      message = mapctbox 完成 
【02:29:27】      message = 問萱青梅 无法部署梯队，请登陆游戏检查 , exception = error:2
【02:29:45】      message = mapctbox 完成 
【02:30:38】      message = 問萱青梅 无法部署梯队，请登陆游戏检查 , exception = error:0
【02:30:41】      message = endTurn Error , exception = error:0
【02:30:46】      message = endEnemyTurn Error , exception = error:0
【02:30:48】      message = startTurn Error , exception = error:0
【02:30:51】      message = teamMove Error , exception = error:0
【02:30:59】      message = teamMove Error , exception = error:0
【02:31:02】      message = teamMove Error , exception = error:0
【02:31:13】      message = 数字天空登陆 , exception = 
【02:31:14】      message = 获取时间信息 , exception = 
【02:31:14】      message = 获取Sign , exception = 
【02:31:15】      message = 获取UserInfo , exception = 
【02:31:18】      message = 签到 , exception = 
【02:31:18】      message = 查询新邮件 , exception = 
【02:31:23】      message = teamMove Error , exception = error:0
【02:31:33】      message = 問萱青梅 无法部署梯队，请登陆游戏检查 , exception = error:0
【02:31:35】      message = endTurn Error , exception = error:0
【02:31:43】      message = endEnemyTurn Error , exception = error:0
【02:31:46】      message = startTurn Error , exception = error:0
【02:31:49】      message = teamMove Error , exception = error:0
【02:31:56】      message = teamMove Error , exception = error:0
【02:31:59】      message = teamMove Error , exception = error:0
【02:32:08】      message = 数字天空登陆 , exception = 
【02:32:09】      message = 获取时间信息 , exception = 
【02:32:10】      message = 获取Sign , exception = 
【02:32:11】      message = 获取UserInfo , exception = 
【02:32:14】      message = 签到 , exception = 
【02:32:14】      message = 查询新邮件 , exception = 
【02:32:15】      message = 终止作战 , exception = 
【02:32:44】      message = teamMove Error , exception = error:0
【02:32:46】      message = teamMove Error , exception = error:0
【02:32:55】      message = 数字天空登陆 , exception = 
【02:32:56】      message = 获取时间信息 , exception = 
【02:32:56】      message = 获取Sign , exception = 
【02:32:57】      message = 获取UserInfo , exception = 
【02:33:00】      message = 签到 , exception = 
【02:33:00】      message = 查询新邮件 , exception = 
【02:33:01】      message = 终止作战 , exception = 
【02:33:27】      message = startTurn Error , exception = error:0
【02:33:34】      message = 数字天空登陆 , exception = 
【02:33:35】      message = 获取时间信息 , exception = 
【02:33:35】      message = 获取Sign , exception = 
【02:33:36】      message = 获取UserInfo , exception = 
【02:33:39】      message = 签到 , exception = 
【02:33:39】      message = 查询新邮件 , exception = 
【02:33:40】      message = 终止作战 , exception = 
【02:34:03】      message = endEnemyTurn Error , exception = error:2
【02:34:07】      message = startTurn Error , exception = error:2
【02:34:12】      message = 数字天空登陆 , exception = 
【02:34:13】      message = 获取时间信息 , exception = 
【02:34:13】      message = 获取Sign , exception = 
【02:34:14】      message = 获取UserInfo , exception = 
【02:34:18】      message = 签到 , exception = 
【02:34:18】      message = 查询新邮件 , exception = 
【02:34:18】      message = 终止作战 , exception = 
【02:34:20】      message = 数字天空登陆 , exception = 
【02:34:21】      message = 获取时间信息 , exception = 
【02:34:22】      message = 获取Sign , exception = 
【02:34:22】      message = 获取UserInfo , exception = 
【02:34:25】      message = 签到 , exception = 
【02:34:25】      message = 查询新邮件 , exception = 
【02:34:26】      message = 問萱青梅 无法开始作战任务，请登陆游戏检查 
【02:34:26】      message = mapctbox 完成 
【02:35:02】      message = 数字天空登陆 , exception = 
【02:35:03】      message = 获取时间信息 , exception = 
【02:35:04】      message = 获取Sign , exception = 
【02:35:05】      message = 获取UserInfo , exception = 
【02:35:09】      message = 签到 , exception = 
【02:35:09】      message = 查询新邮件 , exception = 
【02:35:10】      message = 终止作战 , exception = 
