【00:57:30】      message =  自动分享获取30钻石 
【00:58:15】      message = 获取邮件 ID: 67728730 标题 线上老婆是女生 内容 在宿舍中收集1000颗战术少女的爱心。 
【00:59:10】      message = finishHeavyDevelop Error , exception = error:2
【00:59:21】      message = 毒島冴子 无法开始作战任务，请登陆游戏检查 
【01:00:20】      message = 毒島冴子 无法开始作战任务，请登陆游戏检查 
【01:00:29】      message = 战斗任务结束,获得 人力 0 子弹 0 口粮 0 零件 0 初级资料 0 中级资料 0 高级资料 0 人形 0 
【01:00:47】      message = 初始化战斗任务 ERROR , exception = System.NullReferenceException: Object reference not set to an instance of an object.
   at GFHelp.Core.Action.Mission.Data.init(String taskMap) in C:\Users\jack\Desktop\CS\GFHelp-Web\GFHelp.Core\Action\Battle\Loop.cs:line 208
   at GFHelp.Core.Action.Mission.Test() in C:\Users\jack\Desktop\CS\GFHelp-Web\GFHelp.Core\Action\Battle\Loop.cs:line 54
【01:00:48】      message = 战斗任务结束,获得 人力 0 子弹 0 口粮 0 零件 0 初级资料 0 中级资料 0 高级资料 0 人形 0 
【01:03:55】      message = 获取邮件 ID: 67729403 标题 每日指标：小型模拟 内容 完成1次模拟作战。 
【01:03:59】      message = 初始化战斗任务 ERROR , exception = System.NullReferenceException: Object reference not set to an instance of an object.
   at GFHelp.Core.Action.Mission.Data.init(String taskMap) in C:\Users\jack\Desktop\CS\GFHelp-Web\GFHelp.Core\Action\Battle\Loop.cs:line 208
   at GFHelp.Core.Action.Mission.Test() in C:\Users\jack\Desktop\CS\GFHelp-Web\GFHelp.Core\Action\Battle\Loop.cs:line 54
【01:04:00】      message = 战斗任务结束,获得 人力 0 子弹 0 口粮 0 零件 0 初级资料 0 中级资料 0 高级资料 0 人形 0 
【01:06:32】      message = 初始化战斗任务 ERROR , exception = System.NullReferenceException: Object reference not set to an instance of an object.
   at GFHelp.Core.Action.Mission.Data.init(String taskMap) in C:\Users\jack\Desktop\CS\GFHelp-Web\GFHelp.Core\Action\Battle\Loop.cs:line 208
   at GFHelp.Core.Action.Mission.Test() in C:\Users\jack\Desktop\CS\GFHelp-Web\GFHelp.Core\Action\Battle\Loop.cs:line 54
【01:06:33】      message = 战斗任务结束,获得 人力 0 子弹 0 口粮 0 零件 0 初级资料 0 中级资料 0 高级资料 0 人形 0 
【01:06:51】      message = 战斗任务结束,获得 人力 0 子弹 0 口粮 0 零件 0 初级资料 0 中级资料 0 高级资料 0 人形 0 
【01:06:56】      message = 程序已注销 请重新创建实例 
【01:07:12】      message = 初始化战斗任务 ERROR , exception = System.NullReferenceException: Object reference not set to an instance of an object.
   at GFHelp.Core.Action.Mission.Data.init(String taskMap) in C:\Users\jack\Desktop\CS\GFHelp-Web\GFHelp.Core\Action\Battle\Loop.cs:line 208
   at GFHelp.Core.Action.Mission.Test() in C:\Users\jack\Desktop\CS\GFHelp-Web\GFHelp.Core\Action\Battle\Loop.cs:line 54
【01:07:13】      message = 战斗任务结束,获得 人力 0 子弹 0 口粮 0 零件 0 初级资料 0 中级资料 0 高级资料 0 人形 0 
【01:10:05】      message = 初始化战斗任务 ERROR , exception = System.NullReferenceException: Object reference not set to an instance of an object.
   at GFHelp.Core.Action.Mission.Data.init(String taskMap) in C:\Users\jack\Desktop\CS\GFHelp-Web\GFHelp.Core\Action\Battle\Loop.cs:line 208
   at GFHelp.Core.Action.Mission.Test() in C:\Users\jack\Desktop\CS\GFHelp-Web\GFHelp.Core\Action\Battle\Loop.cs:line 54
【01:10:06】      message = 战斗任务结束,获得 人力 0 子弹 0 口粮 0 零件 0 初级资料 0 中级资料 0 高级资料 0 人形 0 
【01:11:18】      message = 4_6BOSS 成功 , exception = 
【01:11:55】      message = 4_6BOSS 成功 , exception = 
【01:12:32】      message = 4_6BOSS 成功 , exception = 
【01:12:33】      message = 战斗任务结束,获得 人力 0 子弹 0 口粮 0 零件 0 初级资料 0 中级资料 0 高级资料 0 人形 0 
【01:13:09】      message = 获取邮件 ID: 67730359 标题 squad_data_daily-10000010 内容 squad_data_daily-20000010 
【01:13:11】      message = 获取邮件 ID: 67730410 标题 每日指标：象征性胜利 内容 通过任意关卡1次。 
【01:13:13】      message = 获取邮件 ID: 67730481 标题 squad_data_daily-10000003 内容 squad_data_daily-20000003 
【18:02:59】      message = 程序已注销 请重新创建实例 
