【01:18:31】      message = 获取UserInfo , exception = 
【01:18:34】      message = 签到 , exception = 
【01:18:34】      message = 查询新邮件 , exception = 
【01:22:58】      message = 获取UserInfo , exception = 
【01:23:02】      message = 签到 , exception = 
【01:23:02】      message = 查询新邮件 , exception = 
【01:23:25】      message = 获取UserInfo , exception = 
【01:23:28】      message = 签到 , exception = 
【01:23:28】      message = 查询新邮件 , exception = 
【01:23:29】      message = s1.贵人欧尼酱 无法开始作战任务，请登陆游戏检查 
【01:23:29】      message = mapctbox 完成 
【02:07:45】      message = 获取UserInfo , exception = 
【02:07:48】      message = 签到 , exception = 
【02:07:49】      message = 查询新邮件 , exception = 
【02:08:20】      message = 获取UserInfo , exception = 
【02:08:23】      message = 签到 , exception = 
【02:08:23】      message = 查询新邮件 , exception = 
【02:08:29】      message = s1.贵人欧尼酱 无法开始作战任务，请登陆游戏检查 
【02:08:29】      message = mapctbox 完成 
【20:41:29】      message = 程序已注销 请重新创建实例 
【00:09:54】      message = 获取UserInfo , exception = 
【00:09:57】      message = 签到 , exception = 
【00:09:57】      message = 查询新邮件 , exception = 
【00:15:57】      message = endEnemyTurn Error , exception = error:2
【00:16:00】      message = startTurn Error , exception = error:2
【00:16:03】      message = teamMove Error , exception = error:203|行動ポイント計算エラー
【00:16:06】      message = teamMove Error , exception = error:203|行動ポイント計算エラー
【00:20:08】      message = endEnemyTurn Error , exception = error:2
【00:20:11】      message = startTurn Error , exception = error:2
【00:20:14】      message = teamMove Error , exception = error:203|行動ポイント計算エラー
【00:24:27】      message = endEnemyTurn Error , exception = error:2
【00:24:30】      message = startTurn Error , exception = error:2
【00:24:33】      message = teamMove Error , exception = error:203|行動ポイント計算エラー
【00:31:04】      message = endEnemyTurn Error , exception = error:2
【00:31:07】      message = startTurn Error , exception = error:2
【00:31:10】      message = teamMove Error , exception = error:203|行動ポイント計算エラー
【00:38:02】      message = teamMove Error , exception = error:203|行動ポイント計算エラー
【00:39:44】      message = endEnemyTurn Error , exception = error:2
【00:39:47】      message = startTurn Error , exception = error:2
【00:39:49】      message = teamMove Error , exception = error:203|行動ポイント計算エラー
【00:39:52】      message = teamMove Error , exception = error:203|行動ポイント計算エラー
【00:44:36】      message = teamMove Error , exception = error:203|行動ポイント計算エラー
【00:50:29】      message = teamMove Error , exception = error:203|行動ポイント計算エラー
【00:59:23】      message = 获得5星装备 意不意外 惊不惊喜 
【01:01:20】      message = endEnemyTurn Error , exception = error:2
【01:01:22】      message = startTurn Error , exception = error:2
【01:01:25】      message = teamMove Error , exception = error:203|行動ポイント計算エラー
【01:01:28】      message = teamMove Error , exception = error:203|行動ポイント計算エラー
【01:24:38】      message = 后勤结束失败 , exception = error:0
【01:50:29】      message = 程序已注销 请重新创建实例 
