【04:49:30】      message = 获取UserInfo , exception = 
【04:49:32】      message = 签到 , exception = 
【04:49:32】      message = 查询新邮件 , exception = 
【04:50:42】      message = 获取UserInfo , exception = 
【04:53:14】      message = 获取UserInfo , exception = 
【04:53:21】      message = 获取UserInfo , exception = 
【04:54:11】      message = 获取UserInfo , exception = 
【04:54:13】      message = 签到 , exception = 
【04:54:13】      message = 查询新邮件 , exception = 
【04:56:07】      message = 获取UserInfo , exception = 
【04:56:10】      message = 签到 , exception = 
【04:56:10】      message = 查询新邮件 , exception = 
【04:57:41】      message = 获取UserInfo , exception = 
【04:57:43】      message = 签到 , exception = 
【04:57:43】      message = 查询新邮件 , exception = 
【05:00:56】      message = 获取UserInfo , exception = 
【05:00:59】      message = 签到 , exception = 
【05:00:59】      message = 查询新邮件 , exception = 
【05:02:10】      message = 获取新人形 : c96 ,意不意外 惊不惊喜 
【05:02:45】      message = Simulation_battleFinish Error , exception = error:2
【05:02:50】      message = startTurn Error , exception = error:2
【05:02:54】      message = teamMove Error , exception = error:203|行动点数计算有误
【05:02:59】      message = teamMove Error , exception = error:203|行动点数计算有误
【05:03:08】      message = endTurn Error , exception = error:2
【05:04:11】      message = Simulation_battleFinish Error , exception = error:2
【05:04:14】      message = startTurn Error , exception = error:2
【05:04:18】      message = teamMove Error , exception = error:203|行动点数计算有误
【05:04:24】      message = teamMove Error , exception = error:203|行动点数计算有误
【05:04:38】      message = endTurn Error , exception = error:2
【05:08:09】      message = 获取UserInfo , exception = 
【05:08:11】      message = 签到 , exception = 
【05:08:11】      message = 查询新邮件 , exception = 
【05:08:12】      message = 终止作战 , exception = 
【05:09:13】      message = Simulation_battleFinish Error , exception = error:2
【05:09:17】      message = startTurn Error , exception = error:2
【05:09:24】      message = teamMove Error , exception = error:203|行动点数计算有误
【05:11:22】      message = 获取UserInfo , exception = 
【05:11:22】      message = 获取UserInfo , exception = 
【05:11:24】      message = 签到 , exception = 
【05:11:24】      message = 查询新邮件 , exception = 
【05:11:24】      message = 签到 , exception = 
【05:11:24】      message = 查询新邮件 , exception = 
【05:12:34】      message = 2-2 成功 
【05:13:11】      message = 2-3成功 
【05:13:59】      message = 2-4成功 
【05:14:28】      message = 2-4成功 
【05:14:54】      message = 获取新人形 : fn-49 ,意不意外 惊不惊喜 
【05:14:58】      message = 2_6BOSS 成功 , exception = 
【05:15:28】      message = 3_1 成功 
【05:15:55】      message = 获取新人形 : fn-49 ,意不意外 惊不惊喜 
【05:16:45】      message = 3_3 成功 
【05:17:18】      message = 3_4 成功 
【05:17:32】      message = 获取新人形 : mg34 ,意不意外 惊不惊喜 
【05:17:41】      message = 3_5 成功 
【05:18:11】      message = 3_6BOSS 成功 , exception = 
【05:19:01】      message = 获取新人形 : dp28 ,意不意外 惊不惊喜 
【05:19:07】      message = 4_2 成功 
【05:19:21】      message = 获取新人形 : mg34 ,意不意外 惊不惊喜 
【05:19:41】      message = 4_3 成功 
【05:20:02】      message = 获取新人形 : dp28 ,意不意外 惊不惊喜 
【05:20:06】      message = 4_4 成功 
【05:20:34】      message = 获取新人形 : fn-49 ,意不意外 惊不惊喜 
【05:20:38】      message = 4_5 成功 
【05:21:11】      message = 4_6BOSS 成功 , exception = 
【05:21:19】      message = 获取UserInfo , exception = 
【05:21:21】      message = 签到 , exception = 
【05:21:21】      message = 查询新邮件 , exception = 
【05:22:38】      message = 获取UserInfo , exception = 
【05:22:40】      message = 签到 , exception = 
【05:22:40】      message = 查询新邮件 , exception = 
【05:22:42】      message = 桃乐桃乐丝 无法开始作战任务，请登陆游戏检查 
【05:22:44】      message = teamMove Error , exception = error:3
【05:22:48】      message = 桃乐桃乐丝 无法部署梯队，请登陆游戏检查 , exception = error:3
【05:22:51】      message = endTurn Error , exception = error:3
