【00:51:08】      message = 数字天空登陆 , exception = 
【00:51:09】      message = 获取时间信息 , exception = 
【00:51:09】      message = 获取Sign , exception = 
【00:51:10】      message = 获取UserInfo , exception = 
【00:51:14】      message = 签到 , exception = 
【00:51:14】      message = 查询新邮件 , exception = 
【00:59:30】      message = 数字天空登陆 , exception = 
【00:59:31】      message = 获取时间信息 , exception = 
【00:59:33】      message = 获取Sign , exception = 
【00:59:35】      message = 获取UserInfo , exception = 
【01:00:42】      message = 数字天空登陆 , exception = 
【01:00:43】      message = 获取时间信息 , exception = 
【01:00:45】      message = 获取Sign , exception = 
【01:00:46】      message = 获取UserInfo , exception = 
【01:00:58】      message = 签到 , exception = 
【01:00:58】      message = 查询新邮件 , exception = 
【01:01:44】      message = 循环倒计时 出现错误  , exception = System.NullReferenceException: Object reference not set to an instance of an object.
   at GFHelp.Core.MulitePlayerData.SquadDataAnalysisAction.DataAnalysisFinishRead(String result) in C:\Users\jack\Desktop\CS\GFHelp-Web\GFHelp.Core\MulitePlayerData\UserData\SquadDataAnalysisAction.cs:line 127
   at GFHelp.Core.MulitePlayerData.SquadDataAnalysisAction.DataAnalysisFinish() in C:\Users\jack\Desktop\CS\GFHelp-Web\GFHelp.Core\MulitePlayerData\UserData\SquadDataAnalysisAction.cs:line 79
   at GFHelp.Core.MulitePlayerData.SquadDataAnalysisAction.DataAnalysisFinishHandel() in C:\Users\jack\Desktop\CS\GFHelp-Web\GFHelp.Core\MulitePlayerData\UserData\SquadDataAnalysisAction.cs:line 60
   at GFHelp.Core.MulitePlayerData.SquadDataAnalysisAction.AutoRun() in C:\Users\jack\Desktop\CS\GFHelp-Web\GFHelp.Core\MulitePlayerData\UserData\SquadDataAnalysisAction.cs:line 40
   at GFHelp.Core.Management.Auto_Summery.Auto_Act_Summery() in C:\Users\jack\Desktop\CS\GFHelp-Web\GFHelp.Core\MulitePlayerData\Loop.cs:line 66
   at GFHelp.Core.Management.cdLoop.CountDown() in C:\Users\jack\Desktop\CS\GFHelp-Web\GFHelp.Core\MulitePlayerData\Loop.cs:line 32
【01:01:44】      message = 程序已注销 请重新创建实例 
【01:02:37】      message = 数字天空登陆 , exception = 
【01:02:39】      message = 获取时间信息 , exception = 
【01:02:46】      message = 获取Sign , exception = 
【01:02:48】      message = 获取UserInfo , exception = 
【01:02:51】      message = 签到 , exception = 
【01:02:51】      message = 查询新邮件 , exception = 
【01:05:29】      message = teamMove Error , exception = error:2
【01:11:10】      message = 数字天空登陆 , exception = 
【01:11:11】      message = 获取时间信息 , exception = 
【01:11:12】      message = 获取Sign , exception = 
【01:11:13】      message = 获取UserInfo , exception = 
【01:11:18】      message = 签到 , exception = 
【01:11:18】      message = 查询新邮件 , exception = 
【01:11:19】      message = 终止作战 , exception = 
【01:53:42】      message = 程序已注销 请重新创建实例 
