【23:47:46】      message = 获取UserInfo , exception = 
【23:47:49】      message = 签到 , exception = 
【23:47:49】      message = 查询新邮件 , exception = 
【23:48:39】      message = teamMove Error , exception = error:203|行動ポイント計算エラー
【23:50:19】      message = teamMove Error , exception = error:203|行動ポイント計算エラー
【23:54:32】      message = teamMove Error , exception = error:203|行動ポイント計算エラー
【23:55:07】      message = teamMove Error , exception = error:203|行動ポイント計算エラー
【23:55:41】      message = teamMove Error , exception = error:203|行動ポイント計算エラー
【23:56:48】      message = teamMove Error , exception = error:203|行動ポイント計算エラー
【00:02:09】      message = teamMove Error , exception = error:203|行動ポイント計算エラー
【00:03:16】      message = teamMove Error , exception = error:203|行動ポイント計算エラー
【00:06:44】      message = teamMove Error , exception = error:203|行動ポイント計算エラー
【00:08:32】      message = teamMove Error , exception = error:203|行動ポイント計算エラー
【00:09:47】      message = teamMove Error , exception = error:203|行動ポイント計算エラー
【00:11:28】      message = teamMove Error , exception = error:203|行動ポイント計算エラー
【00:13:12】      message = teamMove Error , exception = error:203|行動ポイント計算エラー
【00:15:34】      message = teamMove Error , exception = error:203|行動ポイント計算エラー
【00:16:08】      message = teamMove Error , exception = error:203|行動ポイント計算エラー
【00:16:44】      message = teamMove Error , exception = error:203|行動ポイント計算エラー
【00:19:38】      message = teamMove Error , exception = error:203|行動ポイント計算エラー
【00:26:05】      message = teamMove Error , exception = error:203|行動ポイント計算エラー
【00:26:39】      message = teamMove Error , exception = error:203|行動ポイント計算エラー
【00:27:13】      message = teamMove Error , exception = error:203|行動ポイント計算エラー
【00:28:25】      message = teamMove Error , exception = error:203|行動ポイント計算エラー
【00:31:50】      message = teamMove Error , exception = error:203|行動ポイント計算エラー
【00:33:41】      message = teamMove Error , exception = error:203|行動ポイント計算エラー
【00:34:16】      message = teamMove Error , exception = error:203|行動ポイント計算エラー
【00:34:49】      message = teamMove Error , exception = error:203|行動ポイント計算エラー
【00:35:27】      message = teamMove Error , exception = error:203|行動ポイント計算エラー
【00:41:10】      message = teamMove Error , exception = error:203|行動ポイント計算エラー
【00:42:23】      message = teamMove Error , exception = error:203|行動ポイント計算エラー
【00:44:04】      message = teamMove Error , exception = error:203|行動ポイント計算エラー
【00:45:21】      message = teamMove Error , exception = error:203|行動ポイント計算エラー
【00:47:05】      message = teamMove Error , exception = error:203|行動ポイント計算エラー
【00:52:11】      message = teamMove Error , exception = error:203|行動ポイント計算エラー
【00:53:18】      message = teamMove Error , exception = error:203|行動ポイント計算エラー
【00:57:22】      message = teamMove Error , exception = error:203|行動ポイント計算エラー
【00:58:01】      message = teamMove Error , exception = error:203|行動ポイント計算エラー
【00:58:39】      message = teamMove Error , exception = error:203|行動ポイント計算エラー
【01:02:51】      message = teamMove Error , exception = error:203|行動ポイント計算エラー
【01:09:59】      message = teamMove Error , exception = error:203|行動ポイント計算エラー
【01:13:39】      message = teamMove Error , exception = error:0
【01:13:47】      message = teamMove Error , exception = error:0
【01:13:50】      message = endTurn Error , exception = error:0
【00:09:56】      message = 程序已注销 请重新创建实例 
