【00:51:19】      message = 获取UserInfo , exception = 
【00:51:25】      message = 签到 , exception = 
【00:51:25】      message = 查询新邮件 , exception = 
【00:51:27】      message = 获取UserInfo , exception = 
【00:51:31】      message = 签到 , exception = 
【00:51:31】      message = 查询新邮件 , exception = 
【00:51:32】      message = #kg+LLY3+SZIFdXbfWkABQp6GHmKkIdAb2dc6pI8q0JP+tdCojJPsleOfzgBfPoJtKf0phRBDvBy1tA8peaxJrYXJ+Kwtlba5lagccF6mk10t8L3la6eIx615 
【00:51:44】      message = 获取UserInfo , exception = 
【00:51:52】      message = 签到 , exception = 
【00:51:52】      message = 查询新邮件 , exception = 
【00:52:02】      message = 获取UserInfo , exception = 
【00:52:07】      message = 签到 , exception = 
【00:52:07】      message = 查询新邮件 , exception = 
【00:52:08】      message = 小奏 无法开始作战任务，请登陆游戏检查 
【00:52:08】      message = mapctbox 完成 
【00:52:17】      message = 获取UserInfo , exception = 
【00:52:23】      message = 签到 , exception = 
【00:52:23】      message = 查询新邮件 , exception = 
【00:52:25】      message = 获取UserInfo , exception = 
【00:52:33】      message = 签到 , exception = 
【00:52:33】      message = 查询新邮件 , exception = 
【00:52:34】      message = 小奏 无法开始作战任务，请登陆游戏检查 
【00:52:34】      message = mapctbox 完成 
【00:55:16】      message = 获取UserInfo , exception = 
【00:55:19】      message = 签到 , exception = 
【00:55:19】      message = 查询新邮件 , exception = 
【00:55:33】      message = 获取UserInfo , exception = 
【00:55:38】      message = 签到 , exception = 
【00:55:38】      message = 查询新邮件 , exception = 
【00:55:40】      message = 获取UserInfo , exception = 
【00:55:46】      message = 签到 , exception = 
【00:55:46】      message = 查询新邮件 , exception = 
【00:55:48】      message = 小奏 无法开始作战任务，请登陆游戏检查 
【00:55:48】      message = mapctbox 完成 
【00:58:07】      message = 程序已注销 请重新创建实例 
【01:18:22】      message = 获取UserInfo , exception = 
【01:18:29】      message = 签到 , exception = 
【01:18:29】      message = 查询新邮件 , exception = 
【01:18:30】      message = 终止作战 , exception = 
【01:22:45】      message = mapctbox 完成 
【01:23:44】      message = 程序已注销 请重新创建实例 
