【01:20:42】      message = 获取UserInfo , exception = 
【01:20:45】      message = 签到 , exception = 
【01:20:45】      message = 查询新邮件 , exception = 
【01:21:00】      message = 装备强化 id 3363444 
【01:21:04】      message = 获取UserInfo , exception = 
【01:21:11】      message = 签到 , exception = 
【01:21:11】      message = 查询新邮件 , exception = 
【01:21:17】      message = 获取UserInfo , exception = 
【01:21:24】      message = 签到 , exception = 
【01:21:24】      message = 查询新邮件 , exception = 
【01:21:35】      message = 欧皇杀手泠流 无法部署梯队，请登陆游戏检查 , exception = error:2
【01:22:18】      message = 欧皇杀手泠流 无法部署梯队，请登陆游戏检查 , exception = error:2
【01:22:39】      message = mapctbox 完成 
【01:25:37】      message = 人形强化 ERROR , exception = error:3
【01:25:43】      message = 人形强化 ERROR , exception = error:3
【01:25:48】      message = 人形强化 ERROR , exception = error:3
【01:26:02】      message = 人形强化 ERROR , exception = error:3
【01:26:09】      message = 人形强化 ERROR , exception = error:3
【01:26:13】      message = 人形强化 ERROR , exception = error:3
【01:26:21】      message = 人形强化 ERROR , exception = error:3
【01:26:28】      message = 人形强化 ERROR , exception = error:3
【01:26:32】      message = 人形强化 ERROR , exception = error:3
【01:26:37】      message = 人形强化 ERROR , exception = error:3
【01:26:51】      message = 人形强化 ERROR , exception = error:3
【01:26:58】      message = 人形强化 ERROR , exception = error:3
【01:27:02】      message = 人形强化 ERROR , exception = error:3
【01:27:06】      message = 人形强化 ERROR , exception = error:3
【01:27:10】      message = 人形强化 ERROR , exception = error:3
【01:27:14】      message = 人形强化 ERROR , exception = error:3
【01:27:25】      message = 人形强化 ERROR , exception = error:3
【01:27:32】      message = 人形强化 ERROR , exception = error:3
【01:27:39】      message = 人形强化 ERROR , exception = error:3
【01:27:46】      message = 人形强化 ERROR , exception = error:3
【01:27:50】      message = 人形强化 ERROR , exception = error:3
【01:27:54】      message = 人形强化 ERROR , exception = error:3
【01:27:59】      message = 人形强化 ERROR , exception = error:3
【01:28:03】      message = 人形强化 ERROR , exception = error:3
【01:28:07】      message = 人形强化 ERROR , exception = error:3
【01:28:11】      message = 人形强化 ERROR , exception = error:3
【01:28:15】      message = 人形强化 ERROR , exception = error:3
【01:31:17】      message = mapctbox 完成 
【01:31:18】      message = mapctbox 完成 
【01:31:48】      message = 程序已注销 请重新创建实例 
