【03:23:18】      message = 获取新人形 : spectre m4 ,意不意外 惊不惊喜 
【03:24:03】      message = 获取新人形 : l85a1 ,意不意外 惊不惊喜 
【03:24:07】      message = 2-2 成功 
【03:24:29】      message = 2-3成功 
【03:24:57】      message = 获取新人形 : l85a1 ,意不意外 惊不惊喜 
【03:25:06】      message = 获取新人形 : spectre m4 ,意不意外 惊不惊喜 
【03:25:17】      message = 获取新人形 : l85a1 ,意不意外 惊不惊喜 
【03:25:21】      message = 获取新人形 : pp-2000 ,意不意外 惊不惊喜 
【03:25:24】      message = 2-4成功 
【03:25:59】      message = 2-4成功 
【03:26:26】      message = 获取新人形 : g3 ,意不意外 惊不惊喜 
【03:26:30】      message = 获取新人形 : sig-510 ,意不意外 惊不惊喜 
【03:26:33】      message = 2_6BOSS 成功 , exception = 
【03:26:44】      message = 获取新人形 : mp-446 ,意不意外 惊不惊喜 
【03:27:01】      message = 获取新人形 : sig-510 ,意不意外 惊不惊喜 
【03:27:04】      message = 3_1 成功 
【03:27:20】      message = 获取新人形 : 西蒙诺夫 ,意不意外 惊不惊喜 
【03:27:38】      message = 获取新人形 : sig-510 ,意不意外 惊不惊喜 
【03:28:05】      message = 蒼藍星 无法部署梯队，请登陆游戏检查 , exception = error:2
【03:28:10】      message = 获取新人形 : 西蒙诺夫 ,意不意外 惊不惊喜 
【03:28:33】      message = 获取新人形 : m45 ,意不意外 惊不惊喜 
【03:28:39】      message = 获取新人形 : g3 ,意不意外 惊不惊喜 
【03:28:42】      message = 3_3 成功 
【03:28:51】      message = 获取新人形 : 64式 ,意不意外 惊不惊喜 
【03:29:03】      message = 蒼藍星 无法部署梯队，请登陆游戏检查 , exception = error:2
【03:29:22】      message = 获取新人形 : sig-510 ,意不意外 惊不惊喜 
【03:29:25】      message = 3_4 成功 
【03:29:34】      message = 获取新人形 : 64式 ,意不意外 惊不惊喜 
【03:29:49】      message = 3_5 成功 
【03:30:14】      message = 获取新人形 : svt-38 ,意不意外 惊不惊喜 
【03:30:19】      message = 3_6BOSS 成功 , exception = 
【03:30:35】      message = 获取新人形 : m45 ,意不意外 惊不惊喜 
【03:30:46】      message = 获取新人形 : sig-510 ,意不意外 惊不惊喜 
【03:31:00】      message = 获取新人形 : mg34 ,意不意外 惊不惊喜 
【03:31:19】      message = 获取新人形 : svt-38 ,意不意外 惊不惊喜 
【03:31:25】      message = 获取新人形 : g3 ,意不意外 惊不惊喜 
【03:31:28】      message = 4_2 成功 
【03:31:42】      message = 获取新人形 : fn-49 ,意不意外 惊不惊喜 
【03:31:59】      message = 获取新人形 : g3 ,意不意外 惊不惊喜 
【03:32:05】      message = 获取新人形 : l85a1 ,意不意外 惊不惊喜 
【03:32:08】      message = 4_3 成功 
【03:32:18】      message = 获取新人形 : mp-446 ,意不意外 惊不惊喜 
【03:32:31】      message = 获取新人形 : ptrd ,意不意外 惊不惊喜 
【03:32:41】      message = 获取新人形 : mp-446 ,意不意外 惊不惊喜 
【03:32:44】      message = 4_4 成功 
【03:32:53】      message = 获取新人形 : 伯莱塔38型 ,意不意外 惊不惊喜 
【03:33:03】      message = 获取新人形 : m45 ,意不意外 惊不惊喜 
【03:33:11】      message = 获取新人形 : dp28 ,意不意外 惊不惊喜 
【03:33:15】      message = 4_5 成功 
【03:33:24】      message = 获取新人形 : g3 ,意不意外 惊不惊喜 
【03:33:43】      message = 获取新人形 : 伯莱塔38型 ,意不意外 惊不惊喜 
【03:33:50】      message = 4_6BOSS 成功 , exception = 
【03:34:01】      message = 蒼藍星 无法部署梯队，请登陆游戏检查 , exception = error:2
【03:34:07】      message = 获取新人形 : mg34 ,意不意外 惊不惊喜 
【03:34:19】      message = 获取新人形 : svt-38 ,意不意外 惊不惊喜 
【03:34:44】      message = 获取新人形 : 64式 ,意不意外 惊不惊喜 
【03:34:52】      message = 获取新人形 : m45 ,意不意外 惊不惊喜 
【03:35:29】      message = 获取新人形 : 伯莱塔38型 ,意不意外 惊不惊喜 
【03:35:31】      message = 5_1 成功 
【03:35:41】      message = 蒼藍星 无法部署梯队，请登陆游戏检查 , exception = error:2
【03:35:50】      message = 获取新人形 : fn-49 ,意不意外 惊不惊喜 
【03:36:10】      message = 获取新人形 : mp-446 ,意不意外 惊不惊喜 
【03:36:13】      message = 5_2 成功 
【03:36:35】      message = 获取新人形 : svt-38 ,意不意外 惊不惊喜 
【03:36:48】      message = 获取新人形 : g3 ,意不意外 惊不惊喜 
【03:37:14】      message = 获取新人形 : bm59 ,意不意外 惊不惊喜 
【03:37:27】      message = 获取新人形 : idw ,意不意外 惊不惊喜 
【03:37:41】      message = 获取新人形 : g3 ,意不意外 惊不惊喜 
【03:37:48】      message = 获取新人形 : mp-446 ,意不意外 惊不惊喜 
【03:37:51】      message = 5_3 成功 
【03:38:09】      message = 获取新人形 : idw ,意不意外 惊不惊喜 
【03:38:13】      message = 获取新人形 : fg42 ,意不意外 惊不惊喜 
【03:38:15】      message = 5_4 成功 
【03:38:52】      message = 获取新人形 : m1919a4 ,意不意外 惊不惊喜 
【03:39:09】      message = 获取新人形 : pp-2000 ,意不意外 惊不惊喜 
【03:39:35】      message = 获取新人形 : g43 ,意不意外 惊不惊喜 
【03:39:39】      message = 获取新人形 : spectre m4 ,意不意外 惊不惊喜 
【03:39:42】      message = 5_5 成功 
【03:40:00】      message = 获取新人形 : m45 ,意不意外 惊不惊喜 
【03:40:04】      message = 5_6BOSS 成功 , exception = 
【03:40:14】      message = 蒼藍星 无法部署梯队，请登陆游戏检查 , exception = error:2
【03:40:40】      message = 获取新人形 : l85a1 ,意不意外 惊不惊喜 
【03:40:48】      message = 获取新人形 : mp-446 ,意不意外 惊不惊喜 
【03:41:06】      message = 获取新人形 : spectre m4 ,意不意外 惊不惊喜 
【03:41:09】      message = 6_1 成功 
【03:41:26】      message = 获取新人形 : mg42 ,意不意外 惊不惊喜 
【03:41:38】      message = 获取新人形 : spectre m4 ,意不意外 惊不惊喜 
【03:41:46】      message = 获取新人形 : bm59 ,意不意外 惊不惊喜 
【03:41:54】      message = 获取新人形 : sig-510 ,意不意外 惊不惊喜 
【03:41:58】      message = 获取新人形 : idw ,意不意外 惊不惊喜 
【03:42:01】      message = 6_2 成功 
【03:42:33】      message = 获取新人形 : m45 ,意不意外 惊不惊喜 
【03:42:37】      message = 获取新人形 : svt-38 ,意不意外 惊不惊喜 
【03:42:40】      message = 6_3 成功 
【03:42:49】      message = 蒼藍星 无法部署梯队，请登陆游戏检查 , exception = error:2
【03:43:06】      message = 获取新人形 : spectre m4 ,意不意外 惊不惊喜 
【03:43:26】      message = endEnemyTurn Error , exception = error:2
【03:43:29】      message = startTurn Error , exception = error:2
【03:43:31】      message = teamMove Error , exception = error:203|行動ポイント計算エラー
【03:43:34】      message = teamMove Error , exception = error:203|行動ポイント計算エラー
【03:43:42】      message = teamMove Error , exception = error:203|行動ポイント計算エラー
【03:43:49】      message = endTurn Error , exception = error:2
【03:44:01】      message = 蒼藍星 无法部署梯队，请登陆游戏检查 , exception = error:2
【03:44:17】      message = 获取新人形 : mg34 ,意不意外 惊不惊喜 
【03:44:31】      message = 获取新人形 : g43 ,意不意外 惊不惊喜 
【03:44:38】      message = endEnemyTurn Error , exception = error:2
【03:44:41】      message = startTurn Error , exception = error:2
【03:44:44】      message = teamMove Error , exception = error:203|行動ポイント計算エラー
【03:44:47】      message = teamMove Error , exception = error:203|行動ポイント計算エラー
【03:44:55】      message = teamMove Error , exception = error:203|行動ポイント計算エラー
【03:45:03】      message = endTurn Error , exception = error:2
【03:45:14】      message = 蒼藍星 无法部署梯队，请登陆游戏检查 , exception = error:2
【03:45:30】      message = 获取新人形 : ots-12 ,意不意外 惊不惊喜 
【03:45:38】      message = 获取新人形 : g43 ,意不意外 惊不惊喜 
【03:45:46】      message = 获取新人形 : g3 ,意不意外 惊不惊喜 
【03:45:55】      message = endEnemyTurn Error , exception = error:2
【03:45:58】      message = startTurn Error , exception = error:2
【03:46:01】      message = teamMove Error , exception = error:203|行動ポイント計算エラー
【03:46:03】      message = teamMove Error , exception = error:203|行動ポイント計算エラー
【03:46:11】      message = teamMove Error , exception = error:203|行動ポイント計算エラー
【03:46:18】      message = endTurn Error , exception = error:2
【03:46:30】      message = 蒼藍星 无法部署梯队，请登陆游戏检查 , exception = error:2
【03:47:02】      message = endEnemyTurn Error , exception = error:2
【03:47:05】      message = startTurn Error , exception = error:2
【03:47:08】      message = teamMove Error , exception = error:203|行動ポイント計算エラー
【03:47:10】      message = teamMove Error , exception = error:203|行動ポイント計算エラー
【03:47:18】      message = teamMove Error , exception = error:203|行動ポイント計算エラー
【03:47:26】      message = endTurn Error , exception = error:2
【03:47:37】      message = 蒼藍星 无法部署梯队，请登陆游戏检查 , exception = error:2
【03:47:54】      message = 获取新人形 : m1加兰德 ,意不意外 惊不惊喜 
【03:48:26】      message = 获取新人形 : pps-43 ,意不意外 惊不惊喜 
【03:48:30】      message = 获取新人形 : dp28 ,意不意外 惊不惊喜 
【03:48:33】      message = 6_4 成功 
【03:48:49】      message = 获取新人形 : bm59 ,意不意外 惊不惊喜 
【03:48:59】      message = 蒼藍星 无法部署梯队，请登陆游戏检查 , exception = error:2
【03:49:04】      message = teamMove Error , exception = error:2
【03:49:11】      message = endTurn Error , exception = error:2
【03:49:21】      message = endEnemyTurn Error , exception = error:2
【03:49:24】      message = startTurn Error , exception = error:2
【03:49:26】      message = teamMove Error , exception = error:2
【03:49:34】      message = teamMove Error , exception = error:2
【03:49:42】      message = teamMove Error , exception = error:2
【03:49:49】      message = endTurn Error , exception = error:2
【03:50:08】      message = 获取新人形 : sig-510 ,意不意外 惊不惊喜 
【03:50:18】      message = 蒼藍星 无法部署梯队，请登陆游戏检查 , exception = error:2
【03:50:25】      message = 获取新人形 : fn-49 ,意不意外 惊不惊喜 
【03:50:33】      message = 获取新人形 : mg34 ,意不意外 惊不惊喜 
【03:50:56】      message = 获取新人形 : pp-2000 ,意不意外 惊不惊喜 
【03:51:00】      message = 获取新人形 : idw ,意不意外 惊不惊喜 
【03:51:02】      message = 6_5 成功 
【03:51:19】      message = 获取新人形 : l85a1 ,意不意外 惊不惊喜 
【03:51:44】      message = 获取新人形 : l85a1 ,意不意外 惊不惊喜 
【03:51:49】      message = 6_6BOSS 成功 , exception = 
【04:00:27】      message = 程序已注销 请重新创建实例 
【04:01:20】      message = 1-1e成功 
【04:01:46】      message = 1_2E 成功 
【04:02:13】      message = 1_3E 成功 
【04:03:24】      message = 1_4E 成功 
【04:03:46】      message = 2_1E 成功 
【04:04:36】      message = 2_2E 成功 
【04:04:51】      message = 蒼藍星 无法部署梯队，请登陆游戏检查 , exception = error:2
【04:05:11】      message = 2_3E 成功 
【04:05:44】      message = 2_4E 成功 
【04:05:58】      message = 蒼藍星 无法部署梯队，请登陆游戏检查 , exception = error:2
【04:06:26】      message = 3_1E 成功 
【04:06:57】      message = 3_2E 成功 
【04:07:19】      message = 3_3E 成功 
【04:07:38】      message = 3_4E 成功 
【04:08:22】      message = 4_1E 成功 
【04:08:46】      message = 4_2E 成功 
【04:09:13】      message = 4_3E 成功 
【04:09:41】      message = 4_4E 成功 
【04:10:13】      message = 人形 : 30275471 扩编 
【04:10:19】      message = 程序已注销 请重新创建实例 
【04:13:25】      message = 人形 : 30275471 扩编 
【04:14:10】      message = 人形 : 30276413 扩编 
【04:14:53】      message = 人形 : 30277584 扩编 
【04:15:36】      message = 人形 : 30277584 扩编 
【04:17:07】      message = 获取新人形 : fnc ,意不意外 惊不惊喜 
【04:23:25】      message = 获取新人形 : c96 ,意不意外 惊不惊喜 
【04:26:34】      message = 获取新人形 : mac-10 ,意不意外 惊不惊喜 
【04:28:41】      message = 获取新人形 : p08 ,意不意外 惊不惊喜 
【04:30:30】      message = 获取新人形 : 阿斯特拉左轮 ,意不意外 惊不惊喜 
【04:56:04】      message = 获取新人形 : m9 ,意不意外 惊不惊喜 
【05:06:44】      message = 获取新人形 : 微型乌兹 ,意不意外 惊不惊喜 
【05:07:07】      message = 人形 : 30280434 扩编 
【05:11:39】      message = 人形 : 30280434 扩编 
【05:12:22】      message = 人形 : 46853194 扩编 
【05:46:34】      message = 人形 : 30275471 扩编 
【05:47:17】      message = 扩编出错 , exception = error:2
【05:47:18】      message = 扩编出错 , exception = error:2
【05:48:01】      message = 扩编出错 , exception = error:2
【05:48:01】      message = 扩编出错 , exception = error:2
【05:48:45】      message = 扩编出错 , exception = error:2
【05:48:45】      message = 扩编出错 , exception = error:2
【05:49:29】      message = 扩编出错 , exception = error:2
【05:49:29】      message = 扩编出错 , exception = error:2
【05:50:17】      message = 扩编出错 , exception = error:2
【05:50:18】      message = 扩编出错 , exception = error:2
【05:51:01】      message = 扩编出错 , exception = error:2
【05:51:01】      message = 扩编出错 , exception = error:2
【05:51:44】      message = 扩编出错 , exception = error:2
【05:51:45】      message = 扩编出错 , exception = error:2
【05:52:28】      message = 扩编出错 , exception = error:2
【05:52:28】      message = 扩编出错 , exception = error:2
【05:53:16】      message = 扩编出错 , exception = error:2
【05:53:17】      message = 扩编出错 , exception = error:2
【05:54:03】      message = 扩编出错 , exception = error:2
【05:54:04】      message = 扩编出错 , exception = error:2
【05:54:47】      message = 扩编出错 , exception = error:2
【05:54:47】      message = 扩编出错 , exception = error:2
【05:55:30】      message = 扩编出错 , exception = error:2
【05:55:31】      message = 扩编出错 , exception = error:2
【05:56:19】      message = 扩编出错 , exception = error:2
【05:56:20】      message = 扩编出错 , exception = error:2
【05:57:03】      message = 扩编出错 , exception = error:2
【05:57:03】      message = 扩编出错 , exception = error:2
【05:57:46】      message = 扩编出错 , exception = error:2
【05:57:47】      message = 扩编出错 , exception = error:2
【05:58:31】      message = 扩编出错 , exception = error:2
【05:58:31】      message = 扩编出错 , exception = error:2
【05:59:19】      message = 扩编出错 , exception = error:2
【05:59:20】      message = 扩编出错 , exception = error:2
【06:00:03】      message = 扩编出错 , exception = error:2
【06:00:03】      message = 扩编出错 , exception = error:2
【06:00:46】      message = 扩编出错 , exception = error:2
【06:00:47】      message = 扩编出错 , exception = error:2
【06:01:30】      message = 扩编出错 , exception = error:2
【06:01:30】      message = 扩编出错 , exception = error:2
【06:02:18】      message = 扩编出错 , exception = error:2
【06:02:19】      message = 扩编出错 , exception = error:2
【06:03:02】      message = 扩编出错 , exception = error:2
【06:03:02】      message = 扩编出错 , exception = error:2
【06:03:45】      message = 扩编出错 , exception = error:2
【06:03:46】      message = 扩编出错 , exception = error:2
【06:04:29】      message = 扩编出错 , exception = error:2
【06:04:29】      message = 扩编出错 , exception = error:2
【06:05:17】      message = 扩编出错 , exception = error:2
【06:05:18】      message = 扩编出错 , exception = error:2
【06:06:01】      message = 扩编出错 , exception = error:2
【06:06:01】      message = 扩编出错 , exception = error:2
【06:06:44】      message = 扩编出错 , exception = error:2
【06:06:45】      message = 扩编出错 , exception = error:2
【06:07:28】      message = 扩编出错 , exception = error:2
【06:07:28】      message = 扩编出错 , exception = error:2
【06:08:16】      message = 扩编出错 , exception = error:2
【06:08:17】      message = 扩编出错 , exception = error:2
【06:09:03】      message = 扩编出错 , exception = error:2
【06:09:04】      message = 扩编出错 , exception = error:2
【06:09:47】      message = 扩编出错 , exception = error:2
【06:09:47】      message = 扩编出错 , exception = error:2
【06:10:30】      message = 扩编出错 , exception = error:2
【06:10:31】      message = 扩编出错 , exception = error:2
【06:11:19】      message = 扩编出错 , exception = error:2
【06:11:19】      message = 扩编出错 , exception = error:2
【06:12:02】      message = 扩编出错 , exception = error:2
【06:12:03】      message = 扩编出错 , exception = error:2
【06:12:46】      message = 扩编出错 , exception = error:2
【06:12:47】      message = 扩编出错 , exception = error:2
【06:13:30】      message = 扩编出错 , exception = error:2
【06:13:30】      message = 扩编出错 , exception = error:2
【06:14:18】      message = 扩编出错 , exception = error:2
【06:14:19】      message = 扩编出错 , exception = error:2
【06:15:02】      message = 扩编出错 , exception = error:2
【06:15:02】      message = 扩编出错 , exception = error:2
【06:15:45】      message = 扩编出错 , exception = error:2
【06:15:46】      message = 扩编出错 , exception = error:2
【06:16:29】      message = 扩编出错 , exception = error:2
【06:16:29】      message = 扩编出错 , exception = error:2
【06:17:17】      message = 扩编出错 , exception = error:2
【06:17:18】      message = 扩编出错 , exception = error:2
【06:18:01】      message = 扩编出错 , exception = error:2
【06:18:02】      message = 扩编出错 , exception = error:2
【06:18:46】      message = 扩编出错 , exception = error:2
【06:18:47】      message = 扩编出错 , exception = error:2
【06:19:30】      message = 扩编出错 , exception = error:2
【06:19:30】      message = 扩编出错 , exception = error:2
【06:20:18】      message = 扩编出错 , exception = error:2
【06:20:19】      message = 扩编出错 , exception = error:2
【06:21:02】      message = 扩编出错 , exception = error:2
【06:21:02】      message = 扩编出错 , exception = error:2
【06:21:45】      message = 扩编出错 , exception = error:2
【06:21:46】      message = 扩编出错 , exception = error:2
【06:22:29】      message = 扩编出错 , exception = error:2
【06:22:30】      message = 扩编出错 , exception = error:2
【06:23:17】      message = 扩编出错 , exception = error:2
【06:23:18】      message = 扩编出错 , exception = error:2
【06:24:04】      message = 扩编出错 , exception = error:2
【06:24:05】      message = 扩编出错 , exception = error:2
【06:24:48】      message = 扩编出错 , exception = error:2
【06:24:49】      message = 扩编出错 , exception = error:2
【06:25:32】      message = 扩编出错 , exception = error:2
【06:25:32】      message = 扩编出错 , exception = error:2
【06:26:20】      message = 人形 : 30276413 扩编 
【06:27:03】      message = 人形 : 30277584 扩编 
【07:01:58】      message = 人形 : 30280434 扩编 
【07:41:41】      message = 人形 : 46853194 扩编 
【07:42:24】      message = 人形 : 46853194 扩编 
【07:50:10】      message = 获取新人形 : sv-98 ,意不意外 惊不惊喜 
【08:13:54】      message = 人形 : 30275471 扩编 
【08:43:20】      message = 扩编出错 , exception = error:2
【08:43:20】      message = 扩编出错 , exception = error:2
【08:44:07】      message = 扩编出错 , exception = error:2
【08:44:07】      message = 扩编出错 , exception = error:2
【08:44:50】      message = 扩编出错 , exception = error:2
【08:44:51】      message = 扩编出错 , exception = error:2
【08:45:36】      message = 扩编出错 , exception = error:2
【08:45:37】      message = 扩编出错 , exception = error:2
【08:46:24】      message = 扩编出错 , exception = error:2
【08:46:25】      message = 扩编出错 , exception = error:2
【08:47:08】      message = 扩编出错 , exception = error:2
【08:47:09】      message = 扩编出错 , exception = error:2
【08:47:52】      message = 扩编出错 , exception = error:2
【08:47:52】      message = 扩编出错 , exception = error:2
【08:48:35】      message = 扩编出错 , exception = error:2
【08:48:36】      message = 扩编出错 , exception = error:2
【08:49:24】      message = 扩编出错 , exception = error:2
【08:49:25】      message = 扩编出错 , exception = error:2
【08:50:08】      message = 扩编出错 , exception = error:2
【08:50:09】      message = 扩编出错 , exception = error:2
【08:50:52】      message = 扩编出错 , exception = error:2
【08:50:53】      message = 扩编出错 , exception = error:2
【08:51:36】      message = 扩编出错 , exception = error:2
【08:51:36】      message = 扩编出错 , exception = error:2
【08:52:24】      message = 扩编出错 , exception = error:2
【08:52:25】      message = 扩编出错 , exception = error:2
【08:53:08】      message = 扩编出错 , exception = error:2
【08:53:09】      message = 扩编出错 , exception = error:2
【08:53:52】      message = 扩编出错 , exception = error:2
【08:53:53】      message = 扩编出错 , exception = error:2
【08:54:36】      message = 扩编出错 , exception = error:2
【08:54:36】      message = 扩编出错 , exception = error:2
【08:55:24】      message = 扩编出错 , exception = error:2
【08:55:25】      message = 扩编出错 , exception = error:2
【08:56:09】      message = 扩编出错 , exception = error:2
【08:56:10】      message = 扩编出错 , exception = error:2
【08:56:54】      message = 扩编出错 , exception = error:2
【08:56:54】      message = 扩编出错 , exception = error:2
【08:57:38】      message = 扩编出错 , exception = error:2
【08:57:39】      message = 扩编出错 , exception = error:2
【08:58:26】      message = 扩编出错 , exception = error:2
【08:58:27】      message = 扩编出错 , exception = error:2
【08:59:14】      message = 扩编出错 , exception = error:2
【08:59:14】      message = 扩编出错 , exception = error:2
【08:59:57】      message = 扩编出错 , exception = error:2
【08:59:58】      message = 扩编出错 , exception = error:2
【09:00:41】      message = 扩编出错 , exception = error:2
【09:00:41】      message = 扩编出错 , exception = error:2
【09:01:29】      message = 扩编出错 , exception = error:2
【09:01:30】      message = 扩编出错 , exception = error:2
【09:02:13】      message = 扩编出错 , exception = error:2
【09:02:14】      message = 扩编出错 , exception = error:2
【09:02:57】      message = 扩编出错 , exception = error:2
【09:02:57】      message = 扩编出错 , exception = error:2
【09:03:41】      message = 扩编出错 , exception = error:2
【09:03:41】      message = 扩编出错 , exception = error:2
【09:04:29】      message = 扩编出错 , exception = error:2
【09:04:30】      message = 扩编出错 , exception = error:2
【09:05:13】      message = 扩编出错 , exception = error:2
【09:05:14】      message = 扩编出错 , exception = error:2
【09:05:57】      message = 扩编出错 , exception = error:2
【09:05:57】      message = 扩编出错 , exception = error:2
【09:06:41】      message = 扩编出错 , exception = error:2
【09:06:41】      message = 扩编出错 , exception = error:2
【09:07:32】      message = 扩编出错 , exception = error:2
【09:07:33】      message = 扩编出错 , exception = error:2
【09:08:16】      message = 扩编出错 , exception = error:2
【09:08:16】      message = 扩编出错 , exception = error:2
【09:08:59】      message = 扩编出错 , exception = error:2
【09:09:00】      message = 扩编出错 , exception = error:2
【09:09:43】      message = 扩编出错 , exception = error:2
【09:09:44】      message = 扩编出错 , exception = error:2
【09:10:33】      message = 扩编出错 , exception = error:2
【09:10:33】      message = 扩编出错 , exception = error:2
【09:11:16】      message = 扩编出错 , exception = error:2
【09:11:17】      message = 扩编出错 , exception = error:2
【09:12:00】      message = 扩编出错 , exception = error:2
【09:12:01】      message = 扩编出错 , exception = error:2
【09:12:44】      message = 扩编出错 , exception = error:2
【09:12:45】      message = 扩编出错 , exception = error:2
【09:13:33】      message = 扩编出错 , exception = error:2
【09:13:33】      message = 扩编出错 , exception = error:2
【09:14:20】      message = 扩编出错 , exception = error:2
【09:14:20】      message = 扩编出错 , exception = error:2
【09:15:03】      message = 扩编出错 , exception = error:2
【09:15:04】      message = 扩编出错 , exception = error:2
【09:15:47】      message = 扩编出错 , exception = error:2
【09:15:47】      message = 扩编出错 , exception = error:2
【09:16:35】      message = 扩编出错 , exception = error:2
【09:16:36】      message = 扩编出错 , exception = error:2
【09:17:19】      message = 扩编出错 , exception = error:2
【09:17:20】      message = 扩编出错 , exception = error:2
【09:18:03】      message = 扩编出错 , exception = error:2
【09:18:03】      message = 扩编出错 , exception = error:2
【09:18:49】      message = 扩编出错 , exception = error:2
【09:18:49】      message = 扩编出错 , exception = error:2
【09:19:40】      message = 扩编出错 , exception = error:2
【09:19:41】      message = 扩编出错 , exception = error:2
【09:20:25】      message = 扩编出错 , exception = error:2
【09:20:27】      message = 扩编出错 , exception = error:2
【09:21:10】      message = 扩编出错 , exception = error:2
【09:21:10】      message = 扩编出错 , exception = error:2
【09:21:55】      message = 扩编出错 , exception = error:2
【09:21:55】      message = 扩编出错 , exception = error:2
【09:22:43】      message = 扩编出错 , exception = error:2
【09:22:44】      message = 扩编出错 , exception = error:2
【09:23:27】      message = 扩编出错 , exception = error:2
【09:23:27】      message = 扩编出错 , exception = error:2
【09:24:11】      message = 扩编出错 , exception = error:2
【09:24:11】      message = 扩编出错 , exception = error:2
【09:24:56】      message = 扩编出错 , exception = error:2
【09:24:57】      message = 扩编出错 , exception = error:2
【09:25:45】      message = 扩编出错 , exception = error:2
【09:25:45】      message = 扩编出错 , exception = error:2
【09:26:28】      message = 扩编出错 , exception = error:2
【09:26:29】      message = 扩编出错 , exception = error:2
【09:27:12】      message = 扩编出错 , exception = error:2
【09:27:13】      message = 扩编出错 , exception = error:2
【09:27:56】      message = 扩编出错 , exception = error:2
【09:27:56】      message = 扩编出错 , exception = error:2
【09:28:44】      message = 扩编出错 , exception = error:2
【09:28:45】      message = 扩编出错 , exception = error:2
【09:29:31】      message = 扩编出错 , exception = error:2
【09:29:31】      message = 扩编出错 , exception = error:2
【09:30:15】      message = 扩编出错 , exception = error:2
【09:30:15】      message = 扩编出错 , exception = error:2
【09:31:03】      message = 人形 : 30276413 扩编 
【09:31:46】      message = 人形 : 30277584 扩编 
【10:19:18】      message = 蒼藍星 无法开始作战任务，请登陆游戏检查 
【00:28:14】      message = 程序已注销 请重新创建实例 
