【01:56:39】      message = 获取UserInfo , exception = 
【01:56:43】      message = 签到 , exception = 
【01:56:43】      message = 查询新邮件 , exception = 
【01:56:49】      message = 开始无限防御 Error TeamID = {0} , exception = 5
【01:57:02】      message = 获取UserInfo , exception = 
【01:57:06】      message = 签到 , exception = 
【01:57:06】      message = 查询新邮件 , exception = 
【01:57:08】      message = 获取UserInfo , exception = 
【01:57:11】      message = 签到 , exception = 
【01:57:11】      message = 查询新邮件 , exception = 
【01:57:13】      message = KNIght 无法开始作战任务，请登陆游戏检查 
【01:57:13】      message = mapctbox 完成 
【01:57:18】      message = 开始无限防御 Error TeamID = {0} , exception = 5
【01:57:23】      message = 开始无限防御 Error TeamID = {0} , exception = 5
【01:57:40】      message = 获取UserInfo , exception = 
【01:57:43】      message = 签到 , exception = 
【01:57:43】      message = 查询新邮件 , exception = 
【01:57:45】      message = 获取UserInfo , exception = 
【01:57:49】      message = 签到 , exception = 
【01:57:49】      message = 查询新邮件 , exception = 
【01:57:50】      message = KNIght 无法开始作战任务，请登陆游戏检查 
【01:57:50】      message = mapctbox 完成 
【01:57:58】      message = 开始无限防御 Error TeamID = {0} , exception = 5
【01:58:03】      message = 开始无限防御 Error TeamID = {0} , exception = 5
【01:58:18】      message = 获取UserInfo , exception = 
【01:58:22】      message = 签到 , exception = 
【01:58:22】      message = 查询新邮件 , exception = 
【01:58:24】      message = 获取UserInfo , exception = 
【01:58:27】      message = 签到 , exception = 
【01:58:27】      message = 查询新邮件 , exception = 
【01:58:29】      message = KNIght 无法开始作战任务，请登陆游戏检查 
【01:58:29】      message = mapctbox 完成 
【01:58:32】      message = 人形 : 8586334 扩编 
【01:58:37】      message = 开始无限防御 Error TeamID = {0} , exception = 5
【01:58:43】      message = 开始无限防御 Error TeamID = {0} , exception = 5
【02:00:43】      message = 获取UserInfo , exception = 
【02:00:47】      message = 签到 , exception = 
【02:00:47】      message = 查询新邮件 , exception = 
【02:00:58】      message = 获取UserInfo , exception = 
【02:01:02】      message = 签到 , exception = 
【02:01:02】      message = 查询新邮件 , exception = 
【02:01:04】      message = KNIght 无法开始作战任务，请登陆游戏检查 
【02:01:04】      message = mapctbox 完成 
【02:01:07】      message = 人形 : 9001909 扩编 
【02:01:33】      message = 程序已注销 请重新创建实例 
