【00:53:12】      message = 获取UserInfo , exception = 
【00:53:18】      message = 签到 , exception = 
【00:53:18】      message = 查询新邮件 , exception = 
【00:54:00】      message = 获取UserInfo , exception = 
【00:54:06】      message = 签到 , exception = 
【00:54:06】      message = 查询新邮件 , exception = 
【00:54:08】      message = #LWlpPd/cwW+jCLHDJKVdyagbtnFMtpml25NYg6FoYW50fPec6p1jeL4C5C3SrCQYWrs6FXslAX2EwGtpOArmnhDdTGrdvx1sSIwynVzMS2zR3pCZGkUbNpY4 
【00:54:08】      message = 获取UserInfo , exception = 
【00:54:14】      message = 签到 , exception = 
【00:54:14】      message = 查询新邮件 , exception = 
【00:54:15】      message = 获取UserInfo , exception = 
【00:54:21】      message = 签到 , exception = 
【00:54:21】      message = 查询新邮件 , exception = 
【00:54:22】      message = 小奏 无法开始作战任务，请登陆游戏检查 
【00:54:26】      message = 获取UserInfo , exception = 
【00:54:32】      message = 签到 , exception = 
【00:54:32】      message = 查询新邮件 , exception = 
【00:54:33】      message = 获取UserInfo , exception = 
【00:54:38】      message = 签到 , exception = 
【00:54:38】      message = 查询新邮件 , exception = 
【00:54:40】      message = 小奏 无法开始作战任务，请登陆游戏检查 
【00:54:43】      message = 获取UserInfo , exception = 
【00:54:50】      message = 签到 , exception = 
【00:54:50】      message = 查询新邮件 , exception = 
【00:54:51】      message = 获取UserInfo , exception = 
【00:54:54】      message = 签到 , exception = 
【00:54:54】      message = 查询新邮件 , exception = 
【00:54:56】      message = 小奏 无法开始作战任务，请登陆游戏检查 
【00:54:59】      message = 获取UserInfo , exception = 
【00:55:05】      message = 签到 , exception = 
【00:55:05】      message = 查询新邮件 , exception = 
【00:55:06】      message = 获取UserInfo , exception = 
【00:55:11】      message = 签到 , exception = 
【00:55:11】      message = 查询新邮件 , exception = 
【00:55:13】      message = 小奏 无法开始作战任务，请登陆游戏检查 
【00:57:01】      message = mapctbox 完成 
【01:00:58】      message = 获取UserInfo , exception = 
【01:01:04】      message = 签到 , exception = 
【01:01:04】      message = 查询新邮件 , exception = 
【01:01:14】      message = 获取UserInfo , exception = 
【01:01:20】      message = 签到 , exception = 
【01:01:20】      message = 查询新邮件 , exception = 
【01:01:21】      message = 小奏 无法开始作战任务，请登陆游戏检查 
【01:01:25】      message = 获取UserInfo , exception = 
【01:01:32】      message = 签到 , exception = 
【01:01:32】      message = 查询新邮件 , exception = 
【01:01:33】      message = 获取UserInfo , exception = 
【01:01:39】      message = 签到 , exception = 
【01:01:39】      message = 查询新邮件 , exception = 
【01:01:41】      message = 小奏 无法开始作战任务，请登陆游戏检查 
【01:01:45】      message = 获取UserInfo , exception = 
【01:01:50】      message = 签到 , exception = 
【01:01:50】      message = 查询新邮件 , exception = 
【01:01:52】      message = 获取UserInfo , exception = 
【01:01:55】      message = 签到 , exception = 
【01:01:55】      message = 查询新邮件 , exception = 
【01:01:56】      message = 小奏 无法开始作战任务，请登陆游戏检查 
【01:02:00】      message = 获取UserInfo , exception = 
【01:02:06】      message = 签到 , exception = 
【01:02:06】      message = 查询新邮件 , exception = 
【01:02:07】      message = 获取UserInfo , exception = 
【01:02:13】      message = 签到 , exception = 
【01:02:13】      message = 查询新邮件 , exception = 
【01:02:14】      message = 小奏 无法开始作战任务，请登陆游戏检查 
【01:03:51】      message = endEnemyTurn Error , exception = error:2
【01:03:54】      message = startTurn Error , exception = error:2
【01:03:55】      message = mapctbox 完成 
