【01:00:12】      message = 数字天空登陆 , exception = 
【01:00:14】      message = 获取时间信息 , exception = 
【01:00:15】      message = 获取Sign , exception = 
【01:00:16】      message = 获取UserInfo , exception = 
【01:00:20】      message = 签到 , exception = 
【01:00:20】      message = 查询新邮件 , exception = 
【01:01:50】      message = 2-2 成功 
【01:02:18】      message = 2-3成功 
【01:03:20】      message = 2-4成功 
【01:03:56】      message = 2-4成功 
【01:04:35】      message = 2_6BOSS 成功 , exception = 
【01:05:10】      message = 3_1 成功 
【01:07:13】      message = 3_3 成功 
【01:07:56】      message = 3_4 成功 
【01:08:35】      message = 3_5 成功 
【01:08:59】      message = 获取新人形 : dp28 ,意不意外 惊不惊喜 
【01:09:10】      message = 3_6BOSS 成功 , exception = 
【01:09:16】      message = 人形强化 ERROR , exception = error:2
【01:09:20】      message = 人形强化 ERROR , exception = error:2
【01:09:24】      message = 人形强化 ERROR , exception = error:2
【01:09:28】      message = 人形强化 ERROR , exception = error:2
【01:09:32】      message = 人形强化 ERROR , exception = error:2
【01:09:36】      message = 人形强化 ERROR , exception = error:2
【01:09:41】      message = 人形强化 ERROR , exception = error:2
【01:09:46】      message = 人形强化 ERROR , exception = error:2
【01:11:04】      message = 4_2 成功 
【01:11:44】      message = 4_3 成功 
【01:12:10】      message = 4_4 成功 
【01:12:35】      message = 4_5 成功 
【01:12:47】      message = 获取新人形 : mg34 ,意不意外 惊不惊喜 
【01:13:10】      message = 获取新人形 : mg34 ,意不意外 惊不惊喜 
【01:13:12】      message = 4_6BOSS 成功 , exception = 
【01:14:39】      message = 获取新人形 : mg34 ,意不意外 惊不惊喜 
【01:14:43】      message = 5_1 成功 
【01:15:17】      message = 5_2 成功 
【01:16:45】      message = 5_3 成功 
【01:17:13】      message = 获取新人形 : fg42 ,意不意外 惊不惊喜 
【01:17:18】      message = 5_4 成功 
【01:18:39】      message = 5_5 成功 
【01:19:02】      message = 5_6BOSS 成功 , exception = 
【01:19:56】      message = 6_1 成功 
【01:20:48】      message = 6_2 成功 
【01:21:29】      message = 6_3 成功 
【01:21:55】      message = 获取新人形 : 布伦 ,意不意外 惊不惊喜 
【01:22:32】      message = 6_4 成功 
【01:23:50】      message = 6_5 成功 
【01:24:36】      message = 6_6BOSS 成功 , exception = 
【01:24:39】      message = 人形 : 61777993 扩编 
【01:24:43】      message = 开始无限防御 Error TeamID = {0} , exception = 4
【01:24:46】      message = 开始无限防御 Error TeamID = {0} , exception = 4
【01:24:53】      message = 开始无限防御 Error TeamID = {0} , exception = 4
【01:24:56】      message = 开始无限防御 Error TeamID = {0} , exception = 4
【01:25:00】      message = 开始无限防御 Error TeamID = {0} , exception = 4
【01:35:02】      message = 数字天空登陆 , exception = 
【01:35:03】      message = 获取时间信息 , exception = 
【01:35:03】      message = 获取Sign , exception = 
【01:35:04】      message = 获取UserInfo , exception = 
【01:35:06】      message = 签到 , exception = 
【01:35:06】      message = 查询新邮件 , exception = 
【01:38:43】      message = 开始无限防御 Error TeamID = {0} , exception = 4
【01:45:37】      message = 6_6BOSS 成功 , exception = 
【01:45:40】      message = 人形 : 61777993 扩编 
【01:46:47】      message = 6_6BOSS 成功 , exception = 
【01:46:50】      message = 人形 : 61778252 扩编 
【01:47:05】      message = 获取新人形 : aat-52 ,意不意外 惊不惊喜 
【01:47:41】      message = 6_6BOSS 成功 , exception = 
【01:47:44】      message = 人形 : 61778252 扩编 
【01:47:54】      message = 获取新人形 : aat-52 ,意不意外 惊不惊喜 
【01:48:31】      message = 6_6BOSS 成功 , exception = 
【01:48:34】      message = 人形 : 61957948 扩编 
【01:49:20】      message = 6_6BOSS 成功 , exception = 
【01:49:24】      message = 人形 : 61957948 扩编 
【01:49:31】      message = 人形强化 ERROR , exception = error:2
【01:49:35】      message = 人形强化 ERROR , exception = error:2
【01:49:40】      message = 人形强化 ERROR , exception = error:2
【01:49:44】      message = 人形强化 ERROR , exception = error:2
【01:49:48】      message = 人形强化 ERROR , exception = error:2
【01:49:52】      message = 人形强化 ERROR , exception = error:2
【01:49:56】      message = 人形强化 ERROR , exception = error:2
【01:50:01】      message = 人形强化 ERROR , exception = error:2
【01:51:01】      message = 6_6BOSS 成功 , exception = 
【01:51:03】      message = 人形 : 64078752 扩编 
【01:51:07】      message = 开始无限防御 Error TeamID = {0} , exception = 4
【01:51:21】      message = 获取新人形 : lwmmg ,意不意外 惊不惊喜 
【01:51:57】      message = 获取新人形 : lwmmg ,意不意外 惊不惊喜 
【01:52:01】      message = 6_6BOSS 成功 , exception = 
【01:52:04】      message = 人形 : 64078752 扩编 
【01:53:00】      message = 6_6BOSS 成功 , exception = 
【01:53:03】      message = 人形 : 71663429 扩编 
【01:53:06】      message = 开始无限防御 Error TeamID = {0} , exception = 4
【01:54:01】      message = 6_6BOSS 成功 , exception = 
【01:54:04】      message = 人形 : 71663429 扩编 
【01:55:00】      message = 6_6BOSS 成功 , exception = 
【01:55:53】      message = 6_6BOSS 成功 , exception = 
【01:56:41】      message = 获取新人形 : m1918 ,意不意外 惊不惊喜 
【01:56:45】      message = 6_6BOSS 成功 , exception = 
【01:57:35】      message = 6_6BOSS 成功 , exception = 
【01:58:24】      message = 6_6BOSS 成功 , exception = 
【01:59:18】      message = 6_6BOSS 成功 , exception = 
【01:59:53】      message = endTurn Error , exception = error:2
【02:00:05】      message = endEnemyTurn Error , exception = error:2
【02:00:17】      message = startTurn Error , exception = error:2
【02:00:20】      message = teamMove Error , exception = error:203|行动点数计算有误
【02:00:23】      message = teamMove Error , exception = error:203|行动点数计算有误
【02:00:35】      message = teamMove Error , exception = error:203|行动点数计算有误
【02:00:43】      message = 6_6BOSS 成功 , exception = 
【02:00:47】      message = 数字天空登陆 , exception = 
【02:00:48】      message = 获取时间信息 , exception = 
【02:00:49】      message = 获取Sign , exception = 
【02:00:54】      message = 获取UserInfo , exception = 
【02:01:01】      message = 签到 , exception = 
【02:01:02】      message = 查询新邮件 , exception = 
【02:01:55】      message = 终止作战 , exception = 
【02:03:26】      message = 6_6BOSS 成功 , exception = 
【02:03:29】      message = 开始无限防御 Error TeamID = {0} , exception = 4
【02:03:55】      message = endTurn Error , exception = error:2
【02:04:04】      message = endEnemyTurn Error , exception = error:2
【02:04:09】      message = startTurn Error , exception = error:2
【02:04:13】      message = teamMove Error , exception = error:203|行动点数计算有误
【02:04:18】      message = teamMove Error , exception = error:203|行动点数计算有误
【02:04:26】      message = teamMove Error , exception = error:203|行动点数计算有误
【02:04:33】      message = 6_6BOSS 成功 , exception = 
【02:04:37】      message = 数字天空登陆 , exception = 
【02:04:39】      message = 获取时间信息 , exception = 
【02:04:40】      message = 获取Sign , exception = 
【02:04:41】      message = 获取UserInfo , exception = 
【02:04:43】      message = 签到 , exception = 
【02:04:43】      message = 查询新邮件 , exception = 
【02:04:52】      message = 终止作战 , exception = 
【02:05:37】      message = 6_6BOSS 成功 , exception = 
【02:05:40】      message = 开始无限防御 Error TeamID = {0} , exception = 4
【02:06:31】      message = 6_6BOSS 成功 , exception = 
【02:07:23】      message = 6_6BOSS 成功 , exception = 
【02:07:27】      message = 开始无限防御 Error TeamID = {0} , exception = 4
【02:08:16】      message = 6_6BOSS 成功 , exception = 
【02:09:10】      message = 6_6BOSS 成功 , exception = 
【02:09:57】      message = 6_6BOSS 成功 , exception = 
【02:10:02】      message = 收集数据 数据监测枢纽  
【02:10:03】      message = 收集数据 数据监测枢纽 完成 
【02:10:04】      message = #GmjceXvw6PK103eayX4OI2bvETgQExBWDhifYYJ7ShYvQahC31SYhfuJLfzMLs/bsHsYtHHPPkBSckJZaNw3vc3/Q+QqAU0 
【02:10:47】      message = 6_6BOSS 成功 , exception = 
【02:11:38】      message = 6_6BOSS 成功 , exception = 
【02:11:41】      message = 开始无限防御 Error TeamID = {0} , exception = 4
【02:12:29】      message = 6_6BOSS 成功 , exception = 
【02:13:16】      message = 6_6BOSS 成功 , exception = 
【02:14:08】      message = 6_6BOSS 成功 , exception = 
【02:14:54】      message = 6_6BOSS 成功 , exception = 
【02:15:34】      message = 获取新人形 : 阿斯特拉左轮 ,意不意外 惊不惊喜 
【02:15:44】      message = 6_6BOSS 成功 , exception = 
【02:16:46】      message = 6_6BOSS 成功 , exception = 
【02:16:49】      message = 开始无限防御 Error TeamID = {0} , exception = 4
【02:17:38】      message = 6_6BOSS 成功 , exception = 
【02:18:31】      message = 6_6BOSS 成功 , exception = 
【02:19:20】      message = 6_6BOSS 成功 , exception = 
【02:20:15】      message = 6_6BOSS 成功 , exception = 
【02:20:19】      message = 开始无限防御 Error TeamID = {0} , exception = 4
【02:21:09】      message = 6_6BOSS 成功 , exception = 
【02:21:58】      message = 6_6BOSS 成功 , exception = 
【02:24:53】      message = 程序已注销 请重新创建实例 
