【05:30:01】      message =  自动分享获取30钻石 
【05:31:41】      message = 终止作战 , exception = 
【05:32:32】      message = 2-2 成功 
【05:32:57】      message = 2-3成功 
【05:33:42】      message = 2-4成功 
【05:34:15】      message = 2-4成功 
【05:35:49】      message = 2_6BOSS 成功 , exception = 
【05:39:12】      message = 3_1 成功 
【05:40:49】      message = 3_3 成功 
【05:41:24】      message = 3_4 成功 
【05:41:53】      message = 3_5 成功 
【05:42:27】      message = 3_6BOSS 成功 , exception = 
【05:45:08】      message = 4_2 成功 
【05:45:42】      message = 4_3 成功 
【05:46:09】      message = 4_4 成功 
【05:46:36】      message = 4_5 成功 
【05:47:07】      message = 4_6BOSS 成功 , exception = 
【05:52:50】      message = 5_1 成功 
【05:56:02】      message = 5_2 成功 
【06:03:00】      message = -----------获取好友电池信息------------ 
【06:03:05】      message =  -----------展示好友电池信息(1)------------ 
【06:03:05】      message =  获取好友 你老婆真棒丫 电池 数量 0 
【06:08:05】      message = 5_3 成功 
【06:11:59】      message = 5_4 成功 
【07:41:46】      message = 5_5 成功 
【07:42:43】      message = 5_6BOSS 成功 , exception = 
【07:43:31】      message = 6_1 成功 
【07:44:10】      message = 6_2 成功 
【07:44:45】      message = 6_3 成功 
【07:45:26】      message = endEnemyTurn Error , exception = error:2
【07:45:29】      message = startTurn Error , exception = error:2
【07:45:32】      message = teamMove Error , exception = error:203|行动点数计算有误
【07:45:34】      message = teamMove Error , exception = error:203|行动点数计算有误
【07:45:42】      message = teamMove Error , exception = error:203|行动点数计算有误
【07:45:50】      message = endTurn Error , exception = error:2
【07:46:33】      message = endEnemyTurn Error , exception = error:2
【07:46:36】      message = startTurn Error , exception = error:2
【07:46:39】      message = teamMove Error , exception = error:203|行动点数计算有误
【07:46:42】      message = teamMove Error , exception = error:203|行动点数计算有误
【07:46:52】      message = teamMove Error , exception = error:203|行动点数计算有误
【07:47:00】      message = endTurn Error , exception = error:2
【07:47:56】      message = 6_4 成功 
【07:49:37】      message = 6_5 成功 
【07:50:22】      message = 6_6BOSS 成功 , exception = 
【07:50:27】      message = 人形 : 100554280 扩编 
【07:50:27】      message = 战斗任务结束,获得 人力 32 子弹 0 口粮 0 零件 0 初级资料 0 中级资料 0 高级资料 0 人形 0 
【10:29:48】      message = 程序已注销 请重新创建实例 
【16:48:17】      message = 程序已注销 请重新创建实例 
【16:51:09】      message = 1-1e成功 
【16:52:26】      message = 1_2E 成功 
【16:53:21】      message = 1_3E 成功 
【16:57:00】      message = 1_4E 成功 
【16:58:40】      message = 2_1E 成功 
【17:00:24】      message = 2_2E 成功 
【17:01:05】      message = 2_3E 成功 
【17:01:54】      message = 2_4E 成功 
【17:04:53】      message = 3_1E 成功 
【17:06:09】      message = 3_2E 成功 
【17:07:01】      message = 3_3E 成功 
【17:08:06】      message = 3_4E 成功 
【17:11:41】      message = 4_1E 成功 
【17:12:32】      message = 4_2E 成功 
【17:14:15】      message = 4_3E 成功 
【17:14:54】      message = 4_4E 成功 
【17:17:13】      message = 人形 : 63210179 扩编 
【17:17:13】      message = 战斗任务结束,获得 人力 0 子弹 0 口粮 0 零件 0 初级资料 0 中级资料 0 高级资料 0 人形 0 
【17:19:58】      message = 程序已注销 请重新创建实例 
