【01:47:24】      message =  自动分享获取30钻石 
【01:49:02】      message = Rabbit E3 成功 
【01:50:35】      message = Rabbit E3 成功 
【01:51:56】      message = Rabbit E3 成功 
【01:53:08】      message = Rabbit E3 成功 
【01:54:28】      message = Rabbit E3 成功 
【01:55:41】      message = Rabbit E3 成功 
【01:56:57】      message = Rabbit E3 成功 
【01:58:13】      message = Rabbit E3 成功 
【01:59:33】      message = Rabbit E3 成功 
【02:00:49】      message = 奖励获取 battle_get_prize  
【02:00:50】      message = Rabbit E3 成功 
【02:02:09】      message = 奖励获取 battle_get_prize  
【02:02:10】      message = Rabbit E3 成功 
【02:03:28】      message = Rabbit E3 成功 
【02:05:04】      message = Rabbit E3 成功 
【02:06:25】      message = Rabbit E3 成功 
【02:07:38】      message = Rabbit E3 成功 
【02:08:53】      message = Rabbit E3 成功 
【02:10:32】      message = Rabbit E3 成功 
【02:11:44】      message = Rabbit E3 成功 
【02:13:09】      message = Rabbit E3 成功 
【02:14:40】      message = Rabbit E3 成功 
【02:15:52】      message = Rabbit E3 成功 
【02:17:13】      message = Rabbit E3 成功 
【02:18:38】      message = Rabbit E3 成功 
【02:19:54】      message = Rabbit E3 成功 
【02:21:10】      message = Rabbit E3 成功 
【02:22:22】      message = Rabbit E3 成功 
【02:23:51】      message = Rabbit E3 成功 
【02:25:09】      message = Rabbit E3 成功 
【02:26:22】      message = Rabbit E3 成功 
【02:27:47】      message = Rabbit E3 成功 
【02:29:23】      message = Rabbit E3 成功 
【02:30:41】      message = Rabbit E3 成功 
【02:32:01】      message = Rabbit E3 成功 
【02:33:17】      message = Rabbit E3 成功 
【02:34:39】      message = Rabbit E3 成功 
【02:35:56】      message = Rabbit E3 成功 
【02:37:13】      message = Rabbit E3 成功 
【02:38:37】      message = Rabbit E3 成功 
【02:39:52】      message = Rabbit E3 成功 
【02:41:12】      message = Rabbit E3 成功 
【02:42:36】      message = Rabbit E3 成功 
【02:44:10】      message = Rabbit E3 成功 
【02:45:34】      message = Rabbit E3 成功 
【02:46:46】      message = Rabbit E3 成功 
【02:48:06】      message = Rabbit E3 成功 
【02:49:27】      message = Rabbit E3 成功 
【02:50:48】      message = Rabbit E3 成功 
【02:52:05】      message = Rabbit E3 成功 
【02:53:26】      message = Rabbit E3 成功 
【02:54:54】      message = Rabbit E3 成功 
【02:56:11】      message = Rabbit E3 成功 
【02:56:12】      message = 战斗任务结束,获得 人力 0 子弹 0 口粮 0 零件 0 初级资料 0 中级资料 0 高级资料 0 人形 0 
【23:30:52】      message = 程序已注销 请重新创建实例 
【00:56:46】      message = endTurn Error , exception = error:2
【00:56:51】      message = endEnemyTurn Error , exception = error:2
【00:56:56】      message = startTurn Error , exception = error:2
【00:56:59】      message = teamMove Error , exception = error:203|行動ポイント計算エラー
【00:59:23】      message = 程序已注销 请重新创建实例 
