【23:54:56】      message = 数字天空登陆 , exception = 
【23:54:57】      message = 获取时间信息 , exception = 
【23:54:57】      message = 获取Sign , exception = 
【23:54:58】      message = 获取UserInfo , exception = 
【23:55:01】      message = 签到 , exception = 
【23:55:01】      message = 查询新邮件 , exception = 
【23:55:04】      message = 数字天空登陆 , exception = 
【23:55:05】      message = 获取时间信息 , exception = 
【23:55:06】      message = 获取Sign , exception = 
【23:55:07】      message = 获取UserInfo , exception = 
【23:55:12】      message = 签到 , exception = 
【23:55:12】      message = 查询新邮件 , exception = 
【23:55:13】      message = #sxawBTnl+zYuMlSqNpVgQp5HLme6PVLhyvp3/1SEEL7PlcMz9Orwx+mFvMtVp/sVsP0cUlg65aCddZHXNmj+yWBvGV2oXVE4S1m0E6pCtxUaNXb0 
【23:57:54】      message = 数字天空登陆 , exception = 
【23:57:55】      message = 获取时间信息 , exception = 
【23:57:55】      message = 获取Sign , exception = 
【23:57:56】      message = 获取UserInfo , exception = 
【23:57:59】      message = 签到 , exception = 
【23:57:59】      message = 查询新邮件 , exception = 
【23:58:09】      message = 数字天空登陆 , exception = 
【23:58:09】      message = 获取时间信息 , exception = 
【23:58:10】      message = 获取Sign , exception = 
【23:58:11】      message = 获取UserInfo , exception = 
【23:58:17】      message = 签到 , exception = 
【23:58:17】      message = 查询新邮件 , exception = 
【23:58:18】      message = 我珂 无法开始作战任务，请登陆游戏检查 
【23:58:22】      message = 数字天空登陆 , exception = 
【23:58:23】      message = 获取时间信息 , exception = 
【23:58:23】      message = 获取Sign , exception = 
【23:58:25】      message = 获取UserInfo , exception = 
【23:58:30】      message = 签到 , exception = 
【23:58:30】      message = 查询新邮件 , exception = 
【23:58:31】      message = 数字天空登陆 , exception = 
【23:58:32】      message = 获取时间信息 , exception = 
【23:58:32】      message = 获取Sign , exception = 
【23:58:33】      message = 获取UserInfo , exception = 
【23:58:36】      message = 签到 , exception = 
【23:58:36】      message = 查询新邮件 , exception = 
【23:58:37】      message = 我珂 无法开始作战任务，请登陆游戏检查 
【23:58:41】      message = 数字天空登陆 , exception = 
【23:58:41】      message = 获取时间信息 , exception = 
【23:58:42】      message = 获取Sign , exception = 
【23:58:43】      message = 获取UserInfo , exception = 
【23:58:47】      message = 签到 , exception = 
【23:58:47】      message = 查询新邮件 , exception = 
【23:58:49】      message = 数字天空登陆 , exception = 
【23:58:49】      message = 获取时间信息 , exception = 
【23:58:50】      message = 获取Sign , exception = 
【23:58:51】      message = 获取UserInfo , exception = 
【23:58:55】      message = 签到 , exception = 
【23:58:55】      message = 查询新邮件 , exception = 
【23:58:57】      message = 我珂 无法开始作战任务，请登陆游戏检查 
【23:59:00】      message = 数字天空登陆 , exception = 
【23:59:01】      message = 获取时间信息 , exception = 
【23:59:02】      message = 获取Sign , exception = 
【23:59:02】      message = 获取UserInfo , exception = 
【23:59:07】      message = 签到 , exception = 
【23:59:07】      message = 查询新邮件 , exception = 
【23:59:08】      message = 数字天空登陆 , exception = 
【23:59:09】      message = 获取时间信息 , exception = 
【23:59:10】      message = 获取Sign , exception = 
【23:59:11】      message = 获取UserInfo , exception = 
【23:59:16】      message = 签到 , exception = 
【23:59:16】      message = 查询新邮件 , exception = 
【23:59:17】      message = 我珂 无法开始作战任务，请登陆游戏检查 
【23:59:17】      message = mapctbox 完成 
【23:59:20】      message = 人形 : 71852633 扩编 
