【01:27:00】      message = 数字天空登陆 , exception = 
【01:27:01】      message = 获取时间信息 , exception = 
【01:27:02】      message = 获取Sign , exception = 
【01:27:02】      message = 获取UserInfo , exception = 
【01:27:06】      message = 签到 , exception = 
【01:27:06】      message = 查询新邮件 , exception = 
【01:31:55】      message = 数字天空登陆 , exception = 
【01:31:56】      message = 获取时间信息 , exception = 
【01:31:56】      message = 获取Sign , exception = 
【01:31:57】      message = 获取UserInfo , exception = 
【01:32:00】      message = 签到 , exception = 
【01:32:00】      message = 查询新邮件 , exception = 
【01:32:06】      message = 数字天空登陆 , exception = 
【01:32:07】      message = 获取时间信息 , exception = 
【01:32:08】      message = 获取Sign , exception = 
【01:32:09】      message = 获取UserInfo , exception = 
【01:32:11】      message = 签到 , exception = 
【01:32:11】      message = 查询新邮件 , exception = 
【01:32:13】      message = 問萱青梅 无法开始作战任务，请登陆游戏检查 
【01:32:13】      message = mapctbox 完成 
【01:32:14】      message = mapctbox 完成 
【01:35:03】      message = 数字天空登陆 , exception = 
【01:35:13】      message = 获取时间信息 , exception = 
【01:35:14】      message = 获取Sign , exception = 
【01:35:14】      message = 获取UserInfo , exception = 
【01:35:17】      message = 签到 , exception = 
【01:35:17】      message = 查询新邮件 , exception = 
【01:35:18】      message = 终止作战 , exception = 
【01:35:45】      message = 后勤结束失败 , exception = error:0
【01:35:50】      message = 后勤结束失败 , exception = error:0
【02:22:31】      message = 数字天空登陆 , exception = 
【02:22:31】      message = 获取时间信息 , exception = 
【02:22:32】      message = 获取Sign , exception = 
【02:22:33】      message = 获取UserInfo , exception = 
【02:22:36】      message = 签到 , exception = 
【02:22:37】      message = 查询新邮件 , exception = 
【02:24:48】      message = teamMove Error , exception = error:0
【02:24:51】      message = teamMove Error , exception = error:0
【02:24:59】      message = 数字天空登陆 , exception = 
【02:25:00】      message = 获取时间信息 , exception = 
【02:25:01】      message = 获取Sign , exception = 
【02:25:01】      message = 获取UserInfo , exception = 
【02:25:05】      message = 签到 , exception = 
【02:25:05】      message = 查询新邮件 , exception = 
【02:25:10】      message = 终止作战 , exception = 
【02:26:08】      message = teamMove Error , exception = error:0
【02:26:11】      message = teamMove Error , exception = error:0
【02:26:14】      message = teamMove Error , exception = error:0
【02:26:17】      message = teamMove Error , exception = error:0
【02:26:22】      message = endTurn Error , exception = error:0
【02:26:31】      message = endEnemyTurn Error , exception = error:0
【02:26:34】      message = startTurn Error , exception = error:0
【02:26:41】      message = 数字天空登陆 , exception = 
【02:26:42】      message = 获取时间信息 , exception = 
【02:26:42】      message = 获取Sign , exception = 
【02:26:43】      message = 获取UserInfo , exception = 
【02:26:48】      message = 数字天空登陆 , exception = 
【02:26:53】      message = 获取时间信息 , exception = 
【02:26:54】      message = 获取Sign , exception = 
【02:26:55】      message = 获取UserInfo , exception = 
【02:26:58】      message = 签到 , exception = 
【02:26:58】      message = 查询新邮件 , exception = 
【02:26:59】      message = 终止作战 , exception = 
【02:27:35】      message = 数字天空登陆 , exception = 
【02:27:35】      message = 获取时间信息 , exception = 
【02:27:36】      message = 获取Sign , exception = 
【02:27:37】      message = 获取UserInfo , exception = 
【02:27:40】      message = 签到 , exception = 
【02:27:40】      message = 查询新邮件 , exception = 
【02:27:42】      message = 数字天空登陆 , exception = 
【02:27:43】      message = 获取时间信息 , exception = 
【02:27:43】      message = 获取Sign , exception = 
【02:27:44】      message = 获取UserInfo , exception = 
【02:27:47】      message = 签到 , exception = 
【02:27:47】      message = 查询新邮件 , exception = 
【02:27:55】      message = 問萱青梅 无法开始作战任务，请登陆游戏检查 
【02:27:55】      message = mapctbox 完成 
【02:30:34】      message = 数字天空登陆 , exception = 
【02:30:35】      message = 获取时间信息 , exception = 
【02:30:35】      message = 获取Sign , exception = 
【02:30:36】      message = 获取UserInfo , exception = 
【02:30:40】      message = 签到 , exception = 
【02:30:40】      message = 查询新邮件 , exception = 
【02:30:45】      message = 终止作战 , exception = 
【02:31:18】      message = 数字天空登陆 , exception = 
【02:31:18】      message = 获取时间信息 , exception = 
【02:31:19】      message = 获取Sign , exception = 
【02:31:20】      message = 获取UserInfo , exception = 
【02:31:24】      message = 签到 , exception = 
【02:31:24】      message = 查询新邮件 , exception = 
【02:31:25】      message = 终止作战 , exception = 
【02:32:14】      message = startTurn Error , exception = error:0
【02:32:16】      message = teamMove Error , exception = error:0
【02:32:24】      message = teamMove Error , exception = error:0
【02:32:27】      message = teamMove Error , exception = error:0
【02:32:35】      message = 数字天空登陆 , exception = 
【02:32:37】      message = 获取时间信息 , exception = 
【02:32:37】      message = 获取Sign , exception = 
【02:32:38】      message = 获取UserInfo , exception = 
【02:32:42】      message = 签到 , exception = 
【02:32:42】      message = 查询新邮件 , exception = 
【02:32:42】      message = 终止作战 , exception = 
【02:33:00】      message = startTurn Error , exception = error:0
【02:33:03】      message = teamMove Error , exception = error:0
【02:33:10】      message = teamMove Error , exception = error:0
【02:33:13】      message = teamMove Error , exception = error:0
【02:33:22】      message = 数字天空登陆 , exception = 
【02:33:22】      message = 获取时间信息 , exception = 
【02:33:23】      message = 获取Sign , exception = 
【02:33:24】      message = 获取UserInfo , exception = 
【02:33:28】      message = 签到 , exception = 
【02:33:28】      message = 查询新邮件 , exception = 
【02:33:28】      message = 终止作战 , exception = 
【02:33:38】      message = teamMove Error , exception = error:0
【02:33:40】      message = teamMove Error , exception = error:0
【02:33:45】      message = endTurn Error , exception = error:0
【02:33:55】      message = endEnemyTurn Error , exception = error:0
【02:33:58】      message = startTurn Error , exception = error:0
【02:34:06】      message = 数字天空登陆 , exception = 
【02:34:06】      message = 获取时间信息 , exception = 
【02:34:07】      message = 获取Sign , exception = 
【02:34:08】      message = 获取UserInfo , exception = 
【02:34:11】      message = 签到 , exception = 
【02:34:11】      message = 查询新邮件 , exception = 
【02:34:16】      message = teamMove Error , exception = error:0
【02:34:20】      message = teamMove Error , exception = error:0
【02:34:23】      message = teamMove Error , exception = error:0
【02:34:26】      message = teamMove Error , exception = error:0
【02:34:31】      message = endTurn Error , exception = error:0
【02:34:41】      message = endEnemyTurn Error , exception = error:0
【02:34:44】      message = startTurn Error , exception = error:0
【02:34:50】      message = 数字天空登陆 , exception = 
【02:34:51】      message = 获取时间信息 , exception = 
【02:34:55】      message = 获取Sign , exception = 
【02:34:56】      message = 获取UserInfo , exception = 
【02:34:59】      message = 签到 , exception = 
【02:34:59】      message = 查询新邮件 , exception = 
【02:35:06】      message = teamMove Error , exception = error:0
【02:35:09】      message = teamMove Error , exception = error:0
【02:35:12】      message = teamMove Error , exception = error:0
【02:35:17】      message = endTurn Error , exception = error:0
【02:35:26】      message = endEnemyTurn Error , exception = error:0
【02:35:29】      message = startTurn Error , exception = error:0
【02:35:36】      message = 数字天空登陆 , exception = 
【02:35:36】      message = 获取时间信息 , exception = 
【02:35:37】      message = 获取Sign , exception = 
【02:35:38】      message = 获取UserInfo , exception = 
【02:35:40】      message = 签到 , exception = 
【02:35:40】      message = 查询新邮件 , exception = 
【02:36:06】      message = 数字天空登陆 , exception = 
【02:36:07】      message = 获取时间信息 , exception = 
【02:36:08】      message = 获取Sign , exception = 
【02:36:08】      message = 获取UserInfo , exception = 
【02:36:11】      message = 签到 , exception = 
【02:36:11】      message = 查询新邮件 , exception = 
【02:36:12】      message = 数字天空登陆 , exception = 
【02:36:13】      message = 获取时间信息 , exception = 
【02:36:14】      message = 获取Sign , exception = 
【02:36:14】      message = 获取UserInfo , exception = 
【02:36:18】      message = 签到 , exception = 
【02:36:18】      message = 查询新邮件 , exception = 
【02:36:19】      message = 問萱青梅 无法开始作战任务，请登陆游戏检查 
【02:36:19】      message = mapctbox 完成 
【02:36:20】      message = 数字天空登陆 , exception = 
【02:36:21】      message = 获取时间信息 , exception = 
【02:36:21】      message = 获取Sign , exception = 
【02:36:22】      message = 获取UserInfo , exception = 
【02:36:26】      message = 签到 , exception = 
【02:36:26】      message = 查询新邮件 , exception = 
