【17:58:02】      message = 读取config配置 
【17:58:31】      message = 读取config配置 
【17:59:02】      message = 读取config配置 
【18:00:29】      message = 读取config配置 
【18:00:40】      message = 读取config配置 
【18:01:35】      message = 读取config配置 
【18:03:52】      message = 读取config配置 
【18:05:26】      message = 读取config配置 
【18:05:26】      message = 读取文字解析 
【18:05:26】      message = updataCatchData 
【18:05:28】      message = 引用作战dll 
【18:06:09】      message = 读取config配置 
【18:06:09】      message = 读取文字解析 
【18:06:09】      message = updataCatchData 
【18:06:14】      message = 引用作战dll 
【18:15:09】      message = 读取config配置 
【18:15:09】      message = 读取文字解析 
【18:15:09】      message = updataCatchData 
【18:15:11】      message = 引用作战dll 
【18:15:54】      message = 读取config配置 
【18:15:54】      message = 读取文字解析 
【18:15:54】      message = updataCatchData 
【18:15:56】      message = 引用作战dll 
【18:17:04】      message = 读取config配置 
【18:17:04】      message = 读取文字解析 
【18:17:04】      message = updataCatchData 
【18:17:07】      message = 引用作战dll 
【18:19:33】      message = 读取config配置 
【18:19:33】      message = 读取文字解析 
【18:19:33】      message = updataCatchData 
【18:19:35】      message = 引用作战dll 
【18:19:58】      message = 读取config配置 
【18:19:58】      message = 读取文字解析 
【18:19:58】      message = updataCatchData 
【18:20:00】      message = 引用作战dll 
【18:21:18】      message = 读取config配置 
【18:21:18】      message = 读取文字解析 
【18:21:18】      message = updataCatchData 
【18:21:21】      message = 引用作战dll 
【18:24:33】      message = 读取config配置 
【18:24:33】      message = 读取文字解析 
【18:24:33】      message = updataCatchData 
【18:24:39】      message = 引用作战dll 
【18:26:11】      message = 读取config配置 
【18:26:11】      message = 读取文字解析 
【18:26:11】      message = updataCatchData 
【18:26:22】      message = 引用作战dll 
【18:28:11】      message = 读取config配置 
【18:28:11】      message = 读取文字解析 
【18:28:11】      message = updataCatchData 
【18:28:17】      message = 引用作战dll 
【18:30:06】      message = 读取config配置 
【18:30:06】      message = 读取文字解析 
【18:30:06】      message = updataCatchData 
【18:30:35】      message = 引用作战dll 
【18:31:50】      message = 读取config配置 
【18:31:50】      message = 读取文字解析 
【18:31:50】      message = updataCatchData 
【18:31:56】      message = 引用作战dll 
【18:37:51】      message = 读取config配置 
【18:37:51】      message = 读取文字解析 
【18:37:51】      message = updataCatchData 
【18:37:54】      message = 引用作战dll 
【18:38:46】      message = 读取config配置 
【18:38:46】      message = 读取文字解析 
【18:38:46】      message = updataCatchData 
【18:38:48】      message = 引用作战dll 
【18:39:54】      message = 读取config配置 
【18:39:54】      message = 读取文字解析 
【18:39:54】      message = updataCatchData 
【18:39:56】      message = 引用作战dll 
【18:40:56】      message = 读取config配置 
【18:40:56】      message = 读取文字解析 
【18:40:56】      message = updataCatchData 
【18:41:00】      message = 引用作战dll 
【18:42:49】      message = 读取config配置 
【18:42:49】      message = 读取文字解析 
【18:42:49】      message = updataCatchData 
【18:43:45】      message = 读取config配置 
【18:43:45】      message = 读取文字解析 
【18:43:46】      message = updataCatchData 
【18:45:57】      message = 读取config配置 
【18:45:57】      message = 读取文字解析 
【18:45:58】      message = updataCatchData 
【18:47:27】      message = 读取config配置 
【18:47:27】      message = 读取文字解析 
【18:47:28】      message = updataCatchData 
【18:48:28】      message = 引用作战dll 
【18:49:32】      message = 读取config配置 
【18:49:32】      message = 读取文字解析 
【18:49:33】      message = updataCatchData 
【18:50:05】      message = 引用作战dll 
【18:50:33】      message = 读取config配置 
【18:50:33】      message = 读取文字解析 
【18:50:45】      message = 读取config配置 
【18:50:45】      message = 读取文字解析 
【18:50:46】      message = updataCatchData 
【18:51:09】      message = 读取config配置 
【18:51:09】      message = 读取文字解析 
【18:51:10】      message = updataCatchData 
【18:51:47】      message = 引用作战dll 
【18:55:34】      message = 读取config配置 
【18:55:34】      message = 读取文字解析 
【18:55:35】      message = updataCatchData 
【18:55:59】      message = 引用作战dll 
【18:56:40】      message = 读取config配置 
【18:56:40】      message = 读取文字解析 
【18:56:40】      message = updataCatchData 
【18:56:42】      message = 引用作战dll 
【22:37:22】      message = 读取config配置 
【22:37:22】      message = 读取文字解析 
【22:37:22】      message = updataCatchData 
【22:37:25】      message = 引用作战dll 
【22:39:04】      message = 读取config配置 
【22:39:04】      message = 读取文字解析 
【22:39:04】      message = updataCatchData 
【22:39:07】      message = 引用作战dll 
【22:41:32】      message = 调用作战dll文件出错 , exception = System.NullReferenceException: Object reference not set to an instance of an object.
   at GFHelp.Core.Action.Mission.Test(UserData userData) in C:\Users\jack\Desktop\CS\GFHelp-Web\GFHelp.Core\Action\Battle\Loop.cs:line 61
【22:41:32】      message = 调用作战dll文件出错 , exception = System.NullReferenceException: Object reference not set to an instance of an object.
   at GFHelp.Core.Action.Mission.Test(UserData userData) in C:\Users\jack\Desktop\CS\GFHelp-Web\GFHelp.Core\Action\Battle\Loop.cs:line 61
【22:41:37】      message = 调用作战dll文件出错 , exception = System.NullReferenceException: Object reference not set to an instance of an object.
   at GFHelp.Core.Action.Mission.Test(UserData userData) in C:\Users\jack\Desktop\CS\GFHelp-Web\GFHelp.Core\Action\Battle\Loop.cs:line 61
【22:41:37】      message = 调用作战dll文件出错 , exception = System.NullReferenceException: Object reference not set to an instance of an object.
   at GFHelp.Core.Action.Mission.Test(UserData userData) in C:\Users\jack\Desktop\CS\GFHelp-Web\GFHelp.Core\Action\Battle\Loop.cs:line 61
【22:43:13】      message = 调用作战dll文件出错 , exception = System.NullReferenceException: Object reference not set to an instance of an object.
   at GFHelp.Core.Action.Mission.Test(UserData userData) in C:\Users\jack\Desktop\CS\GFHelp-Web\GFHelp.Core\Action\Battle\Loop.cs:line 61
【22:44:09】      message = 调用作战dll文件出错 , exception = System.NullReferenceException: Object reference not set to an instance of an object.
   at GFHelp.Core.Action.Mission.Test(UserData userData) in C:\Users\jack\Desktop\CS\GFHelp-Web\GFHelp.Core\Action\Battle\Loop.cs:line 61
【22:45:03】      message = 读取config配置 
【22:45:03】      message = 读取文字解析 
【22:45:03】      message = updataCatchData 
【22:45:06】      message = 引用作战dll 
【22:45:34】      message = 读取config配置 
【22:45:34】      message = 读取文字解析 
【22:45:34】      message = updataCatchData 
【22:45:36】      message = 引用作战dll 
【22:47:37】      message = 读取config配置 
【22:47:37】      message = 读取文字解析 
【22:47:37】      message = updataCatchData 
【22:47:40】      message = 引用作战dll 
【22:54:46】      message = 读取config配置 
【22:54:46】      message = 读取文字解析 
【22:54:46】      message = updataCatchData 
【22:54:48】      message = 引用作战dll 
【23:03:24】      message = 读取config配置 
【23:03:24】      message = 读取文字解析 
【23:03:24】      message = updataCatchData 
【23:03:27】      message = 引用作战dll 
【23:12:42】      message = 读取config配置 
【23:12:42】      message = 读取文字解析 
【23:12:42】      message = updataCatchData 
【23:13:15】      message = 读取config配置 
【23:13:15】      message = 读取文字解析 
【23:13:15】      message = updataCatchData 
【23:13:35】      message = 引用作战dll 
【23:13:39】      message = 读取config配置 
【23:13:39】      message = 读取文字解析 
【23:13:39】      message = updataCatchData 
【23:13:42】      message = 引用作战dll 
【23:30:49】      message = 读取config配置 
【23:30:49】      message = 读取文字解析 
【23:30:49】      message = updataCatchData 
【23:30:51】      message = 引用作战dll 
【23:33:17】      message = 调用作战dll文件出错 , exception = System.Reflection.TargetInvocationException: Exception has been thrown by the target of an invocation. ---> System.InvalidOperationException: The JsonData instance has to be initialized first
   at LitJson.JsonData.EnsureCollection()
   at LitJson.JsonData.System.Collections.IEnumerable.GetEnumerator()
   at GFHelp.Mission.Map_Sent.Function.Night_PosCheck_type1(String result, Int32 toSpot) in C:\Users\jack\Desktop\CS\GFHelp-Web\Mission\Map_Sent.cs:line 59
   at GFHelp.Mission.Activity.maparctic1_4(UserData userData, Normal_MissionInfo ubti) in C:\Users\jack\Desktop\CS\GFHelp-Web\Mission\Activity.cs:line 182
   --- End of inner exception stack trace ---
   at System.RuntimeMethodHandle.InvokeMethod(Object target, Object[] arguments, Signature sig, Boolean constructor, Boolean wrapExceptions)
   at System.Reflection.RuntimeMethodInfo.Invoke(Object obj, BindingFlags invokeAttr, Binder binder, Object[] parameters, CultureInfo culture)
   at System.Reflection.MethodBase.Invoke(Object obj, Object[] parameters)
   at GFHelp.Core.Action.Mission.Test(UserData userData) in C:\Users\jack\Desktop\CS\GFHelp-Web\GFHelp.Core\Action\Battle\Loop.cs:line 61
【23:33:17】      message = 调用作战dll文件出错 , exception = System.Reflection.TargetInvocationException: Exception has been thrown by the target of an invocation. ---> System.InvalidOperationException: The JsonData instance has to be initialized first
   at LitJson.JsonData.EnsureCollection()
   at LitJson.JsonData.System.Collections.IEnumerable.GetEnumerator()
   at GFHelp.Mission.Map_Sent.Function.Night_PosCheck_type1(String result, Int32 toSpot) in C:\Users\jack\Desktop\CS\GFHelp-Web\Mission\Map_Sent.cs:line 59
   at GFHelp.Mission.Activity.maparctic1_4(UserData userData, Normal_MissionInfo ubti) in C:\Users\jack\Desktop\CS\GFHelp-Web\Mission\Activity.cs:line 182
   --- End of inner exception stack trace ---
   at System.RuntimeMethodHandle.InvokeMethod(Object target, Object[] arguments, Signature sig, Boolean constructor, Boolean wrapExceptions)
   at System.Reflection.RuntimeMethodInfo.Invoke(Object obj, BindingFlags invokeAttr, Binder binder, Object[] parameters, CultureInfo culture)
   at System.Reflection.MethodBase.Invoke(Object obj, Object[] parameters)
   at GFHelp.Core.Action.Mission.Test(UserData userData) in C:\Users\jack\Desktop\CS\GFHelp-Web\GFHelp.Core\Action\Battle\Loop.cs:line 61
【23:33:37】      message = 读取config配置 
【23:33:37】      message = 读取文字解析 
【23:33:37】      message = updataCatchData 
【23:33:40】      message = 引用作战dll 
【00:35:14】      message = 读取config配置 
【00:35:14】      message = 读取文字解析 
【00:35:14】      message = updataCatchData 
【00:35:17】      message = 引用作战dll 
【00:36:41】      message = 读取config配置 
【00:36:41】      message = 读取文字解析 
【00:36:41】      message = updataCatchData 
【00:36:44】      message = 引用作战dll 
【00:42:31】      message = 读取config配置 
【00:42:31】      message = 读取文字解析 
【00:42:31】      message = updataCatchData 
【00:42:34】      message = 引用作战dll 
【00:44:12】      message = 读取config配置 
【00:44:12】      message = 读取文字解析 
【00:44:12】      message = updataCatchData 
【00:44:15】      message = 引用作战dll 
【00:49:04】      message = 读取config配置 
【00:49:04】      message = 读取文字解析 
【00:49:04】      message = updataCatchData 
【00:49:07】      message = 引用作战dll 
【02:22:09】      message = 读取config配置 
【02:22:09】      message = 读取文字解析 
【02:22:09】      message = updataCatchData 
【02:22:12】      message = 引用作战dll 
【17:39:49】      message = 读取config配置 
【17:39:49】      message = 读取文字解析 
【17:39:49】      message = updataCatchData 
【17:39:52】      message = 引用作战dll 
【17:40:51】      message = 读取config配置 
【17:40:51】      message = 读取文字解析 
【17:40:51】      message = updataCatchData 
【17:40:54】      message = 引用作战dll 
【17:49:47】      message = 读取config配置 
【17:49:47】      message = 读取文字解析 
【17:49:47】      message = updataCatchData 
【17:49:50】      message = 引用作战dll 
【17:51:14】      message = 读取config配置 
【17:51:14】      message = 读取文字解析 
【17:51:14】      message = updataCatchData 
【17:51:17】      message = 引用作战dll 
【17:52:18】      message = 读取config配置 
【17:52:18】      message = 读取文字解析 
【17:52:18】      message = updataCatchData 
【17:52:21】      message = 引用作战dll 
【19:21:12】      message = 读取config配置 
【19:21:12】      message = 读取文字解析 
【19:21:12】      message = updataCatchData 
【19:21:15】      message = 引用作战dll 
【19:23:27】      message = 读取config配置 
【19:23:27】      message = 读取文字解析 
【19:23:27】      message = updataCatchData 
【19:23:39】      message = 引用作战dll 
【19:29:45】      message = 读取config配置 
【19:29:45】      message = 读取文字解析 
【19:29:45】      message = updataCatchData 
【19:29:48】      message = 引用作战dll 
【21:49:39】      message = 读取config配置 
【21:49:39】      message = 读取文字解析 
【21:49:39】      message = updataCatchData 
【21:49:42】      message = 引用作战dll 
【21:51:04】      message = 读取config配置 
【21:51:04】      message = 读取文字解析 
【21:51:04】      message = updataCatchData 
【21:51:07】      message = 引用作战dll 
【21:51:52】      message = 读取config配置 
【21:51:52】      message = 读取文字解析 
【21:51:52】      message = updataCatchData 
【21:52:04】      message = 引用作战dll 
【21:53:10】      message = 删除游戏实例data出现错误. GFHelp.Core.Management.GameAccountBase , exception = System.PlatformNotSupportedException: Thread abort is not supported on this platform.
   at System.Threading.Thread.Abort()
   at GFHelp.Web.Controllers.AccountController.delGameAccount(GameAccountBase gameAccountBase) in C:\Users\jack\Desktop\CS\GFHelp-Web\GFHelp.Web\Controllers\AccountController.cs:line 64
【21:53:49】      message = 读取config配置 
【21:53:49】      message = 读取文字解析 
【21:53:49】      message = updataCatchData 
【21:54:12】      message = 引用作战dll 
【22:01:41】      message = 读取config配置 
【22:01:41】      message = 读取文字解析 
【22:01:41】      message = updataCatchData 
【22:01:44】      message = 引用作战dll 
【22:03:22】      message = 解析sign出现错误 , exception = System.ArgumentNullException: Buffer cannot be null.
Parameter name: buffer
   at System.IO.MemoryStream..ctor(Byte[] buffer, Boolean writable)
   at GFHelp.Core.Helper.Response.Check(GameAccount gameAccount, String& result, String type, Boolean need_decode) in C:\Users\jack\Desktop\CS\GFHelp-Web\GFHelp.Core\Helper\ResponseCheck.cs:line 50
【22:05:20】      message = 读取config配置 
【22:05:20】      message = 读取文字解析 
【22:05:20】      message = updataCatchData 
【22:05:25】      message = 引用作战dll 
【22:06:32】      message = LoginDigitalSKY , exception = false System.Net.WebException: 由于连接方在一段时间后没有正确答复或连接的主机没有反应，连接尝试失败。 由于连接方在一段时间后没有正确答复或连接的主机没有反应，连接尝试失败。 ---> System.Net.Http.HttpRequestException: 由于连接方在一段时间后没有正确答复或连接的主机没有反应，连接尝试失败。 ---> System.Net.Sockets.SocketException: 由于连接方在一段时间后没有正确答复或连接的主机没有反应，连接尝试失败。
   at System.Net.Http.ConnectHelper.ConnectAsync(String host, Int32 port, CancellationToken cancellationToken)
   --- End of inner exception stack trace ---
   at System.Net.Http.ConnectHelper.ConnectAsync(String host, Int32 port, CancellationToken cancellationToken)
   at System.Threading.Tasks.ValueTask`1.get_Result()
   at System.Net.Http.HttpConnectionPool.CreateConnectionAsync(HttpRequestMessage request, CancellationToken cancellationToken)
   at System.Threading.Tasks.ValueTask`1.get_Result()
   at System.Net.Http.HttpConnectionPool.WaitForCreatedConnectionAsync(ValueTask`1 creationTask)
   at System.Threading.Tasks.ValueTask`1.get_Result()
   at System.Net.Http.HttpConnectionPool.SendWithRetryAsync(HttpRequestMessage request, Boolean doRequestAuth, CancellationToken cancellationToken)
   at System.Net.Http.RedirectHandler.SendAsync(HttpRequestMessage request, CancellationToken cancellationToken)
   at System.Net.Http.HttpClient.FinishSendAsyncUnbuffered(Task`1 sendTask, HttpRequestMessage request, CancellationTokenSource cts, Boolean disposeCts)
   at System.Net.HttpWebRequest.SendRequest()
   at System.Net.HttpWebRequest.GetResponse()
   --- End of inner exception stack trace ---
   at System.Net.HttpWebRequest.GetResponse()
   at System.Net.WebClient.GetWebResponse(WebRequest request)
   at System.Net.WebClient.DownloadBits(WebRequest request, Stream writeStream)
   at System.Net.WebClient.UploadBits(WebRequest request, Stream readStream, Byte[] buffer, Int32 chunkSize, Byte[] header, Byte[] footer)
   at System.Net.WebClient.UploadDataInternal(Uri address, String method, Byte[] data, WebRequest& request)
   at System.Net.WebClient.UploadData(Uri address, String method, Byte[] data)
   at System.Net.WebClient.UploadData(String address, String method, Byte[] data)
   at GFHelp.Core.API.BaseRequset.DoPost(String url, Byte[] postData) in C:\Users\jack\Desktop\CS\GFHelp-Web\GFHelp.Core\API\BaseRequset.cs:line 40
【03:09:21】      message = 读取config配置 
【03:09:21】      message = 读取文字解析 
【03:09:21】      message = updataCatchData 
【03:09:24】      message = 引用作战dll 
【03:33:33】      message = 读取config配置 
【03:33:33】      message = 读取文字解析 
【03:33:33】      message = updataCatchData 
【03:33:36】      message = 引用作战dll 
【03:41:40】      message = 读取config配置 
【03:41:40】      message = 读取文字解析 
【03:41:40】      message = updataCatchData 
【03:41:43】      message = 引用作战dll 
【03:43:22】      message = 读取config配置 
【03:43:22】      message = 读取文字解析 
【03:43:22】      message = updataCatchData 
【03:43:25】      message = 引用作战dll 
【03:43:50】      message = 读取config配置 
【03:43:50】      message = 读取文字解析 
【03:43:50】      message = updataCatchData 
【03:43:53】      message = 引用作战dll 
【03:44:45】      message = 读取config配置 
【03:44:45】      message = 读取文字解析 
【03:44:45】      message = updataCatchData 
【03:44:48】      message = 引用作战dll 
【03:45:55】      message = 读取config配置 
【03:45:55】      message = 读取文字解析 
【03:45:55】      message = updataCatchData 
【03:45:58】      message = 引用作战dll 
【03:52:49】      message = 读取config配置 
【03:52:49】      message = 读取文字解析 
【03:52:49】      message = updataCatchData 
【03:52:52】      message = 引用作战dll 
【04:20:06】      message = 读取config配置 
【04:20:06】      message = 读取文字解析 
【04:20:06】      message = updataCatchData 
【04:20:09】      message = 引用作战dll 
【04:20:29】      message = 读取config配置 
【04:20:29】      message = 读取文字解析 
【04:20:29】      message = updataCatchData 
【04:20:32】      message = 引用作战dll 
【04:23:27】      message = 读取config配置 
【04:23:27】      message = 读取文字解析 
【04:23:27】      message = updataCatchData 
【04:23:30】      message = 引用作战dll 
【01:07:47】      message = 读取config配置 
【01:07:47】      message = 读取文字解析 
【01:07:47】      message = updataCatchData 
【01:07:50】      message = 引用作战dll 
【01:55:46】      message = 读取config配置 
【01:55:46】      message = 读取文字解析 
【01:55:46】      message = updataCatchData 
【01:55:49】      message = 引用作战dll 
【02:01:11】      message = 读取config配置 
【02:01:11】      message = 读取文字解析 
【02:01:11】      message = updataCatchData 
【02:01:14】      message = 引用作战dll 
【03:18:21】      message = 读取config配置 
【03:18:21】      message = 读取文字解析 
【03:18:21】      message = updataCatchData 
【03:18:24】      message = 引用作战dll 
【03:21:46】      message = 读取config配置 
【03:21:46】      message = 读取文字解析 
【03:21:46】      message = updataCatchData 
【03:21:49】      message = 引用作战dll 
【03:23:51】      message = 读取config配置 
【03:23:51】      message = 读取文字解析 
【03:23:51】      message = updataCatchData 
【03:23:54】      message = 引用作战dll 
【04:46:52】      message = 读取config配置 
【04:46:52】      message = 读取文字解析 
【04:46:52】      message = updataCatchData 
【04:46:55】      message = 引用作战dll 
【04:51:58】      message = 读取config配置 
【04:51:58】      message = 读取文字解析 
【04:51:58】      message = updataCatchData 
【04:52:01】      message = 引用作战dll 
【04:55:40】      message = 读取config配置 
【04:55:40】      message = 读取文字解析 
【04:55:40】      message = updataCatchData 
【04:55:43】      message = 引用作战dll 
【04:57:01】      message = 读取config配置 
【04:57:01】      message = 读取文字解析 
【04:57:01】      message = updataCatchData 
【04:57:04】      message = 引用作战dll 
【05:00:28】      message = 读取config配置 
【05:00:28】      message = 读取文字解析 
【05:00:28】      message = updataCatchData 
【05:00:31】      message = 引用作战dll 
【05:07:30】      message = 读取config配置 
【05:07:30】      message = 读取文字解析 
【05:07:30】      message = updataCatchData 
【05:07:33】      message = 引用作战dll 
【05:10:06】      message = 读取config配置 
【05:10:06】      message = 读取文字解析 
【05:10:06】      message = updataCatchData 
【05:10:09】      message = 引用作战dll 
【05:24:48】      message = 读取config配置 
【05:24:48】      message = 读取文字解析 
【05:24:48】      message = updataCatchData 
【05:24:51】      message = 引用作战dll 
【05:31:36】      message = 读取config配置 
【05:31:36】      message = 读取文字解析 
【05:31:36】      message = updataCatchData 
【05:31:39】      message = 引用作战dll 
【05:34:27】      message = 读取config配置 
【05:34:27】      message = 读取文字解析 
【05:34:27】      message = updataCatchData 
【05:34:30】      message = 引用作战dll 
【05:35:17】      message = 读取config配置 
【05:35:17】      message = 读取文字解析 
【05:35:17】      message = updataCatchData 
【05:35:20】      message = 引用作战dll 
