【22:41:32】      message = 调用作战dll文件出错 , exception = System.NullReferenceException: Object reference not set to an instance of an object.
   at GFHelp.Core.Action.Mission.Test(UserData userData) in C:\Users\jack\Desktop\CS\GFHelp-Web\GFHelp.Core\Action\Battle\Loop.cs:line 61
【22:41:32】      message = 调用作战dll文件出错 , exception = System.NullReferenceException: Object reference not set to an instance of an object.
   at GFHelp.Core.Action.Mission.Test(UserData userData) in C:\Users\jack\Desktop\CS\GFHelp-Web\GFHelp.Core\Action\Battle\Loop.cs:line 61
【22:41:37】      message = 调用作战dll文件出错 , exception = System.NullReferenceException: Object reference not set to an instance of an object.
   at GFHelp.Core.Action.Mission.Test(UserData userData) in C:\Users\jack\Desktop\CS\GFHelp-Web\GFHelp.Core\Action\Battle\Loop.cs:line 61
【22:41:37】      message = 调用作战dll文件出错 , exception = System.NullReferenceException: Object reference not set to an instance of an object.
   at GFHelp.Core.Action.Mission.Test(UserData userData) in C:\Users\jack\Desktop\CS\GFHelp-Web\GFHelp.Core\Action\Battle\Loop.cs:line 61
【22:43:13】      message = 调用作战dll文件出错 , exception = System.NullReferenceException: Object reference not set to an instance of an object.
   at GFHelp.Core.Action.Mission.Test(UserData userData) in C:\Users\jack\Desktop\CS\GFHelp-Web\GFHelp.Core\Action\Battle\Loop.cs:line 61
【22:44:09】      message = 调用作战dll文件出错 , exception = System.NullReferenceException: Object reference not set to an instance of an object.
   at GFHelp.Core.Action.Mission.Test(UserData userData) in C:\Users\jack\Desktop\CS\GFHelp-Web\GFHelp.Core\Action\Battle\Loop.cs:line 61
【23:33:17】      message = 调用作战dll文件出错 , exception = System.Reflection.TargetInvocationException: Exception has been thrown by the target of an invocation. ---> System.InvalidOperationException: The JsonData instance has to be initialized first
   at LitJson.JsonData.EnsureCollection()
   at LitJson.JsonData.System.Collections.IEnumerable.GetEnumerator()
   at GFHelp.Mission.Map_Sent.Function.Night_PosCheck_type1(String result, Int32 toSpot) in C:\Users\jack\Desktop\CS\GFHelp-Web\Mission\Map_Sent.cs:line 59
   at GFHelp.Mission.Activity.maparctic1_4(UserData userData, Normal_MissionInfo ubti) in C:\Users\jack\Desktop\CS\GFHelp-Web\Mission\Activity.cs:line 182
   --- End of inner exception stack trace ---
   at System.RuntimeMethodHandle.InvokeMethod(Object target, Object[] arguments, Signature sig, Boolean constructor, Boolean wrapExceptions)
   at System.Reflection.RuntimeMethodInfo.Invoke(Object obj, BindingFlags invokeAttr, Binder binder, Object[] parameters, CultureInfo culture)
   at System.Reflection.MethodBase.Invoke(Object obj, Object[] parameters)
   at GFHelp.Core.Action.Mission.Test(UserData userData) in C:\Users\jack\Desktop\CS\GFHelp-Web\GFHelp.Core\Action\Battle\Loop.cs:line 61
【23:33:17】      message = 调用作战dll文件出错 , exception = System.Reflection.TargetInvocationException: Exception has been thrown by the target of an invocation. ---> System.InvalidOperationException: The JsonData instance has to be initialized first
   at LitJson.JsonData.EnsureCollection()
   at LitJson.JsonData.System.Collections.IEnumerable.GetEnumerator()
   at GFHelp.Mission.Map_Sent.Function.Night_PosCheck_type1(String result, Int32 toSpot) in C:\Users\jack\Desktop\CS\GFHelp-Web\Mission\Map_Sent.cs:line 59
   at GFHelp.Mission.Activity.maparctic1_4(UserData userData, Normal_MissionInfo ubti) in C:\Users\jack\Desktop\CS\GFHelp-Web\Mission\Activity.cs:line 182
   --- End of inner exception stack trace ---
   at System.RuntimeMethodHandle.InvokeMethod(Object target, Object[] arguments, Signature sig, Boolean constructor, Boolean wrapExceptions)
   at System.Reflection.RuntimeMethodInfo.Invoke(Object obj, BindingFlags invokeAttr, Binder binder, Object[] parameters, CultureInfo culture)
   at System.Reflection.MethodBase.Invoke(Object obj, Object[] parameters)
   at GFHelp.Core.Action.Mission.Test(UserData userData) in C:\Users\jack\Desktop\CS\GFHelp-Web\GFHelp.Core\Action\Battle\Loop.cs:line 61
