【04:41:17】      message = System.AggregateException: One or more errors occurred. (Object reference not set to an instance of an object.) ---> System.NullReferenceException: Object reference not set to an instance of an object.
   at GFHelp.Core.SignaIRClient.LoopGameMessage() in C:\Users\jack\Desktop\CS\GFHelp-Web\GFHelp.Core\SignaIRClient.cs:line 162
   at GFHelp.Core.SignaIRClient.<>c.<Loop>b__10_0() in C:\Users\jack\Desktop\CS\GFHelp-Web\GFHelp.Core\SignaIRClient.cs:line 104
   at System.Threading.ExecutionContext.RunInternal(ExecutionContext executionContext, ContextCallback callback, Object state)
--- End of stack trace from previous location where exception was thrown ---
   at System.Threading.Tasks.Task.ExecuteWithThreadLocal(Task& currentTaskSlot)
   --- End of inner exception stack trace ---
   at System.Threading.Tasks.Task.WaitAllCore(Task[] tasks, Int32 millisecondsTimeout, CancellationToken cancellationToken)
   at System.Threading.Tasks.Task.WaitAll(Task[] tasks)
   at GFHelp.Core.SignaIRClient.Loop() in C:\Users\jack\Desktop\CS\GFHelp-Web\GFHelp.Core\SignaIRClient.cs:line 106
---> (Inner Exception #0) System.NullReferenceException: Object reference not set to an instance of an object.
   at GFHelp.Core.SignaIRClient.LoopGameMessage() in C:\Users\jack\Desktop\CS\GFHelp-Web\GFHelp.Core\SignaIRClient.cs:line 162
   at GFHelp.Core.SignaIRClient.<>c.<Loop>b__10_0() in C:\Users\jack\Desktop\CS\GFHelp-Web\GFHelp.Core\SignaIRClient.cs:line 104
   at System.Threading.ExecutionContext.RunInternal(ExecutionContext executionContext, ContextCallback callback, Object state)
--- End of stack trace from previous location where exception was thrown ---
   at System.Threading.Tasks.Task.ExecuteWithThreadLocal(Task& currentTaskSlot)<---
 
【16:25:47】      message = System.AggregateException: One or more errors occurred. (Index was out of range. Must be non-negative and less than the size of the collection.
Parameter name: index) ---> System.ArgumentOutOfRangeException: Index was out of range. Must be non-negative and less than the size of the collection.
Parameter name: index
   at System.Collections.Generic.List`1.get_Item(Int32 index)
   at GFHelp.Core.SignaIRClient.LoopGameMessage() in C:\Users\jack\Desktop\CS\GFHelp-Web\GFHelp.Core\SignaIRClient.cs:line 166
   at GFHelp.Core.SignaIRClient.<>c.<Loop>b__10_0() in C:\Users\jack\Desktop\CS\GFHelp-Web\GFHelp.Core\SignaIRClient.cs:line 104
   at System.Threading.ExecutionContext.RunInternal(ExecutionContext executionContext, ContextCallback callback, Object state)
--- End of stack trace from previous location where exception was thrown ---
   at System.Threading.Tasks.Task.ExecuteWithThreadLocal(Task& currentTaskSlot)
   --- End of inner exception stack trace ---
   at System.Threading.Tasks.Task.WaitAllCore(Task[] tasks, Int32 millisecondsTimeout, CancellationToken cancellationToken)
   at System.Threading.Tasks.Task.WaitAll(Task[] tasks)
   at GFHelp.Core.SignaIRClient.Loop() in C:\Users\jack\Desktop\CS\GFHelp-Web\GFHelp.Core\SignaIRClient.cs:line 106
---> (Inner Exception #0) System.ArgumentOutOfRangeException: Index was out of range. Must be non-negative and less than the size of the collection.
Parameter name: index
   at System.Collections.Generic.List`1.get_Item(Int32 index)
   at GFHelp.Core.SignaIRClient.LoopGameMessage() in C:\Users\jack\Desktop\CS\GFHelp-Web\GFHelp.Core\SignaIRClient.cs:line 166
   at GFHelp.Core.SignaIRClient.<>c.<Loop>b__10_0() in C:\Users\jack\Desktop\CS\GFHelp-Web\GFHelp.Core\SignaIRClient.cs:line 104
   at System.Threading.ExecutionContext.RunInternal(ExecutionContext executionContext, ContextCallback callback, Object state)
--- End of stack trace from previous location where exception was thrown ---
   at System.Threading.Tasks.Task.ExecuteWithThreadLocal(Task& currentTaskSlot)<---
 
